#================= SERVER LOG =================#

Hash: ec37502f1d3938884f50
Version: webpack 4.25.1
Time: 1503ms
Built at: 11/10/2018 9:48:19 PM
  Asset      Size  Chunks             Chunk Names
main.js  1.55 MiB    main  [emitted]  main
Entrypoint main = main.js
[0] ws (ignored) 15 bytes {main} [optional] [built]
[./node_modules/css-loader/index.js!./src/main.css] ./node_modules/css-loader!./src/main.css 996 bytes {main} [built]
[./node_modules/webpack/buildin/amd-options.js] (webpack)/buildin/amd-options.js 80 bytes {main} [built]
[./node_modules/webpack/buildin/global.js] (webpack)/buildin/global.js 489 bytes {main} [built]
[./node_modules/webpack/buildin/module.js] (webpack)/buildin/module.js 497 bytes {main} [built]
[./node_modules/yjs/src sync recursive] ./node_modules/yjs/src sync 160 bytes {main} [built]
[./src/client.js] 4.68 KiB {main} [built]
[./src/editor.js] 1.55 KiB {main} [built]
[./src/main.css] 1.04 KiB {main} [built]
[./src/term.js] 1.08 KiB {main} [built]
[./src/utils.js] 65 bytes {main} [built]
    + 175 hidden modules
Nov 10 2018 21:48:19 GMT-0800 -- Listening on 3000...
Nov 10 2018 21:48:22 GMT-0800 -- [io.on('connection')] socket: [object Object]
Nov 10 2018 21:48:22 GMT-0800 -- [socket.on('initRepl', fn)] language: ruby
Nov 10 2018 21:48:22 GMT-0800 -- [Repl.kill()]
Nov 10 2018 21:48:22 GMT-0800 -- [Repl.init(language = ruby)]
Nov 10 2018 21:48:22 GMT-0800 -- INITIALIZED irb
Nov 10 2018 21:48:22 GMT-0800 -- [Repl.bufferRead(ms = 400)]
Nov 10 2018 21:48:22 GMT-0800 -- [socket.on('joinRoom', fn)] room: spacecraft-repl
User "GkzorLOKBj_GtKJ-AAAA" joins room "spacecraft-repl"
Nov 10 2018 21:48:22 GMT-0800 -- [getInstanceOfY(room)] room: spacecraft-repl
Nov 10 2018 21:48:22 GMT-0800 -- [socket.on('yjsEvent', fn)] msg: [object Object]
Nov 10 2018 21:48:22 GMT-0800 -- [getInstanceOfY(room)] room: spacecraft-repl
Nov 10 2018 21:48:22 GMT-0800 -- [socket.on('yjsEvent', fn)] msg: [object Object]
Nov 10 2018 21:48:22 GMT-0800 -- [getInstanceOfY(room)] room: spacecraft-repl
Nov 10 2018 21:48:22 GMT-0800 -- [socket.on('yjsEvent', fn)] msg: [object Object]
Nov 10 2018 21:48:22 GMT-0800 -- [getInstanceOfY(room)] room: spacecraft-repl
Nov 10 2018 21:48:22 GMT-0800 -- [bufferRead: concatResult(data = >> )]
Nov 10 2018 21:48:22 GMT-0800 -- [Repl.bufferWrite(string, ms): setTimeout()]
Nov 10 2018 21:48:34 GMT-0800 -- [socket.on('disconnect', fn)] Client disconnected
Nov 10 2018 21:48:34 GMT-0800 -- [socket.on('disconnect', fn)]
Nov 10 2018 21:48:34 GMT-0800 -- [getInstanceOfY(room)] room: spacecraft-repl
Nov 10 2018 21:48:34 GMT-0800 -- 0 clients --> Repl.kill()
Nov 10 2018 21:48:34 GMT-0800 -- [Repl.kill()]
Nov 10 2018 21:48:34 GMT-0800 -- [io.on('connection')] socket: [object Object]
Nov 10 2018 21:48:34 GMT-0800 -- [socket.on('initRepl', fn)] language: ruby
Nov 10 2018 21:48:34 GMT-0800 -- [Repl.kill()]
Nov 10 2018 21:48:34 GMT-0800 -- [Repl.init(language = ruby)]
Nov 10 2018 21:48:34 GMT-0800 -- INITIALIZED irb
Nov 10 2018 21:48:34 GMT-0800 -- [Repl.bufferRead(ms = 400)]
Nov 10 2018 21:48:34 GMT-0800 -- [socket.on('joinRoom', fn)] room: spacecraft-repl
User "H-loQd9kMwGBzOB0AAAB" joins room "spacecraft-repl"
Nov 10 2018 21:48:34 GMT-0800 -- [getInstanceOfY(room)] room: spacecraft-repl
Nov 10 2018 21:48:34 GMT-0800 -- [socket.on('yjsEvent', fn)] msg: [object Object]
Nov 10 2018 21:48:34 GMT-0800 -- [getInstanceOfY(room)] room: spacecraft-repl
Nov 10 2018 21:48:34 GMT-0800 -- [socket.on('yjsEvent', fn)] msg: [object Object]
Nov 10 2018 21:48:34 GMT-0800 -- [getInstanceOfY(room)] room: spacecraft-repl
Nov 10 2018 21:48:34 GMT-0800 -- [socket.on('yjsEvent', fn)] msg: [object Object]
Nov 10 2018 21:48:34 GMT-0800 -- [getInstanceOfY(room)] room: spacecraft-repl
Nov 10 2018 21:48:34 GMT-0800 -- [bufferRead: concatResult(data = >> )]
Nov 10 2018 21:48:34 GMT-0800 -- [Repl.bufferWrite(string, ms): setTimeout()]
Nov 10 2018 21:48:41 GMT-0800 -- [socket.on('updateLine', fn)] line: 1
Nov 10 2018 21:48:41 GMT-0800 -- [socket.on('updateLine', fn)] line:
Nov 10 2018 21:48:41 GMT-0800 -- [socket.on('execute', fn)] line: 1, clear: undefined
Nov 10 2018 21:48:41 GMT-0800 -- [Repl.bufferWrite(string = 1, ms = 10)]
Nov 10 2018 21:48:41 GMT-0800 -- [bufferWrite: concatResult(data = 1
)]
Nov 10 2018 21:48:41 GMT-0800 -- [bufferWrite: concatResult(data = 1
>> )]
Nov 10 2018 21:48:41 GMT-0800 -- [emitOutput(output = 1
1
>> )]
Nov 10 2018 21:48:41 GMT-0800 -- [Repl.bufferWrite(string, ms): setTimeout()]




#================= CLIENT LOG =================#


21:48:41.354 client.js:95 Nov 10 2018 21:48:41 GMT-0800 -- [ClientRepl.handleTerminalKeypress(key = 1)]
21:48:41.354 client.js:83 Nov 10 2018 21:48:41 GMT-0800 -- [ClientRepl.emitReplLine()]
21:48:41.574 client.js:102 Nov 10 2018 21:48:41 GMT-0800 -- [ClientRepl.handleTerminalKeydown(event = [object KeyboardEvent])]
21:48:41.574 client.js:109 Nov 10 2018 21:48:41 GMT-0800 -- [ClientRepl.handleEnter()] -- state.line: 1
21:48:41.574 client.js:83 Nov 10 2018 21:48:41 GMT-0800 -- [ClientRepl.emitReplLine()]
21:48:41.575 client.js:73 Nov 10 2018 21:48:41 GMT-0800 -- [ClientRepl.evaluate(line = 1)]
21:48:41.583 client.js:33 Nov 10 2018 21:48:41 GMT-0800 -- [socket.on('output', fn)] output: 1
[0;36m1
>>
21:48:41.584 client.js:36 OUTPUT (3) ["1
", "[0;36m1[0m
", ">> "]
21:48:43.636 client.js:125 Nov 10 2018 21:48:43 GMT-0800 -- [ClientRepl.handleLanguageKeypress(event = [object KeyboardEvent])]
21:48:43.812 client.js:125 Nov 10 2018 21:48:43 GMT-0800 -- [ClientRepl.handleLanguageKeypress(event = [object KeyboardEvent])]
21:48:43.955 client.js:125 Nov 10 2018 21:48:43 GMT-0800 -- [ClientRepl.handleLanguageKeypress(event = [object KeyboardEvent])]
21:48:44.087 client.js:125 Nov 10 2018 21:48:44 GMT-0800 -- [ClientRepl.handleLanguageKeypress(event = [object KeyboardEvent])]
21:48:44.179 client.js:125 Nov 10 2018 21:48:44 GMT-0800 -- [ClientRepl.handleLanguageKeypress(event = [object KeyboardEvent])]
21:48:44.294 client.js:125 Nov 10 2018 21:48:44 GMT-0800 -- [ClientRepl.handleLanguageKeypress(event = [object KeyboardEvent])]
21:48:44.500 client.js:125 Nov 10 2018 21:48:44 GMT-0800 -- [ClientRepl.handleLanguageKeypress(event = [object KeyboardEvent])]
21:48:44.579 client.js:125 Nov 10 2018 21:48:44 GMT-0800 -- [ClientRepl.handleLanguageKeypress(event = [object KeyboardEvent])]
21:48:44.756 client.js:125 Nov 10 2018 21:48:44 GMT-0800 -- [ClientRepl.handleLanguageKeypress(event = [object KeyboardEvent])]
21:48:44.837 client.js:125 Nov 10 2018 21:48:44 GMT-0800 -- [ClientRepl.handleLanguageKeypress(event = [object KeyboardEvent])]
21:48:44.954 client.js:125 Nov 10 2018 21:48:44 GMT-0800 -- [ClientRepl.handleLanguageKeypress(event = [object KeyboardEvent])]
21:48:44.954 client.js:88 Nov 10 2018 21:48:44 GMT-0800 -- [ClientRepl.handleLanguageClick(_event = undefined)]
21:48:44.954 client.js:83 Nov 10 2018 21:48:44 GMT-0800 -- [ClientRepl.emitReplLine()]
21:48:46.352 client.js:95 Nov 10 2018 21:48:46 GMT-0800 -- [ClientRepl.handleTerminalKeypress(key = 1)]
21:48:46.352 client.js:83 Nov 10 2018 21:48:46 GMT-0800 -- [ClientRepl.emitReplLine()]
21:48:46.759 client.js:102 Nov 10 2018 21:48:46 GMT-0800 -- [ClientRepl.handleTerminalKeydown(event = [object KeyboardEvent])]
21:48:46.759 client.js:109 Nov 10 2018 21:48:46 GMT-0800 -- [ClientRepl.handleEnter()] -- state.line: 1
21:48:46.759 client.js:83 Nov 10 2018 21:48:46 GMT-0800 -- [ClientRepl.emitReplLine()]
21:48:46.759 client.js:73 Nov 10 2018 21:48:46 GMT-0800 -- [ClientRepl.evaluate(line = 1)]
21:48:47.130 client.js:95 Nov 10 2018 21:48:47 GMT-0800 -- [ClientRepl.handleTerminalKeypress(key = 2)]
21:48:47.130 client.js:83 Nov 10 2018 21:48:47 GMT-0800 -- [ClientRepl.emitReplLine()]
21:48:47.164 client.js:95 Nov 10 2018 21:48:47 GMT-0800 -- [ClientRepl.handleTerminalKeypress(key = 1)]
21:48:47.165 client.js:83 Nov 10 2018 21:48:47 GMT-0800 -- [ClientRepl.emitReplLine()]
21:48:47.208 client.js:95 Nov 10 2018 21:48:47 GMT-0800 -- [ClientRepl.handleTerminalKeypress(key = 3)]
21:48:47.208 client.js:83 Nov 10 2018 21:48:47 GMT-0800 -- [ClientRepl.emitReplLine()]
21:48:47.342 client.js:102 Nov 10 2018 21:48:47 GMT-0800 -- [ClientRepl.handleTerminalKeydown(event = [object KeyboardEvent])]
21:48:47.342 client.js:109 Nov 10 2018 21:48:47 GMT-0800 -- [ClientRepl.handleEnter()] -- state.line: 213
21:48:47.342 client.js:83 Nov 10 2018 21:48:47 GMT-0800 -- [ClientRepl.emitReplLine()]
21:48:47.342 client.js:73 Nov 10 2018 21:48:47 GMT-0800 -- [ClientRepl.evaluate(line = 213)]
21:48:47.599 client.js:102 Nov 10 2018 21:48:47 GMT-0800 -- [ClientRepl.handleTerminalKeydown(event = [object KeyboardEvent])]
21:48:47.600 client.js:109 Nov 10 2018 21:48:47 GMT-0800 -- [ClientRepl.handleEnter()] -- state.line:
21:48:47.600 client.js:83 Nov 10 2018 21:48:47 GMT-0800 -- [ClientRepl.emitReplLine()]
21:48:47.600 client.js:73 Nov 10 2018 21:48:47 GMT-0800 -- [ClientRepl.evaluate(line = )]
21:48:47.786 client.js:102 Nov 10 2018 21:48:47 GMT-0800 -- [ClientRepl.handleTerminalKeydown(event = [object KeyboardEvent])]
21:48:47.786 client.js:109 Nov 10 2018 21:48:47 GMT-0800 -- [ClientRepl.handleEnter()] -- state.line:
21:48:47.786 client.js:83 Nov 10 2018 21:48:47 GMT-0800 -- [ClientRepl.emitReplLine()]
21:48:47.786 client.js:73 Nov 10 2018 21:48:47 GMT-0800 -- [ClientRepl.evaluate(line = )]
21:49:05.373 client.js:68 Nov 10 2018 21:49:05 GMT-0800 -- [socket.on('disconnect', fn)]
