#================= npm log =================#
# from: $HOME/.npm/_logs/2018-11-11T09_14_52_505Z-debug.log

0 info it worked if it ends with ok
1 verbose cli [ '$HOME/.asdf/installs/nodejs/11.1.0/bin/node',
1 verbose cli   '$HOME/.asdf/installs/nodejs/11.1.0/bin/npm',
1 verbose cli   'start' ]
2 info using npm@6.4.1
3 info using node@v11.1.0
4 verbose run-script [ 'prestart', 'start', 'poststart' ]
5 info lifecycle npm_repl_prototype@1.0.0~prestart: npm_repl_prototype@1.0.0
6 info lifecycle npm_repl_prototype@1.0.0~start: npm_repl_prototype@1.0.0
7 verbose lifecycle npm_repl_prototype@1.0.0~start: unsafe-perm in lifecycle true
8 verbose lifecycle npm_repl_prototype@1.0.0~start: PATH: $HOME/.asdf/installs/nodejs/11.1.0/lib/node_modules/npm/node_modules/npm-lifecycle/node-gyp-bin:$HOME/ls/cap/repl/SpaceCraft/node_modules/.bin:$HOME/.asdf/installs/nodejs/11.1.0/bin:$HOME/.asdf/installs/rust/1.30.0/bin/:$HOME/dasht/bin:$HOME/.asdf/installs/python/3.7.1/bin:$HOME/.asdf/shims:$HOME/.asdf/shims:$HOME/.asdf/bin:/usr/local/sbin:/usr/local/bin:/usr/sbin:/usr/bin:/sbin:/bin:$HOME/.local/bin:$HOME/scripts:$HOME/.cargo/bin:/snap/bin:/$HOME/.fzf/bin
9 verbose lifecycle npm_repl_prototype@1.0.0~start: CWD: $HOME/ls/cap/repl/SpaceCraft
10 silly lifecycle npm_repl_prototype@1.0.0~start: Args: [ '-c', 'webpack --config webpack.config.js && node server.js' ]
11 silly lifecycle npm_repl_prototype@1.0.0~start: Returned: code: 1  signal: null
12 info lifecycle npm_repl_prototype@1.0.0~start: Failed to exec start script
13 verbose stack Error: npm_repl_prototype@1.0.0 start: `webpack --config webpack.config.js && node server.js`
13 verbose stack Exit status 1
13 verbose stack     at EventEmitter.<anonymous> ($HOME/.asdf/installs/nodejs/11.1.0/lib/node_modules/npm/node_modules/npm-lifecycle/index.js:301:16)
13 verbose stack     at EventEmitter.emit (events.js:182:13)
13 verbose stack     at ChildProcess.<anonymous> ($HOME/.asdf/installs/nodejs/11.1.0/lib/node_modules/npm/node_modules/npm-lifecycle/lib/spawn.js:55:14)
13 verbose stack     at ChildProcess.emit (events.js:182:13)
13 verbose stack     at maybeClose (internal/child_process.js:970:16)
13 verbose stack     at Process.ChildProcess._handle.onexit (internal/child_process.js:257:5)
14 verbose pkgid npm_repl_prototype@1.0.0
15 verbose cwd $HOME/ls/cap/repl/SpaceCraft
16 verbose Linux 4.4.0-138-generic
17 verbose argv "$HOME/.asdf/installs/nodejs/11.1.0/bin/node" "$HOME/.asdf/installs/nodejs/11.1.0/bin/npm" "start"
18 verbose node v11.1.0
19 verbose npm  v6.4.1
20 error code ELIFECYCLE
21 error errno 1
22 error npm_repl_prototype@1.0.0 start: `webpack --config webpack.config.js && node server.js`
22 error Exit status 1
23 error Failed at the npm_repl_prototype@1.0.0 start script.
23 error This is probably not a problem with npm. There is likely additional logging output above.
24 verbose exit [ 1, true ]



#================= output from `npm start` command =================#
 --> ~/r/SpaceCraft (server-crash-on-repl-input-bug) ✗ ❯ npm start     

> npm_repl_prototype@1.0.0 start $HOME/ls/cap/repl/SpaceCraft
> webpack --config webpack.config.js && node server.js

Hash: ec37502f1d3938884f50
Version: webpack 4.25.1
Time: 1513ms
Built at: 11/11/2018 1:14:19 AM
  Asset      Size  Chunks             Chunk Names
main.js  1.55 MiB    main  [emitted]  main
Entrypoint main = main.js
[0] ws (ignored) 15 bytes {main} [optional] [built]
[./node_modules/css-loader/index.js!./src/main.css] ./node_modules/css-loader!./src/main.css 996 bytes {main} [built]
[./node_modules/webpack/buildin/amd-options.js] (webpack)/buildin/amd-options.js 80 bytes {main} [built]
[./node_modules/webpack/buildin/global.js] (webpack)/buildin/global.js 489 bytes {main} [built]
[./node_modules/webpack/buildin/module.js] (webpack)/buildin/module.js 497 bytes {main} [built]
[./node_modules/yjs/src sync recursive] ./node_modules/yjs/src sync 160 bytes {main} [built]
[./src/client.js] 4.68 KiB {main} [built]
[./src/editor.js] 1.55 KiB {main} [built]
[./src/main.css] 1.04 KiB {main} [built]
[./src/term.js] 1.08 KiB {main} [built]
[./src/utils.js] 65 bytes {main} [built]
    + 175 hidden modules
Nov 11 2018 01:14:19 GMT-0800 -- Listening on 3000...
Nov 11 2018 01:14:19 GMT-0800 -- [io.on('connection')] socket: [object Object]
Nov 11 2018 01:14:19 GMT-0800 -- [socket.on('initRepl', fn)] language: ruby
Nov 11 2018 01:14:19 GMT-0800 -- [Repl.kill()]
Nov 11 2018 01:14:19 GMT-0800 -- [Repl.init(language = ruby)]
Nov 11 2018 01:14:19 GMT-0800 -- INITIALIZED irb
Nov 11 2018 01:14:19 GMT-0800 -- [Repl.bufferRead(ms = 400)]
Nov 11 2018 01:14:19 GMT-0800 -- [socket.on('joinRoom', fn)] room: spacecraft-repl
User "DlyQgpvCSRDTaluOAAAA" joins room "spacecraft-repl"
Nov 11 2018 01:14:19 GMT-0800 -- [getInstanceOfY(room)] room: spacecraft-repl
Nov 11 2018 01:14:19 GMT-0800 -- [socket.on('yjsEvent', fn)] msg: [object Object]
Nov 11 2018 01:14:19 GMT-0800 -- [getInstanceOfY(room)] room: spacecraft-repl
Nov 11 2018 01:14:19 GMT-0800 -- [socket.on('yjsEvent', fn)] msg: [object Object]
Nov 11 2018 01:14:19 GMT-0800 -- [getInstanceOfY(room)] room: spacecraft-repl
Nov 11 2018 01:14:19 GMT-0800 -- [socket.on('yjsEvent', fn)] msg: [object Object]
Nov 11 2018 01:14:19 GMT-0800 -- [getInstanceOfY(room)] room: spacecraft-repl
Nov 11 2018 01:14:19 GMT-0800 -- [bufferRead: concatResult(data = irb(main):001:0> )]
Nov 11 2018 01:14:20 GMT-0800 -- [Repl.bufferWrite(string, ms): setTimeout()]
Nov 11 2018 01:14:22 GMT-0800 -- [socket.on('updateLine', fn)] line: 
Nov 11 2018 01:14:22 GMT-0800 -- [socket.on('execute', fn)] line: , clear: undefined
Nov 11 2018 01:14:22 GMT-0800 -- [Repl.bufferWrite(string = , ms = 10)]
Nov 11 2018 01:14:22 GMT-0800 -- [bufferWrite: concatResult(data = 
)]
Nov 11 2018 01:14:22 GMT-0800 -- [bufferWrite: concatResult(data = irb(main):002:0> )]
Nov 11 2018 01:14:22 GMT-0800 -- [emitOutput(output = 
irb(main):002:0> )]
Nov 11 2018 01:14:22 GMT-0800 -- [Repl.bufferWrite(string, ms): setTimeout()]
Nov 11 2018 01:14:22 GMT-0800 -- [socket.on('updateLine', fn)] line: 2
Nov 11 2018 01:14:22 GMT-0800 -- [socket.on('updateLine', fn)] line: 
Nov 11 2018 01:14:22 GMT-0800 -- [socket.on('execute', fn)] line: 2, clear: undefined
Nov 11 2018 01:14:22 GMT-0800 -- [Repl.bufferWrite(string = 2, ms = 10)]
Nov 11 2018 01:14:22 GMT-0800 -- [bufferWrite: concatResult(data = 2
)]
Nov 11 2018 01:14:22 GMT-0800 -- [bufferWrite: concatResult(data = => 2
)]
Nov 11 2018 01:14:22 GMT-0800 -- [bufferWrite: concatResult(data = irb(main):003:0> )]
Nov 11 2018 01:14:22 GMT-0800 -- [socket.on('updateLine', fn)] line: 3
Nov 11 2018 01:14:22 GMT-0800 -- [emitOutput(output = 2
=> 2
irb(main):003:0> )]
Nov 11 2018 01:14:22 GMT-0800 -- [Repl.bufferWrite(string, ms): setTimeout()]
Nov 11 2018 01:14:22 GMT-0800 -- [socket.on('updateLine', fn)] line: 33
Nov 11 2018 01:14:22 GMT-0800 -- [socket.on('updateLine', fn)] line: 333
Nov 11 2018 01:14:22 GMT-0800 -- [socket.on('updateLine', fn)] line: 
Nov 11 2018 01:14:22 GMT-0800 -- [socket.on('execute', fn)] line: 333, clear: undefined
Nov 11 2018 01:14:22 GMT-0800 -- [Repl.bufferWrite(string = 333, ms = 10)]
Nov 11 2018 01:14:22 GMT-0800 -- [bufferWrite: concatResult(data = 3)]
Nov 11 2018 01:14:22 GMT-0800 -- [bufferWrite: concatResult(data = 33
)]
Nov 11 2018 01:14:22 GMT-0800 -- [bufferWrite: concatResult(data = => 333
)]
Nov 11 2018 01:14:22 GMT-0800 -- [bufferWrite: concatResult(data = irb(main):004:0> )]
Nov 11 2018 01:14:22 GMT-0800 -- [socket.on('updateLine', fn)] line: 1
Nov 11 2018 01:14:22 GMT-0800 -- [emitOutput(output = 333
=> 333
irb(main):004:0> )]
Nov 11 2018 01:14:22 GMT-0800 -- [Repl.bufferWrite(string, ms): setTimeout()]
Nov 11 2018 01:14:22 GMT-0800 -- [socket.on('updateLine', fn)] line: 12
Nov 11 2018 01:14:23 GMT-0800 -- [socket.on('updateLine', fn)] line: 123
Nov 11 2018 01:14:23 GMT-0800 -- [socket.on('updateLine', fn)] line: 
Nov 11 2018 01:14:23 GMT-0800 -- [socket.on('execute', fn)] line: 123, clear: undefined
Nov 11 2018 01:14:23 GMT-0800 -- [Repl.bufferWrite(string = 123, ms = 10)]
Nov 11 2018 01:14:23 GMT-0800 -- [bufferWrite: concatResult(data = 123
)]
Nov 11 2018 01:14:23 GMT-0800 -- [bufferWrite: concatResult(data = => 123
)]
Nov 11 2018 01:14:23 GMT-0800 -- [bufferWrite: concatResult(data = irb(main):005:0> )]
Nov 11 2018 01:14:23 GMT-0800 -- [socket.on('updateLine', fn)] line: 
Nov 11 2018 01:14:23 GMT-0800 -- [socket.on('execute', fn)] line: , clear: undefined
Nov 11 2018 01:14:23 GMT-0800 -- [Repl.bufferWrite(string = , ms = 10)]
Nov 11 2018 01:14:23 GMT-0800 -- [bufferWrite: concatResult(data = 
)]
Nov 11 2018 01:14:23 GMT-0800 -- [bufferWrite: concatResult(data = 
)]
Nov 11 2018 01:14:23 GMT-0800 -- [bufferWrite: concatResult(data = irb(main):006:0> )]
Nov 11 2018 01:14:23 GMT-0800 -- [bufferWrite: concatResult(data = irb(main):006:0> )]
Nov 11 2018 01:14:23 GMT-0800 -- [Repl.bufferWrite(string, ms): setTimeout()]
Nov 11 2018 01:14:23 GMT-0800 -- [emitOutput(output = 123
=> 123
irb(main):005:0> 
irb(main):006:0> )]
Nov 11 2018 01:14:23 GMT-0800 -- [emitOutput(output = 
irb(main):006:0> )]
Nov 11 2018 01:14:23 GMT-0800 -- [Repl.bufferWrite(string, ms): setTimeout()]
Nov 11 2018 01:14:24 GMT-0800 -- [socket.on('updateLine', fn)] line: 
Nov 11 2018 01:14:24 GMT-0800 -- [socket.on('execute', fn)] line: , clear: undefined
Nov 11 2018 01:14:24 GMT-0800 -- [Repl.bufferWrite(string = , ms = 10)]
Nov 11 2018 01:14:24 GMT-0800 -- [bufferWrite: concatResult(data = 
)]
Nov 11 2018 01:14:24 GMT-0800 -- [bufferWrite: concatResult(data = irb(main):007:0> )]
Nov 11 2018 01:14:24 GMT-0800 -- [socket.on('updateLine', fn)] line: 8
Nov 11 2018 01:14:24 GMT-0800 -- [emitOutput(output = 
irb(main):007:0> )]
Nov 11 2018 01:14:24 GMT-0800 -- [Repl.bufferWrite(string, ms): setTimeout()]
Nov 11 2018 01:14:24 GMT-0800 -- [socket.on('updateLine', fn)] line: 82
Nov 11 2018 01:14:24 GMT-0800 -- [socket.on('updateLine', fn)] line: 
Nov 11 2018 01:14:24 GMT-0800 -- [socket.on('execute', fn)] line: 82, clear: undefined
Nov 11 2018 01:14:24 GMT-0800 -- [Repl.bufferWrite(string = 82, ms = 10)]
Nov 11 2018 01:14:24 GMT-0800 -- [bufferWrite: concatResult(data = 82)]
Nov 11 2018 01:14:24 GMT-0800 -- [bufferWrite: concatResult(data = 
)]
Nov 11 2018 01:14:24 GMT-0800 -- [bufferWrite: concatResult(data = => 82
)]
Nov 11 2018 01:14:24 GMT-0800 -- [bufferWrite: concatResult(data = irb(main):008:0> )]
Nov 11 2018 01:14:24 GMT-0800 -- [socket.on('updateLine', fn)] line: 3
Nov 11 2018 01:14:24 GMT-0800 -- [emitOutput(output = 82
=> 82
irb(main):008:0> )]
Nov 11 2018 01:14:24 GMT-0800 -- [Repl.bufferWrite(string, ms): setTimeout()]
Nov 11 2018 01:14:24 GMT-0800 -- [socket.on('updateLine', fn)] line: 33
Nov 11 2018 01:14:24 GMT-0800 -- [socket.on('updateLine', fn)] line: 333
Nov 11 2018 01:14:24 GMT-0800 -- [socket.on('updateLine', fn)] line: 
Nov 11 2018 01:14:24 GMT-0800 -- [socket.on('execute', fn)] line: 333, clear: undefined
Nov 11 2018 01:14:24 GMT-0800 -- [Repl.bufferWrite(string = 333, ms = 10)]
Nov 11 2018 01:14:24 GMT-0800 -- [bufferWrite: concatResult(data = 333
)]
Nov 11 2018 01:14:24 GMT-0800 -- [bufferWrite: concatResult(data = => 333
)]
Nov 11 2018 01:14:24 GMT-0800 -- [bufferWrite: concatResult(data = irb(main):009:0> )]
Nov 11 2018 01:14:24 GMT-0800 -- [socket.on('updateLine', fn)] line: 1
Nov 11 2018 01:14:24 GMT-0800 -- [emitOutput(output = 333
=> 333
irb(main):009:0> )]
Nov 11 2018 01:14:24 GMT-0800 -- [Repl.bufferWrite(string, ms): setTimeout()]
Nov 11 2018 01:14:24 GMT-0800 -- [socket.on('updateLine', fn)] line: 12
Nov 11 2018 01:14:24 GMT-0800 -- [socket.on('updateLine', fn)] line: 123
Nov 11 2018 01:14:24 GMT-0800 -- [socket.on('updateLine', fn)] line: 
Nov 11 2018 01:14:24 GMT-0800 -- [socket.on('execute', fn)] line: 123, clear: undefined
Nov 11 2018 01:14:24 GMT-0800 -- [Repl.bufferWrite(string = 123, ms = 10)]
Nov 11 2018 01:14:24 GMT-0800 -- [bufferWrite: concatResult(data = 12)]
Nov 11 2018 01:14:24 GMT-0800 -- [bufferWrite: concatResult(data = 3
)]
Nov 11 2018 01:14:24 GMT-0800 -- [bufferWrite: concatResult(data = => 123
)]
Nov 11 2018 01:14:24 GMT-0800 -- [bufferWrite: concatResult(data = irb(main):010:0> )]
Nov 11 2018 01:14:24 GMT-0800 -- [socket.on('updateLine', fn)] line: 
Nov 11 2018 01:14:24 GMT-0800 -- [socket.on('execute', fn)] line: , clear: undefined
Nov 11 2018 01:14:24 GMT-0800 -- [Repl.bufferWrite(string = , ms = 10)]
Nov 11 2018 01:14:24 GMT-0800 -- [bufferWrite: concatResult(data = 
)]
Nov 11 2018 01:14:24 GMT-0800 -- [bufferWrite: concatResult(data = 
)]
Nov 11 2018 01:14:24 GMT-0800 -- [bufferWrite: concatResult(data = irb(main):011:0> )]
Nov 11 2018 01:14:24 GMT-0800 -- [bufferWrite: concatResult(data = irb(main):011:0> )]
Nov 11 2018 01:14:24 GMT-0800 -- [Repl.bufferWrite(string, ms): setTimeout()]
Nov 11 2018 01:14:24 GMT-0800 -- [emitOutput(output = 123
=> 123
irb(main):010:0> 
irb(main):011:0> )]
Nov 11 2018 01:14:24 GMT-0800 -- [emitOutput(output = 
irb(main):011:0> )]
Nov 11 2018 01:14:24 GMT-0800 -- [Repl.bufferWrite(string, ms): setTimeout()]
Nov 11 2018 01:14:25 GMT-0800 -- [socket.on('updateLine', fn)] line: 
Nov 11 2018 01:14:25 GMT-0800 -- [socket.on('execute', fn)] line: , clear: undefined
Nov 11 2018 01:14:25 GMT-0800 -- [Repl.bufferWrite(string = , ms = 10)]
Nov 11 2018 01:14:25 GMT-0800 -- [bufferWrite: concatResult(data = 
)]
Nov 11 2018 01:14:25 GMT-0800 -- [bufferWrite: concatResult(data = irb(main):012:0> )]
Nov 11 2018 01:14:25 GMT-0800 -- [emitOutput(output = 
irb(main):012:0> )]
Nov 11 2018 01:14:25 GMT-0800 -- [Repl.bufferWrite(string, ms): setTimeout()]
Nov 11 2018 01:14:25 GMT-0800 -- [socket.on('updateLine', fn)] line: 2
Nov 11 2018 01:14:25 GMT-0800 -- [socket.on('updateLine', fn)] line: 
Nov 11 2018 01:14:25 GMT-0800 -- [socket.on('execute', fn)] line: 2, clear: undefined
Nov 11 2018 01:14:25 GMT-0800 -- [Repl.bufferWrite(string = 2, ms = 10)]
Nov 11 2018 01:14:25 GMT-0800 -- [bufferWrite: concatResult(data = 2
)]
Nov 11 2018 01:14:25 GMT-0800 -- [bufferWrite: concatResult(data = => 2
)]
Nov 11 2018 01:14:25 GMT-0800 -- [bufferWrite: concatResult(data = irb(main):013:0> )]
Nov 11 2018 01:14:25 GMT-0800 -- [emitOutput(output = 2
=> 2
irb(main):013:0> )]
Nov 11 2018 01:14:25 GMT-0800 -- [socket.on('updateLine', fn)] line: 3
Nov 11 2018 01:14:25 GMT-0800 -- [Repl.bufferWrite(string, ms): setTimeout()]
Nov 11 2018 01:14:25 GMT-0800 -- [socket.on('updateLine', fn)] line: 33
Nov 11 2018 01:14:25 GMT-0800 -- [socket.on('updateLine', fn)] line: 333
Nov 11 2018 01:14:25 GMT-0800 -- [socket.on('updateLine', fn)] line: 
Nov 11 2018 01:14:25 GMT-0800 -- [socket.on('execute', fn)] line: 333, clear: undefined
Nov 11 2018 01:14:25 GMT-0800 -- [Repl.bufferWrite(string = 333, ms = 10)]
Nov 11 2018 01:14:25 GMT-0800 -- [bufferWrite: concatResult(data = 3)]
Nov 11 2018 01:14:25 GMT-0800 -- [bufferWrite: concatResult(data = 33
)]
Nov 11 2018 01:14:25 GMT-0800 -- [bufferWrite: concatResult(data = => 333
)]
Nov 11 2018 01:14:25 GMT-0800 -- [bufferWrite: concatResult(data = irb(main):014:0> )]
Nov 11 2018 01:14:25 GMT-0800 -- [socket.on('updateLine', fn)] line: 1
Nov 11 2018 01:14:25 GMT-0800 -- [emitOutput(output = 333
=> 333
irb(main):014:0> )]
Nov 11 2018 01:14:25 GMT-0800 -- [Repl.bufferWrite(string, ms): setTimeout()]
Nov 11 2018 01:14:25 GMT-0800 -- [socket.on('updateLine', fn)] line: 12
Nov 11 2018 01:14:25 GMT-0800 -- [socket.on('updateLine', fn)] line: 123
Nov 11 2018 01:14:25 GMT-0800 -- [socket.on('updateLine', fn)] line: 
Nov 11 2018 01:14:25 GMT-0800 -- [socket.on('execute', fn)] line: 123, clear: undefined
Nov 11 2018 01:14:25 GMT-0800 -- [Repl.bufferWrite(string = 123, ms = 10)]
Nov 11 2018 01:14:25 GMT-0800 -- [bufferWrite: concatResult(data = 12)]
Nov 11 2018 01:14:25 GMT-0800 -- [bufferWrite: concatResult(data = 3
)]
Nov 11 2018 01:14:25 GMT-0800 -- [bufferWrite: concatResult(data = => 123
)]
Nov 11 2018 01:14:25 GMT-0800 -- [bufferWrite: concatResult(data = irb(main):015:0> )]
Nov 11 2018 01:14:25 GMT-0800 -- [socket.on('updateLine', fn)] line: 
Nov 11 2018 01:14:25 GMT-0800 -- [socket.on('execute', fn)] line: , clear: undefined
Nov 11 2018 01:14:25 GMT-0800 -- [Repl.bufferWrite(string = , ms = 10)]
Nov 11 2018 01:14:25 GMT-0800 -- [bufferWrite: concatResult(data = 
irb(main):016:0> )]
Nov 11 2018 01:14:25 GMT-0800 -- [bufferWrite: concatResult(data = 
irb(main):016:0> )]
Nov 11 2018 01:14:25 GMT-0800 -- [Repl.bufferWrite(string, ms): setTimeout()]
Nov 11 2018 01:14:25 GMT-0800 -- [emitOutput(output = 123
=> 123
irb(main):015:0> 
irb(main):016:0> )]
Nov 11 2018 01:14:25 GMT-0800 -- [emitOutput(output = 
irb(main):016:0> )]
Nov 11 2018 01:14:25 GMT-0800 -- [Repl.bufferWrite(string, ms): setTimeout()]
Nov 11 2018 01:14:26 GMT-0800 -- [socket.on('updateLine', fn)] line: 
Nov 11 2018 01:14:26 GMT-0800 -- [socket.on('execute', fn)] line: , clear: undefined
Nov 11 2018 01:14:26 GMT-0800 -- [Repl.bufferWrite(string = , ms = 10)]
Nov 11 2018 01:14:26 GMT-0800 -- [bufferWrite: concatResult(data = 
)]
Nov 11 2018 01:14:26 GMT-0800 -- [bufferWrite: concatResult(data = irb(main):017:0> )]
Nov 11 2018 01:14:26 GMT-0800 -- [socket.on('updateLine', fn)] line: .
Nov 11 2018 01:14:26 GMT-0800 -- [emitOutput(output = 
irb(main):017:0> )]
Nov 11 2018 01:14:26 GMT-0800 -- [Repl.bufferWrite(string, ms): setTimeout()]
Nov 11 2018 01:14:26 GMT-0800 -- [socket.on('updateLine', fn)] line: .2
Nov 11 2018 01:14:26 GMT-0800 -- [socket.on('updateLine', fn)] line: 
Nov 11 2018 01:14:26 GMT-0800 -- [socket.on('execute', fn)] line: .2, clear: undefined
Nov 11 2018 01:14:26 GMT-0800 -- [Repl.bufferWrite(string = .2, ms = 10)]
Nov 11 2018 01:14:26 GMT-0800 -- [bufferWrite: concatResult(data = .2)]
Nov 11 2018 01:14:26 GMT-0800 -- [bufferWrite: concatResult(data = 
)]
Nov 11 2018 01:14:26 GMT-0800 -- [bufferWrite: concatResult(data = Traceback (most recent call last):
)]
Nov 11 2018 01:14:26 GMT-0800 -- [bufferWrite: concatResult(data =         1: from $HOME/.asdf/installs/ruby/2.5.1/bin/irb:11:in `<main>'
SyntaxError ((irb):17: no .<digit> floating literal anymore; put 0 before dot)
(irb):17: syntax error, unexpected '.'
)]
Nov 11 2018 01:14:26 GMT-0800 -- [bufferWrite: concatResult(data = irb(main):018:0> )]
Nov 11 2018 01:14:26 GMT-0800 -- [socket.on('updateLine', fn)] line: 3
Nov 11 2018 01:14:26 GMT-0800 -- [emitOutput(output = .2
Traceback (most recent call last):
        1: from $HOME/.asdf/installs/ruby/2.5.1/bin/irb:11:in `<main>'
SyntaxError ((irb):17: no .<digit> floating literal anymore; put 0 before dot)
(irb):17: syntax error, unexpected '.'
irb(main):018:0> )]
Nov 11 2018 01:14:26 GMT-0800 -- [Repl.bufferWrite(string, ms): setTimeout()]
Nov 11 2018 01:14:26 GMT-0800 -- [socket.on('updateLine', fn)] line: 33
Nov 11 2018 01:14:26 GMT-0800 -- [socket.on('updateLine', fn)] line: 333
Nov 11 2018 01:14:26 GMT-0800 -- [socket.on('updateLine', fn)] line: 
Nov 11 2018 01:14:26 GMT-0800 -- [socket.on('execute', fn)] line: 333, clear: undefined
Nov 11 2018 01:14:26 GMT-0800 -- [Repl.bufferWrite(string = 333, ms = 10)]
Nov 11 2018 01:14:26 GMT-0800 -- [bufferWrite: concatResult(data = 333
)]
Nov 11 2018 01:14:26 GMT-0800 -- [socket.on('updateLine', fn)] line: 1
Nov 11 2018 01:14:26 GMT-0800 -- [bufferWrite: concatResult(data = => 333
)]
Nov 11 2018 01:14:26 GMT-0800 -- [bufferWrite: concatResult(data = irb(main):019:0> )]
Nov 11 2018 01:14:26 GMT-0800 -- [socket.on('updateLine', fn)] line: 12
Nov 11 2018 01:14:26 GMT-0800 -- [socket.on('updateLine', fn)] line: 123
Nov 11 2018 01:14:26 GMT-0800 -- [emitOutput(output = 333
=> 333
irb(main):019:0> )]
Nov 11 2018 01:14:26 GMT-0800 -- [socket.on('updateLine', fn)] line: 
Nov 11 2018 01:14:26 GMT-0800 -- [Repl.bufferWrite(string, ms): setTimeout()]
Nov 11 2018 01:14:26 GMT-0800 -- [socket.on('execute', fn)] line: 123, clear: undefined
Nov 11 2018 01:14:26 GMT-0800 -- [Repl.bufferWrite(string = 123, ms = 10)]
Nov 11 2018 01:14:26 GMT-0800 -- [bufferWrite: concatResult(data = 12)]
Nov 11 2018 01:14:26 GMT-0800 -- [bufferWrite: concatResult(data = 3
)]
Nov 11 2018 01:14:26 GMT-0800 -- [bufferWrite: concatResult(data = => 123
)]
Nov 11 2018 01:14:26 GMT-0800 -- [bufferWrite: concatResult(data = irb(main):020:0> )]
Nov 11 2018 01:14:26 GMT-0800 -- [emitOutput(output = 123
=> 123
irb(main):020:0> )]
Nov 11 2018 01:14:26 GMT-0800 -- [socket.on('updateLine', fn)] line: 
Nov 11 2018 01:14:26 GMT-0800 -- [socket.on('execute', fn)] line: , clear: undefined
Nov 11 2018 01:14:26 GMT-0800 -- [Repl.bufferWrite(string = , ms = 10)]
Nov 11 2018 01:14:26 GMT-0800 -- [bufferWrite: concatResult(data = 
)]
Nov 11 2018 01:14:26 GMT-0800 -- [bufferWrite: concatResult(data = irb(main):021:0> )]
Nov 11 2018 01:14:26 GMT-0800 -- [Repl.bufferWrite(string, ms): setTimeout()]
Nov 11 2018 01:14:26 GMT-0800 -- [emitOutput(output = 
irb(main):021:0> )]
Nov 11 2018 01:14:26 GMT-0800 -- [Repl.bufferWrite(string, ms): setTimeout()]
Nov 11 2018 01:14:27 GMT-0800 -- [socket.on('updateLine', fn)] line: 
Nov 11 2018 01:14:27 GMT-0800 -- [socket.on('execute', fn)] line: , clear: undefined
Nov 11 2018 01:14:27 GMT-0800 -- [Repl.bufferWrite(string = , ms = 10)]
Nov 11 2018 01:14:27 GMT-0800 -- [bufferWrite: concatResult(data = 
)]
Nov 11 2018 01:14:27 GMT-0800 -- [bufferWrite: concatResult(data = irb(main):022:0> )]
Nov 11 2018 01:14:27 GMT-0800 -- [emitOutput(output = 
irb(main):022:0> )]
Nov 11 2018 01:14:27 GMT-0800 -- [Repl.bufferWrite(string, ms): setTimeout()]
Nov 11 2018 01:14:27 GMT-0800 -- [socket.on('updateLine', fn)] line: 2
Nov 11 2018 01:14:27 GMT-0800 -- [socket.on('updateLine', fn)] line: 
Nov 11 2018 01:14:27 GMT-0800 -- [socket.on('execute', fn)] line: 2, clear: undefined
Nov 11 2018 01:14:27 GMT-0800 -- [Repl.bufferWrite(string = 2, ms = 10)]
Nov 11 2018 01:14:27 GMT-0800 -- [bufferWrite: concatResult(data = 2
)]
Nov 11 2018 01:14:27 GMT-0800 -- [socket.on('updateLine', fn)] line: 3
Nov 11 2018 01:14:27 GMT-0800 -- [bufferWrite: concatResult(data = => 2
irb(main):023:0> )]
Nov 11 2018 01:14:27 GMT-0800 -- [socket.on('updateLine', fn)] line: 33
Nov 11 2018 01:14:27 GMT-0800 -- [emitOutput(output = 2
=> 2
irb(main):023:0> )]
Nov 11 2018 01:14:27 GMT-0800 -- [socket.on('updateLine', fn)] line: 333
Nov 11 2018 01:14:27 GMT-0800 -- [Repl.bufferWrite(string, ms): setTimeout()]
Nov 11 2018 01:14:27 GMT-0800 -- [socket.on('updateLine', fn)] line: 
Nov 11 2018 01:14:27 GMT-0800 -- [socket.on('execute', fn)] line: 333, clear: undefined
Nov 11 2018 01:14:27 GMT-0800 -- [Repl.bufferWrite(string = 333, ms = 10)]
Nov 11 2018 01:14:27 GMT-0800 -- [bufferWrite: concatResult(data = 333
)]
Nov 11 2018 01:14:27 GMT-0800 -- [bufferWrite: concatResult(data = => 333
)]
Nov 11 2018 01:14:27 GMT-0800 -- [bufferWrite: concatResult(data = irb(main):024:0> )]
Nov 11 2018 01:14:27 GMT-0800 -- [emitOutput(output = 333
=> 333
irb(main):024:0> )]
Nov 11 2018 01:14:27 GMT-0800 -- [Repl.bufferWrite(string, ms): setTimeout()]
Nov 11 2018 01:14:27 GMT-0800 -- [socket.on('updateLine', fn)] line: 1
Nov 11 2018 01:14:27 GMT-0800 -- [socket.on('updateLine', fn)] line: 12
Nov 11 2018 01:14:27 GMT-0800 -- [socket.on('updateLine', fn)] line: 123
Nov 11 2018 01:14:27 GMT-0800 -- [socket.on('updateLine', fn)] line: 
Nov 11 2018 01:14:27 GMT-0800 -- [socket.on('execute', fn)] line: 123, clear: undefined
Nov 11 2018 01:14:27 GMT-0800 -- [Repl.bufferWrite(string = 123, ms = 10)]
Nov 11 2018 01:14:27 GMT-0800 -- [bufferWrite: concatResult(data = 123
)]
Nov 11 2018 01:14:27 GMT-0800 -- [socket.on('updateLine', fn)] line: 
Nov 11 2018 01:14:27 GMT-0800 -- [bufferWrite: concatResult(data = => 123
irb(main):025:0> )]
Nov 11 2018 01:14:27 GMT-0800 -- [socket.on('execute', fn)] line: , clear: undefined
Nov 11 2018 01:14:27 GMT-0800 -- [Repl.bufferWrite(string = , ms = 10)]
Nov 11 2018 01:14:27 GMT-0800 -- [bufferWrite: concatResult(data = 
)]
Nov 11 2018 01:14:27 GMT-0800 -- [bufferWrite: concatResult(data = 
)]
Nov 11 2018 01:14:27 GMT-0800 -- [bufferWrite: concatResult(data = irb(main):026:0> )]
Nov 11 2018 01:14:27 GMT-0800 -- [bufferWrite: concatResult(data = irb(main):026:0> )]
Nov 11 2018 01:14:27 GMT-0800 -- [emitOutput(output = 
irb(main):026:0> )]
Nov 11 2018 01:14:27 GMT-0800 -- [emitOutput(output = 123
=> 123
irb(main):025:0> 
irb(main):026:0> )]
Nov 11 2018 01:14:27 GMT-0800 -- [Repl.bufferWrite(string, ms): setTimeout()]
Nov 11 2018 01:14:27 GMT-0800 -- [Repl.bufferWrite(string, ms): setTimeout()]
Nov 11 2018 01:14:28 GMT-0800 -- [socket.on('updateLine', fn)] line: 
Nov 11 2018 01:14:28 GMT-0800 -- [socket.on('execute', fn)] line: , clear: undefined
Nov 11 2018 01:14:28 GMT-0800 -- [Repl.bufferWrite(string = , ms = 10)]
Nov 11 2018 01:14:28 GMT-0800 -- [bufferWrite: concatResult(data = 
)]
Nov 11 2018 01:14:28 GMT-0800 -- [bufferWrite: concatResult(data = irb(main):027:0> )]
Nov 11 2018 01:14:28 GMT-0800 -- [socket.on('updateLine', fn)] line: a
Nov 11 2018 01:14:28 GMT-0800 -- [emitOutput(output = 
irb(main):027:0> )]
Nov 11 2018 01:14:28 GMT-0800 -- [Repl.bufferWrite(string, ms): setTimeout()]
Nov 11 2018 01:14:28 GMT-0800 -- [socket.on('updateLine', fn)] line: a2
Nov 11 2018 01:14:28 GMT-0800 -- [socket.on('updateLine', fn)] line: 
Nov 11 2018 01:14:28 GMT-0800 -- [socket.on('execute', fn)] line: a2, clear: undefined
Nov 11 2018 01:14:28 GMT-0800 -- [Repl.bufferWrite(string = a2, ms = 10)]
Nov 11 2018 01:14:28 GMT-0800 -- [bufferWrite: concatResult(data = a2)]
Nov 11 2018 01:14:28 GMT-0800 -- [bufferWrite: concatResult(data = 
)]
Nov 11 2018 01:14:28 GMT-0800 -- [bufferWrite: concatResult(data = Traceback (most recent call last):
        2: from $HOME/.asdf/installs/ruby/2.5.1/bin/irb:11:in `<main>'
        1: from (irb):27
)]
Nov 11 2018 01:14:28 GMT-0800 -- [bufferWrite: concatResult(data = NameError (undefined local variable or method `a2' for main:Object)
)]
Nov 11 2018 01:14:28 GMT-0800 -- [bufferWrite: concatResult(data = irb(main):028:0> )]
Nov 11 2018 01:14:28 GMT-0800 -- [Repl.bufferWrite(string, ms): setTimeout()]
Nov 11 2018 01:14:28 GMT-0800 -- [emitOutput(output = a2
Traceback (most recent call last):
        2: from $HOME/.asdf/installs/ruby/2.5.1/bin/irb:11:in `<main>'
        1: from (irb):27
NameError (undefined local variable or method `a2' for main:Object)
irb(main):028:0> )]
Nov 11 2018 01:14:28 GMT-0800 -- [socket.on('updateLine', fn)] line: 3
Nov 11 2018 01:14:28 GMT-0800 -- [socket.on('updateLine', fn)] line: 33
Nov 11 2018 01:14:28 GMT-0800 -- [socket.on('updateLine', fn)] line: 333
Nov 11 2018 01:14:28 GMT-0800 -- [socket.on('updateLine', fn)] line: 
Nov 11 2018 01:14:28 GMT-0800 -- [socket.on('execute', fn)] line: 333, clear: undefined
Nov 11 2018 01:14:28 GMT-0800 -- [Repl.bufferWrite(string = 333, ms = 10)]
Nov 11 2018 01:14:28 GMT-0800 -- [bufferWrite: concatResult(data = 333
=> 333
irb(main):029:0> )]
Nov 11 2018 01:14:28 GMT-0800 -- [socket.on('updateLine', fn)] line: 1
Nov 11 2018 01:14:28 GMT-0800 -- [socket.on('updateLine', fn)] line: 12
Nov 11 2018 01:14:28 GMT-0800 -- [emitOutput(output = 333
=> 333
irb(main):029:0> )]
Nov 11 2018 01:14:28 GMT-0800 -- [socket.on('updateLine', fn)] line: 123
Nov 11 2018 01:14:28 GMT-0800 -- [Repl.bufferWrite(string, ms): setTimeout()]
Nov 11 2018 01:14:28 GMT-0800 -- [socket.on('updateLine', fn)] line: 
Nov 11 2018 01:14:28 GMT-0800 -- [socket.on('execute', fn)] line: 123, clear: undefined
Nov 11 2018 01:14:28 GMT-0800 -- [Repl.bufferWrite(string = 123, ms = 10)]
Nov 11 2018 01:14:28 GMT-0800 -- [bufferWrite: concatResult(data = 123
)]
Nov 11 2018 01:14:28 GMT-0800 -- [bufferWrite: concatResult(data = => 123
)]
Nov 11 2018 01:14:28 GMT-0800 -- [bufferWrite: concatResult(data = irb(main):030:0> )]
Nov 11 2018 01:14:28 GMT-0800 -- [emitOutput(output = 123
=> 123
irb(main):030:0> )]
Nov 11 2018 01:14:28 GMT-0800 -- [Repl.bufferWrite(string, ms): setTimeout()]
Nov 11 2018 01:14:28 GMT-0800 -- [socket.on('updateLine', fn)] line: 
Nov 11 2018 01:14:28 GMT-0800 -- [socket.on('execute', fn)] line: , clear: undefined
Nov 11 2018 01:14:28 GMT-0800 -- [Repl.bufferWrite(string = , ms = 10)]
Nov 11 2018 01:14:28 GMT-0800 -- [bufferWrite: concatResult(data = 
)]
Nov 11 2018 01:14:28 GMT-0800 -- [bufferWrite: concatResult(data = irb(main):031:0> )]
Nov 11 2018 01:14:28 GMT-0800 -- [emitOutput(output = 
irb(main):031:0> )]
Nov 11 2018 01:14:28 GMT-0800 -- [Repl.bufferWrite(string, ms): setTimeout()]
Nov 11 2018 01:14:30 GMT-0800 -- [socket.on('updateLine', fn)] line: 
Nov 11 2018 01:14:30 GMT-0800 -- [socket.on('execute', fn)] line: , clear: undefined
Nov 11 2018 01:14:30 GMT-0800 -- [Repl.bufferWrite(string = , ms = 10)]
Nov 11 2018 01:14:30 GMT-0800 -- [bufferWrite: concatResult(data = 
)]
Nov 11 2018 01:14:30 GMT-0800 -- [bufferWrite: concatResult(data = irb(main):032:0> )]
Nov 11 2018 01:14:30 GMT-0800 -- [emitOutput(output = 
irb(main):032:0> )]
Nov 11 2018 01:14:30 GMT-0800 -- [Repl.bufferWrite(string, ms): setTimeout()]
Nov 11 2018 01:14:30 GMT-0800 -- [socket.on('updateLine', fn)] line: 2
Nov 11 2018 01:14:30 GMT-0800 -- [socket.on('updateLine', fn)] line: 
Nov 11 2018 01:14:30 GMT-0800 -- [socket.on('execute', fn)] line: 2, clear: undefined
Nov 11 2018 01:14:30 GMT-0800 -- [Repl.bufferWrite(string = 2, ms = 10)]
Nov 11 2018 01:14:30 GMT-0800 -- [bufferWrite: concatResult(data = 2
)]
Nov 11 2018 01:14:30 GMT-0800 -- [bufferWrite: concatResult(data = => 2
)]
Nov 11 2018 01:14:30 GMT-0800 -- [bufferWrite: concatResult(data = irb(main):033:0> )]
Nov 11 2018 01:14:30 GMT-0800 -- [socket.on('updateLine', fn)] line: 3
Nov 11 2018 01:14:30 GMT-0800 -- [socket.on('updateLine', fn)] line: 33
Nov 11 2018 01:14:30 GMT-0800 -- [emitOutput(output = 2
=> 2
irb(main):033:0> )]
Nov 11 2018 01:14:30 GMT-0800 -- [Repl.bufferWrite(string, ms): setTimeout()]
Nov 11 2018 01:14:30 GMT-0800 -- [socket.on('updateLine', fn)] line: 333
Nov 11 2018 01:14:30 GMT-0800 -- [socket.on('updateLine', fn)] line: 
Nov 11 2018 01:14:30 GMT-0800 -- [socket.on('execute', fn)] line: 333, clear: undefined
Nov 11 2018 01:14:30 GMT-0800 -- [Repl.bufferWrite(string = 333, ms = 10)]
Nov 11 2018 01:14:30 GMT-0800 -- [bufferWrite: concatResult(data = 333
=> 333
irb(main):034:0> )]
Nov 11 2018 01:14:30 GMT-0800 -- [socket.on('updateLine', fn)] line: 1
Nov 11 2018 01:14:30 GMT-0800 -- [socket.on('updateLine', fn)] line: 12
Nov 11 2018 01:14:30 GMT-0800 -- [emitOutput(output = 333
=> 333
irb(main):034:0> )]
Nov 11 2018 01:14:30 GMT-0800 -- [socket.on('updateLine', fn)] line: 123
Nov 11 2018 01:14:30 GMT-0800 -- [Repl.bufferWrite(string, ms): setTimeout()]
Nov 11 2018 01:14:30 GMT-0800 -- [socket.on('updateLine', fn)] line: 
Nov 11 2018 01:14:30 GMT-0800 -- [socket.on('execute', fn)] line: 123, clear: undefined
Nov 11 2018 01:14:30 GMT-0800 -- [Repl.bufferWrite(string = 123, ms = 10)]
Nov 11 2018 01:14:30 GMT-0800 -- [bufferWrite: concatResult(data = 12)]
Nov 11 2018 01:14:30 GMT-0800 -- [bufferWrite: concatResult(data = 3
)]
Nov 11 2018 01:14:30 GMT-0800 -- [bufferWrite: concatResult(data = => 123
)]
Nov 11 2018 01:14:30 GMT-0800 -- [bufferWrite: concatResult(data = irb(main):035:0> )]
Nov 11 2018 01:14:30 GMT-0800 -- [socket.on('updateLine', fn)] line: 
Nov 11 2018 01:14:30 GMT-0800 -- [socket.on('execute', fn)] line: , clear: undefined
Nov 11 2018 01:14:30 GMT-0800 -- [Repl.bufferWrite(string = , ms = 10)]
Nov 11 2018 01:14:30 GMT-0800 -- [bufferWrite: concatResult(data = 
)]
Nov 11 2018 01:14:30 GMT-0800 -- [bufferWrite: concatResult(data = 
)]
Nov 11 2018 01:14:30 GMT-0800 -- [bufferWrite: concatResult(data = irb(main):036:0> )]
Nov 11 2018 01:14:30 GMT-0800 -- [bufferWrite: concatResult(data = irb(main):036:0> )]
Nov 11 2018 01:14:30 GMT-0800 -- [Repl.bufferWrite(string, ms): setTimeout()]
Nov 11 2018 01:14:30 GMT-0800 -- [emitOutput(output = 123
=> 123
irb(main):035:0> 
irb(main):036:0> )]
Nov 11 2018 01:14:30 GMT-0800 -- [emitOutput(output = 
irb(main):036:0> )]
Nov 11 2018 01:14:30 GMT-0800 -- [Repl.bufferWrite(string, ms): setTimeout()]
Nov 11 2018 01:14:31 GMT-0800 -- [socket.on('updateLine', fn)] line: 
Nov 11 2018 01:14:31 GMT-0800 -- [socket.on('execute', fn)] line: , clear: undefined
Nov 11 2018 01:14:31 GMT-0800 -- [Repl.bufferWrite(string = , ms = 10)]
Nov 11 2018 01:14:31 GMT-0800 -- [bufferWrite: concatResult(data = 
irb(main):037:0> )]
Nov 11 2018 01:14:31 GMT-0800 -- [socket.on('updateLine', fn)] line: [
Nov 11 2018 01:14:31 GMT-0800 -- [emitOutput(output = 
irb(main):037:0> )]
Nov 11 2018 01:14:31 GMT-0800 -- [Repl.bufferWrite(string, ms): setTimeout()]
Nov 11 2018 01:14:31 GMT-0800 -- [socket.on('updateLine', fn)] line: [2
Nov 11 2018 01:14:31 GMT-0800 -- [socket.on('updateLine', fn)] line: 
Nov 11 2018 01:14:31 GMT-0800 -- [socket.on('execute', fn)] line: [2, clear: undefined
Nov 11 2018 01:14:31 GMT-0800 -- [Repl.bufferWrite(string = [2, ms = 10)]
Nov 11 2018 01:14:31 GMT-0800 -- [bufferWrite: concatResult(data = [2)]
Nov 11 2018 01:14:31 GMT-0800 -- [bufferWrite: concatResult(data = 
)]
Nov 11 2018 01:14:31 GMT-0800 -- [bufferWrite: concatResult(data = irb(main):038:1> )]
Nov 11 2018 01:14:31 GMT-0800 -- [socket.on('updateLine', fn)] line: 3
Nov 11 2018 01:14:31 GMT-0800 -- [emitOutput(output = [2
irb(main):038:1> )]
Nov 11 2018 01:14:31 GMT-0800 -- [socket.on('updateLine', fn)] line: 33
Nov 11 2018 01:14:31 GMT-0800 -- [Repl.bufferWrite(string, ms): setTimeout()]
Nov 11 2018 01:14:31 GMT-0800 -- [socket.on('updateLine', fn)] line: 333
Nov 11 2018 01:14:31 GMT-0800 -- [socket.on('updateLine', fn)] line: 
Nov 11 2018 01:14:31 GMT-0800 -- [socket.on('execute', fn)] line: 333, clear: undefined
Nov 11 2018 01:14:31 GMT-0800 -- [Repl.bufferWrite(string = 333, ms = 10)]
Nov 11 2018 01:14:31 GMT-0800 -- [bufferWrite: concatResult(data = 3)]
Nov 11 2018 01:14:31 GMT-0800 -- [bufferWrite: concatResult(data = 33
)]
Nov 11 2018 01:14:31 GMT-0800 -- [bufferWrite: concatResult(data = irb(main):039:1> )]
Nov 11 2018 01:14:31 GMT-0800 -- [emitOutput(output = 333
irb(main):039:1> )]
Nov 11 2018 01:14:31 GMT-0800 -- [Repl.bufferWrite(string, ms): setTimeout()]
Nov 11 2018 01:14:31 GMT-0800 -- [socket.on('updateLine', fn)] line: 1
Nov 11 2018 01:14:31 GMT-0800 -- [socket.on('updateLine', fn)] line: 12
Nov 11 2018 01:14:31 GMT-0800 -- [socket.on('updateLine', fn)] line: 123
Nov 11 2018 01:14:31 GMT-0800 -- [socket.on('updateLine', fn)] line: 
Nov 11 2018 01:14:31 GMT-0800 -- [socket.on('execute', fn)] line: 123, clear: undefined
Nov 11 2018 01:14:31 GMT-0800 -- [Repl.bufferWrite(string = 123, ms = 10)]
Nov 11 2018 01:14:31 GMT-0800 -- [bufferWrite: concatResult(data = 123
)]
Nov 11 2018 01:14:31 GMT-0800 -- [socket.on('updateLine', fn)] line: 
Nov 11 2018 01:14:31 GMT-0800 -- [bufferWrite: concatResult(data = irb(main):040:1> )]
Nov 11 2018 01:14:31 GMT-0800 -- [socket.on('execute', fn)] line: , clear: undefined
Nov 11 2018 01:14:31 GMT-0800 -- [Repl.bufferWrite(string = , ms = 10)]
Nov 11 2018 01:14:31 GMT-0800 -- [bufferWrite: concatResult(data = 
)]
Nov 11 2018 01:14:31 GMT-0800 -- [bufferWrite: concatResult(data = 
)]
Nov 11 2018 01:14:31 GMT-0800 -- [bufferWrite: concatResult(data = irb(main):041:1> )]
Nov 11 2018 01:14:31 GMT-0800 -- [bufferWrite: concatResult(data = irb(main):041:1> )]
Nov 11 2018 01:14:31 GMT-0800 -- [emitOutput(output = 
irb(main):041:1> )]
Nov 11 2018 01:14:31 GMT-0800 -- [emitOutput(output = 123
irb(main):040:1> 
irb(main):041:1> )]
Nov 11 2018 01:14:31 GMT-0800 -- [Repl.bufferWrite(string, ms): setTimeout()]
Nov 11 2018 01:14:31 GMT-0800 -- [Repl.bufferWrite(string, ms): setTimeout()]
Nov 11 2018 01:14:32 GMT-0800 -- [socket.on('updateLine', fn)] line: 
Nov 11 2018 01:14:32 GMT-0800 -- [socket.on('execute', fn)] line: , clear: undefined
Nov 11 2018 01:14:32 GMT-0800 -- [Repl.bufferWrite(string = , ms = 10)]
Nov 11 2018 01:14:32 GMT-0800 -- [bufferWrite: concatResult(data = 
)]
Nov 11 2018 01:14:32 GMT-0800 -- [bufferWrite: concatResult(data = irb(main):042:1> )]
Nov 11 2018 01:14:32 GMT-0800 -- [emitOutput(output = 
irb(main):042:1> )]
Nov 11 2018 01:14:32 GMT-0800 -- [Repl.bufferWrite(string, ms): setTimeout()]
Nov 11 2018 01:14:32 GMT-0800 -- [socket.on('updateLine', fn)] line: 2
Nov 11 2018 01:14:32 GMT-0800 -- [socket.on('updateLine', fn)] line: 
Nov 11 2018 01:14:32 GMT-0800 -- [socket.on('execute', fn)] line: 2, clear: undefined
Nov 11 2018 01:14:32 GMT-0800 -- [Repl.bufferWrite(string = 2, ms = 10)]
Nov 11 2018 01:14:32 GMT-0800 -- [bufferWrite: concatResult(data = 2
)]
Nov 11 2018 01:14:32 GMT-0800 -- [bufferWrite: concatResult(data = irb(main):043:1> )]
Nov 11 2018 01:14:32 GMT-0800 -- [socket.on('updateLine', fn)] line: 3
Nov 11 2018 01:14:32 GMT-0800 -- [emitOutput(output = 2
irb(main):043:1> )]
Nov 11 2018 01:14:32 GMT-0800 -- [socket.on('updateLine', fn)] line: 33
Nov 11 2018 01:14:32 GMT-0800 -- [Repl.bufferWrite(string, ms): setTimeout()]
Nov 11 2018 01:14:32 GMT-0800 -- [socket.on('updateLine', fn)] line: 333
Nov 11 2018 01:14:32 GMT-0800 -- [socket.on('updateLine', fn)] line: 
Nov 11 2018 01:14:32 GMT-0800 -- [socket.on('execute', fn)] line: 333, clear: undefined
Nov 11 2018 01:14:32 GMT-0800 -- [Repl.bufferWrite(string = 333, ms = 10)]
Nov 11 2018 01:14:32 GMT-0800 -- [bufferWrite: concatResult(data = 333
)]
Nov 11 2018 01:14:32 GMT-0800 -- [bufferWrite: concatResult(data = irb(main):044:1> )]
Nov 11 2018 01:14:32 GMT-0800 -- [socket.on('updateLine', fn)] line: 1
Nov 11 2018 01:14:32 GMT-0800 -- [emitOutput(output = 333
irb(main):044:1> )]
Nov 11 2018 01:14:32 GMT-0800 -- [Repl.bufferWrite(string, ms): setTimeout()]
Nov 11 2018 01:14:32 GMT-0800 -- [socket.on('updateLine', fn)] line: 12
Nov 11 2018 01:14:32 GMT-0800 -- [socket.on('updateLine', fn)] line: 123
Nov 11 2018 01:14:32 GMT-0800 -- [socket.on('updateLine', fn)] line: 
Nov 11 2018 01:14:32 GMT-0800 -- [socket.on('execute', fn)] line: 123, clear: undefined
Nov 11 2018 01:14:32 GMT-0800 -- [Repl.bufferWrite(string = 123, ms = 10)]
Nov 11 2018 01:14:32 GMT-0800 -- [bufferWrite: concatResult(data = 123
)]
Nov 11 2018 01:14:32 GMT-0800 -- [socket.on('updateLine', fn)] line: 
Nov 11 2018 01:14:32 GMT-0800 -- [bufferWrite: concatResult(data = irb(main):045:1> )]
Nov 11 2018 01:14:32 GMT-0800 -- [socket.on('execute', fn)] line: , clear: undefined
Nov 11 2018 01:14:32 GMT-0800 -- [Repl.bufferWrite(string = , ms = 10)]
Nov 11 2018 01:14:32 GMT-0800 -- [bufferWrite: concatResult(data = 
)]
Nov 11 2018 01:14:32 GMT-0800 -- [bufferWrite: concatResult(data = 
)]
Nov 11 2018 01:14:32 GMT-0800 -- [bufferWrite: concatResult(data = irb(main):046:1> )]
Nov 11 2018 01:14:32 GMT-0800 -- [bufferWrite: concatResult(data = irb(main):046:1> )]
Nov 11 2018 01:14:32 GMT-0800 -- [emitOutput(output = 
irb(main):046:1> )]
Nov 11 2018 01:14:32 GMT-0800 -- [emitOutput(output = 123
irb(main):045:1> 
irb(main):046:1> )]
Nov 11 2018 01:14:32 GMT-0800 -- [Repl.bufferWrite(string, ms): setTimeout()]
Nov 11 2018 01:14:32 GMT-0800 -- [Repl.bufferWrite(string, ms): setTimeout()]
Nov 11 2018 01:14:33 GMT-0800 -- [socket.on('updateLine', fn)] line: 
Nov 11 2018 01:14:33 GMT-0800 -- [socket.on('execute', fn)] line: , clear: undefined
Nov 11 2018 01:14:33 GMT-0800 -- [Repl.bufferWrite(string = , ms = 10)]
Nov 11 2018 01:14:33 GMT-0800 -- [bufferWrite: concatResult(data = 
)]
Nov 11 2018 01:14:33 GMT-0800 -- [bufferWrite: concatResult(data = irb(main):047:1> )]
Nov 11 2018 01:14:33 GMT-0800 -- [socket.on('updateLine', fn)] line: -
Nov 11 2018 01:14:33 GMT-0800 -- [emitOutput(output = 
irb(main):047:1> )]
Nov 11 2018 01:14:33 GMT-0800 -- [socket.on('updateLine', fn)] line: -2
Nov 11 2018 01:14:33 GMT-0800 -- [Repl.bufferWrite(string, ms): setTimeout()]
Nov 11 2018 01:14:33 GMT-0800 -- [socket.on('updateLine', fn)] line: 
Nov 11 2018 01:14:33 GMT-0800 -- [socket.on('execute', fn)] line: -2, clear: undefined
Nov 11 2018 01:14:33 GMT-0800 -- [Repl.bufferWrite(string = -2, ms = 10)]
Nov 11 2018 01:14:33 GMT-0800 -- [bufferWrite: concatResult(data = -2
)]
Nov 11 2018 01:14:33 GMT-0800 -- [socket.on('updateLine', fn)] line: 3
Nov 11 2018 01:14:33 GMT-0800 -- [bufferWrite: concatResult(data = irb(main):048:1> )]
Nov 11 2018 01:14:33 GMT-0800 -- [socket.on('updateLine', fn)] line: 33
Nov 11 2018 01:14:33 GMT-0800 -- [emitOutput(output = -2
irb(main):048:1> )]
Nov 11 2018 01:14:33 GMT-0800 -- [socket.on('updateLine', fn)] line: 333
Nov 11 2018 01:14:33 GMT-0800 -- [Repl.bufferWrite(string, ms): setTimeout()]
Nov 11 2018 01:14:33 GMT-0800 -- [socket.on('updateLine', fn)] line: 
Nov 11 2018 01:14:33 GMT-0800 -- [socket.on('execute', fn)] line: 333, clear: undefined
Nov 11 2018 01:14:33 GMT-0800 -- [Repl.bufferWrite(string = 333, ms = 10)]
Nov 11 2018 01:14:33 GMT-0800 -- [bufferWrite: concatResult(data = 3)]
Nov 11 2018 01:14:33 GMT-0800 -- [bufferWrite: concatResult(data = 33
)]
Nov 11 2018 01:14:33 GMT-0800 -- [bufferWrite: concatResult(data = irb(main):049:1> )]
Nov 11 2018 01:14:33 GMT-0800 -- [emitOutput(output = 333
irb(main):049:1> )]
Nov 11 2018 01:14:33 GMT-0800 -- [socket.on('updateLine', fn)] line: 1
Nov 11 2018 01:14:33 GMT-0800 -- [Repl.bufferWrite(string, ms): setTimeout()]
Nov 11 2018 01:14:33 GMT-0800 -- [socket.on('updateLine', fn)] line: 12
Nov 11 2018 01:14:33 GMT-0800 -- [socket.on('updateLine', fn)] line: 123
Nov 11 2018 01:14:33 GMT-0800 -- [socket.on('updateLine', fn)] line: 
Nov 11 2018 01:14:33 GMT-0800 -- [socket.on('execute', fn)] line: 123, clear: undefined
Nov 11 2018 01:14:33 GMT-0800 -- [Repl.bufferWrite(string = 123, ms = 10)]
Nov 11 2018 01:14:33 GMT-0800 -- [bufferWrite: concatResult(data = 12)]
Nov 11 2018 01:14:33 GMT-0800 -- [bufferWrite: concatResult(data = 3
)]
Nov 11 2018 01:14:33 GMT-0800 -- [bufferWrite: concatResult(data = irb(main):050:1> )]
Nov 11 2018 01:14:33 GMT-0800 -- [emitOutput(output = 123
irb(main):050:1> )]
Nov 11 2018 01:14:33 GMT-0800 -- [socket.on('updateLine', fn)] line: 
Nov 11 2018 01:14:33 GMT-0800 -- [socket.on('execute', fn)] line: , clear: undefined
Nov 11 2018 01:14:33 GMT-0800 -- [Repl.bufferWrite(string = , ms = 10)]
Nov 11 2018 01:14:33 GMT-0800 -- [bufferWrite: concatResult(data = 
)]
Nov 11 2018 01:14:33 GMT-0800 -- [bufferWrite: concatResult(data = irb(main):051:1> )]
Nov 11 2018 01:14:33 GMT-0800 -- [Repl.bufferWrite(string, ms): setTimeout()]
Nov 11 2018 01:14:33 GMT-0800 -- [emitOutput(output = 
irb(main):051:1> )]
Nov 11 2018 01:14:33 GMT-0800 -- [Repl.bufferWrite(string, ms): setTimeout()]
Nov 11 2018 01:14:34 GMT-0800 -- [socket.on('updateLine', fn)] line: 
Nov 11 2018 01:14:34 GMT-0800 -- [socket.on('execute', fn)] line: , clear: undefined
Nov 11 2018 01:14:34 GMT-0800 -- [Repl.bufferWrite(string = , ms = 10)]
Nov 11 2018 01:14:34 GMT-0800 -- [bufferWrite: concatResult(data = 
)]
Nov 11 2018 01:14:34 GMT-0800 -- [bufferWrite: concatResult(data = irb(main):052:1> )]
Nov 11 2018 01:14:34 GMT-0800 -- [socket.on('updateLine', fn)] line: b
Nov 11 2018 01:14:34 GMT-0800 -- [emitOutput(output = 
irb(main):052:1> )]
Nov 11 2018 01:14:34 GMT-0800 -- [socket.on('updateLine', fn)] line: b2
Nov 11 2018 01:14:34 GMT-0800 -- [Repl.bufferWrite(string, ms): setTimeout()]
Nov 11 2018 01:14:34 GMT-0800 -- [socket.on('updateLine', fn)] line: 
Nov 11 2018 01:14:34 GMT-0800 -- [socket.on('execute', fn)] line: b2, clear: undefined
Nov 11 2018 01:14:34 GMT-0800 -- [Repl.bufferWrite(string = b2, ms = 10)]
Nov 11 2018 01:14:34 GMT-0800 -- [bufferWrite: concatResult(data = b)]
Nov 11 2018 01:14:34 GMT-0800 -- [bufferWrite: concatResult(data = 2
)]
Nov 11 2018 01:14:34 GMT-0800 -- [bufferWrite: concatResult(data = irb(main):053:1> )]
Nov 11 2018 01:14:34 GMT-0800 -- [emitOutput(output = b2
irb(main):053:1> )]
Nov 11 2018 01:14:34 GMT-0800 -- [Repl.bufferWrite(string, ms): setTimeout()]
Nov 11 2018 01:14:34 GMT-0800 -- [socket.on('updateLine', fn)] line: 3
Nov 11 2018 01:14:34 GMT-0800 -- [socket.on('updateLine', fn)] line: 33
Nov 11 2018 01:14:34 GMT-0800 -- [socket.on('updateLine', fn)] line: 333
Nov 11 2018 01:14:34 GMT-0800 -- [socket.on('updateLine', fn)] line: 
Nov 11 2018 01:14:34 GMT-0800 -- [socket.on('execute', fn)] line: 333, clear: undefined
Nov 11 2018 01:14:34 GMT-0800 -- [Repl.bufferWrite(string = 333, ms = 10)]
Nov 11 2018 01:14:34 GMT-0800 -- [bufferWrite: concatResult(data = 333
)]
Nov 11 2018 01:14:34 GMT-0800 -- [socket.on('updateLine', fn)] line: 1
Nov 11 2018 01:14:34 GMT-0800 -- [bufferWrite: concatResult(data = irb(main):054:1> )]
Nov 11 2018 01:14:34 GMT-0800 -- [socket.on('updateLine', fn)] line: 12
Nov 11 2018 01:14:34 GMT-0800 -- [emitOutput(output = 333
irb(main):054:1> )]
Nov 11 2018 01:14:34 GMT-0800 -- [socket.on('updateLine', fn)] line: 123
Nov 11 2018 01:14:34 GMT-0800 -- [Repl.bufferWrite(string, ms): setTimeout()]
Nov 11 2018 01:14:34 GMT-0800 -- [socket.on('updateLine', fn)] line: 
Nov 11 2018 01:14:34 GMT-0800 -- [socket.on('execute', fn)] line: 123, clear: undefined
Nov 11 2018 01:14:34 GMT-0800 -- [Repl.bufferWrite(string = 123, ms = 10)]
Nov 11 2018 01:14:34 GMT-0800 -- [bufferWrite: concatResult(data = 123
)]
Nov 11 2018 01:14:34 GMT-0800 -- [bufferWrite: concatResult(data = irb(main):055:1> )]
Nov 11 2018 01:14:34 GMT-0800 -- [socket.on('updateLine', fn)] line: 
Nov 11 2018 01:14:34 GMT-0800 -- [emitOutput(output = 123
irb(main):055:1> )]
Nov 11 2018 01:14:34 GMT-0800 -- [Repl.bufferWrite(string, ms): setTimeout()]
Nov 11 2018 01:14:34 GMT-0800 -- [socket.on('execute', fn)] line: , clear: undefined
Nov 11 2018 01:14:34 GMT-0800 -- [Repl.bufferWrite(string = , ms = 10)]
Nov 11 2018 01:14:34 GMT-0800 -- [bufferWrite: concatResult(data = 
)]
Nov 11 2018 01:14:34 GMT-0800 -- [bufferWrite: concatResult(data = irb(main):056:1> )]
Nov 11 2018 01:14:34 GMT-0800 -- [emitOutput(output = 
irb(main):056:1> )]
Nov 11 2018 01:14:34 GMT-0800 -- [Repl.bufferWrite(string, ms): setTimeout()]
Nov 11 2018 01:14:35 GMT-0800 -- [socket.on('updateLine', fn)] line: 
Nov 11 2018 01:14:35 GMT-0800 -- [socket.on('execute', fn)] line: , clear: undefined
Nov 11 2018 01:14:35 GMT-0800 -- [Repl.bufferWrite(string = , ms = 10)]
Nov 11 2018 01:14:35 GMT-0800 -- [bufferWrite: concatResult(data = 
)]
Nov 11 2018 01:14:35 GMT-0800 -- [bufferWrite: concatResult(data = irb(main):057:1> )]
Nov 11 2018 01:14:35 GMT-0800 -- [emitOutput(output = 
irb(main):057:1> )]
Nov 11 2018 01:14:35 GMT-0800 -- [Repl.bufferWrite(string, ms): setTimeout()]
Nov 11 2018 01:14:35 GMT-0800 -- [socket.on('updateLine', fn)] line: 2
Nov 11 2018 01:14:35 GMT-0800 -- [socket.on('updateLine', fn)] line: 
Nov 11 2018 01:14:35 GMT-0800 -- [socket.on('execute', fn)] line: 2, clear: undefined
Nov 11 2018 01:14:35 GMT-0800 -- [Repl.bufferWrite(string = 2, ms = 10)]
Nov 11 2018 01:14:35 GMT-0800 -- [bufferWrite: concatResult(data = 2
)]
Nov 11 2018 01:14:35 GMT-0800 -- [bufferWrite: concatResult(data = irb(main):058:1> )]
Nov 11 2018 01:14:35 GMT-0800 -- [socket.on('updateLine', fn)] line: 3
Nov 11 2018 01:14:35 GMT-0800 -- [emitOutput(output = 2
irb(main):058:1> )]
Nov 11 2018 01:14:35 GMT-0800 -- [socket.on('updateLine', fn)] line: 33
Nov 11 2018 01:14:35 GMT-0800 -- [Repl.bufferWrite(string, ms): setTimeout()]
Nov 11 2018 01:14:35 GMT-0800 -- [socket.on('updateLine', fn)] line: 333
Nov 11 2018 01:14:35 GMT-0800 -- [socket.on('updateLine', fn)] line: 
Nov 11 2018 01:14:35 GMT-0800 -- [socket.on('execute', fn)] line: 333, clear: undefined
Nov 11 2018 01:14:35 GMT-0800 -- [Repl.bufferWrite(string = 333, ms = 10)]
Nov 11 2018 01:14:35 GMT-0800 -- [bufferWrite: concatResult(data = 333
irb(main):059:1> )]
Nov 11 2018 01:14:35 GMT-0800 -- [emitOutput(output = 333
irb(main):059:1> )]
Nov 11 2018 01:14:35 GMT-0800 -- [Repl.bufferWrite(string, ms): setTimeout()]
Nov 11 2018 01:14:35 GMT-0800 -- [socket.on('updateLine', fn)] line: 1
Nov 11 2018 01:14:35 GMT-0800 -- [socket.on('updateLine', fn)] line: 12
Nov 11 2018 01:14:35 GMT-0800 -- [socket.on('updateLine', fn)] line: 123
Nov 11 2018 01:14:35 GMT-0800 -- [socket.on('updateLine', fn)] line: 
Nov 11 2018 01:14:35 GMT-0800 -- [socket.on('execute', fn)] line: 123, clear: undefined
Nov 11 2018 01:14:35 GMT-0800 -- [Repl.bufferWrite(string = 123, ms = 10)]
Nov 11 2018 01:14:35 GMT-0800 -- [bufferWrite: concatResult(data = 12)]
Nov 11 2018 01:14:35 GMT-0800 -- [bufferWrite: concatResult(data = 3
)]
Nov 11 2018 01:14:35 GMT-0800 -- [bufferWrite: concatResult(data = irb(main):060:1> )]
Nov 11 2018 01:14:35 GMT-0800 -- [socket.on('updateLine', fn)] line: 
Nov 11 2018 01:14:35 GMT-0800 -- [socket.on('execute', fn)] line: , clear: undefined
Nov 11 2018 01:14:35 GMT-0800 -- [Repl.bufferWrite(string = , ms = 10)]
Nov 11 2018 01:14:35 GMT-0800 -- [bufferWrite: concatResult(data = 
)]
Nov 11 2018 01:14:35 GMT-0800 -- [bufferWrite: concatResult(data = 
)]
Nov 11 2018 01:14:35 GMT-0800 -- [bufferWrite: concatResult(data = irb(main):061:1> )]
Nov 11 2018 01:14:35 GMT-0800 -- [bufferWrite: concatResult(data = irb(main):061:1> )]
Nov 11 2018 01:14:36 GMT-0800 -- [emitOutput(output = 
irb(main):061:1> )]
Nov 11 2018 01:14:36 GMT-0800 -- [emitOutput(output = 123
irb(main):060:1> 
irb(main):061:1> )]
Nov 11 2018 01:14:36 GMT-0800 -- [Repl.bufferWrite(string, ms): setTimeout()]
Nov 11 2018 01:14:36 GMT-0800 -- [Repl.bufferWrite(string, ms): setTimeout()]
Nov 11 2018 01:14:37 GMT-0800 -- [socket.on('updateLine', fn)] line: 
Nov 11 2018 01:14:37 GMT-0800 -- [socket.on('execute', fn)] line: , clear: undefined
Nov 11 2018 01:14:37 GMT-0800 -- [Repl.bufferWrite(string = , ms = 10)]
Nov 11 2018 01:14:37 GMT-0800 -- [bufferWrite: concatResult(data = 
)]
Nov 11 2018 01:14:37 GMT-0800 -- [bufferWrite: concatResult(data = irb(main):062:1> )]
Nov 11 2018 01:14:37 GMT-0800 -- [emitOutput(output = 
irb(main):062:1> )]
Nov 11 2018 01:14:37 GMT-0800 -- [Repl.bufferWrite(string, ms): setTimeout()]
Nov 11 2018 01:14:37 GMT-0800 -- [socket.on('updateLine', fn)] line: 2
Nov 11 2018 01:14:37 GMT-0800 -- [socket.on('updateLine', fn)] line: 
Nov 11 2018 01:14:37 GMT-0800 -- [socket.on('execute', fn)] line: 2, clear: undefined
Nov 11 2018 01:14:37 GMT-0800 -- [Repl.bufferWrite(string = 2, ms = 10)]
Nov 11 2018 01:14:37 GMT-0800 -- [bufferWrite: concatResult(data = 2
)]
Nov 11 2018 01:14:37 GMT-0800 -- [bufferWrite: concatResult(data = irb(main):063:1> )]
Nov 11 2018 01:14:37 GMT-0800 -- [socket.on('updateLine', fn)] line: 3
Nov 11 2018 01:14:37 GMT-0800 -- [emitOutput(output = 2
irb(main):063:1> )]
Nov 11 2018 01:14:37 GMT-0800 -- [socket.on('updateLine', fn)] line: 33
Nov 11 2018 01:14:37 GMT-0800 -- [Repl.bufferWrite(string, ms): setTimeout()]
Nov 11 2018 01:14:37 GMT-0800 -- [socket.on('updateLine', fn)] line: 333
Nov 11 2018 01:14:37 GMT-0800 -- [socket.on('updateLine', fn)] line: 
Nov 11 2018 01:14:37 GMT-0800 -- [socket.on('execute', fn)] line: 333, clear: undefined
Nov 11 2018 01:14:37 GMT-0800 -- [Repl.bufferWrite(string = 333, ms = 10)]
Nov 11 2018 01:14:37 GMT-0800 -- [bufferWrite: concatResult(data = 33)]
Nov 11 2018 01:14:37 GMT-0800 -- [bufferWrite: concatResult(data = 3
)]
Nov 11 2018 01:14:37 GMT-0800 -- [bufferWrite: concatResult(data = irb(main):064:1> )]
Nov 11 2018 01:14:37 GMT-0800 -- [emitOutput(output = 333
irb(main):064:1> )]
Nov 11 2018 01:14:37 GMT-0800 -- [Repl.bufferWrite(string, ms): setTimeout()]
Nov 11 2018 01:14:37 GMT-0800 -- [socket.on('updateLine', fn)] line: 1
Nov 11 2018 01:14:37 GMT-0800 -- [socket.on('updateLine', fn)] line: 12
Nov 11 2018 01:14:37 GMT-0800 -- [socket.on('updateLine', fn)] line: 123
Nov 11 2018 01:14:37 GMT-0800 -- [socket.on('updateLine', fn)] line: 
Nov 11 2018 01:14:37 GMT-0800 -- [socket.on('execute', fn)] line: 123, clear: undefined
Nov 11 2018 01:14:37 GMT-0800 -- [Repl.bufferWrite(string = 123, ms = 10)]
Nov 11 2018 01:14:37 GMT-0800 -- [bufferWrite: concatResult(data = 123
)]
Nov 11 2018 01:14:37 GMT-0800 -- [socket.on('updateLine', fn)] line: 
Nov 11 2018 01:14:37 GMT-0800 -- [bufferWrite: concatResult(data = irb(main):065:1> )]
Nov 11 2018 01:14:37 GMT-0800 -- [socket.on('execute', fn)] line: , clear: undefined
Nov 11 2018 01:14:37 GMT-0800 -- [Repl.bufferWrite(string = , ms = 10)]
Nov 11 2018 01:14:37 GMT-0800 -- [bufferWrite: concatResult(data = 
)]
Nov 11 2018 01:14:37 GMT-0800 -- [bufferWrite: concatResult(data = 
)]
Nov 11 2018 01:14:37 GMT-0800 -- [bufferWrite: concatResult(data = irb(main):066:1> )]
Nov 11 2018 01:14:37 GMT-0800 -- [bufferWrite: concatResult(data = irb(main):066:1> )]
Nov 11 2018 01:14:37 GMT-0800 -- [emitOutput(output = 
irb(main):066:1> )]
Nov 11 2018 01:14:37 GMT-0800 -- [emitOutput(output = 123
irb(main):065:1> 
irb(main):066:1> )]
Nov 11 2018 01:14:37 GMT-0800 -- [Repl.bufferWrite(string, ms): setTimeout()]
Nov 11 2018 01:14:37 GMT-0800 -- [Repl.bufferWrite(string, ms): setTimeout()]
Nov 11 2018 01:14:38 GMT-0800 -- [socket.on('updateLine', fn)] line: 
Nov 11 2018 01:14:38 GMT-0800 -- [socket.on('execute', fn)] line: , clear: undefined
Nov 11 2018 01:14:38 GMT-0800 -- [Repl.bufferWrite(string = , ms = 10)]
Nov 11 2018 01:14:38 GMT-0800 -- [bufferWrite: concatResult(data = 
)]
Nov 11 2018 01:14:38 GMT-0800 -- [bufferWrite: concatResult(data = irb(main):067:1> )]
Nov 11 2018 01:14:38 GMT-0800 -- [socket.on('updateLine', fn)] line: 6
Nov 11 2018 01:14:38 GMT-0800 -- [emitOutput(output = 
irb(main):067:1> )]
Nov 11 2018 01:14:38 GMT-0800 -- [Repl.bufferWrite(string, ms): setTimeout()]
Nov 11 2018 01:14:38 GMT-0800 -- [socket.on('updateLine', fn)] line: 62
Nov 11 2018 01:14:38 GMT-0800 -- [socket.on('updateLine', fn)] line: 
Nov 11 2018 01:14:38 GMT-0800 -- [socket.on('execute', fn)] line: 62, clear: undefined
Nov 11 2018 01:14:38 GMT-0800 -- [Repl.bufferWrite(string = 62, ms = 10)]
Nov 11 2018 01:14:38 GMT-0800 -- [bufferWrite: concatResult(data = 62
)]
Nov 11 2018 01:14:38 GMT-0800 -- [socket.on('updateLine', fn)] line: 3
Nov 11 2018 01:14:38 GMT-0800 -- [bufferWrite: concatResult(data = irb(main):068:1> )]
Nov 11 2018 01:14:38 GMT-0800 -- [socket.on('updateLine', fn)] line: 33
Nov 11 2018 01:14:38 GMT-0800 -- [emitOutput(output = 62
irb(main):068:1> )]
Nov 11 2018 01:14:38 GMT-0800 -- [Repl.bufferWrite(string, ms): setTimeout()]
Nov 11 2018 01:14:38 GMT-0800 -- [socket.on('updateLine', fn)] line: 333
Nov 11 2018 01:14:38 GMT-0800 -- [socket.on('updateLine', fn)] line: 
Nov 11 2018 01:14:38 GMT-0800 -- [socket.on('execute', fn)] line: 333, clear: undefined
Nov 11 2018 01:14:38 GMT-0800 -- [Repl.bufferWrite(string = 333, ms = 10)]
Nov 11 2018 01:14:38 GMT-0800 -- [bufferWrite: concatResult(data = 33)]
Nov 11 2018 01:14:38 GMT-0800 -- [bufferWrite: concatResult(data = 3
)]
Nov 11 2018 01:14:38 GMT-0800 -- [bufferWrite: concatResult(data = irb(main):069:1> )]
Nov 11 2018 01:14:38 GMT-0800 -- [socket.on('updateLine', fn)] line: 1
Nov 11 2018 01:14:38 GMT-0800 -- [emitOutput(output = 333
irb(main):069:1> )]
Nov 11 2018 01:14:38 GMT-0800 -- [Repl.bufferWrite(string, ms): setTimeout()]
Nov 11 2018 01:14:38 GMT-0800 -- [socket.on('updateLine', fn)] line: 12
Nov 11 2018 01:14:38 GMT-0800 -- [socket.on('updateLine', fn)] line: 123
Nov 11 2018 01:14:38 GMT-0800 -- [socket.on('updateLine', fn)] line: 
Nov 11 2018 01:14:38 GMT-0800 -- [socket.on('execute', fn)] line: 123, clear: undefined
Nov 11 2018 01:14:38 GMT-0800 -- [Repl.bufferWrite(string = 123, ms = 10)]
Nov 11 2018 01:14:38 GMT-0800 -- [bufferWrite: concatResult(data = 123
irb(main):070:1> )]
Nov 11 2018 01:14:38 GMT-0800 -- [socket.on('updateLine', fn)] line: 
Nov 11 2018 01:14:38 GMT-0800 -- [socket.on('execute', fn)] line: , clear: undefined
Nov 11 2018 01:14:38 GMT-0800 -- [Repl.bufferWrite(string = , ms = 10)]
Nov 11 2018 01:14:38 GMT-0800 -- [bufferWrite: concatResult(data = 
)]
Nov 11 2018 01:14:38 GMT-0800 -- [bufferWrite: concatResult(data = 
)]
Nov 11 2018 01:14:38 GMT-0800 -- [bufferWrite: concatResult(data = irb(main):071:1> )]
Nov 11 2018 01:14:38 GMT-0800 -- [bufferWrite: concatResult(data = irb(main):071:1> )]
Nov 11 2018 01:14:38 GMT-0800 -- [emitOutput(output = 
irb(main):071:1> )]
Nov 11 2018 01:14:38 GMT-0800 -- [emitOutput(output = 123
irb(main):070:1> 
irb(main):071:1> )]
Nov 11 2018 01:14:38 GMT-0800 -- [Repl.bufferWrite(string, ms): setTimeout()]
Nov 11 2018 01:14:38 GMT-0800 -- [Repl.bufferWrite(string, ms): setTimeout()]
Nov 11 2018 01:14:39 GMT-0800 -- [socket.on('updateLine', fn)] line: 
Nov 11 2018 01:14:39 GMT-0800 -- [socket.on('execute', fn)] line: , clear: undefined
Nov 11 2018 01:14:39 GMT-0800 -- [Repl.bufferWrite(string = , ms = 10)]
Nov 11 2018 01:14:39 GMT-0800 -- [bufferWrite: concatResult(data = 
)]
Nov 11 2018 01:14:39 GMT-0800 -- [bufferWrite: concatResult(data = irb(main):072:1> )]
Nov 11 2018 01:14:39 GMT-0800 -- [emitOutput(output = 
irb(main):072:1> )]
Nov 11 2018 01:14:39 GMT-0800 -- [Repl.bufferWrite(string, ms): setTimeout()]
Nov 11 2018 01:14:39 GMT-0800 -- [socket.on('updateLine', fn)] line: 2
Nov 11 2018 01:14:39 GMT-0800 -- [socket.on('updateLine', fn)] line: 
Nov 11 2018 01:14:39 GMT-0800 -- [socket.on('execute', fn)] line: 2, clear: undefined
Nov 11 2018 01:14:39 GMT-0800 -- [Repl.bufferWrite(string = 2, ms = 10)]
Nov 11 2018 01:14:39 GMT-0800 -- [bufferWrite: concatResult(data = 2
)]
Nov 11 2018 01:14:39 GMT-0800 -- [bufferWrite: concatResult(data = irb(main):073:1> )]
Nov 11 2018 01:14:39 GMT-0800 -- [socket.on('updateLine', fn)] line: 3
Nov 11 2018 01:14:39 GMT-0800 -- [emitOutput(output = 2
irb(main):073:1> )]
Nov 11 2018 01:14:39 GMT-0800 -- [socket.on('updateLine', fn)] line: 33
Nov 11 2018 01:14:39 GMT-0800 -- [Repl.bufferWrite(string, ms): setTimeout()]
Nov 11 2018 01:14:39 GMT-0800 -- [socket.on('updateLine', fn)] line: 333
Nov 11 2018 01:14:39 GMT-0800 -- [socket.on('updateLine', fn)] line: 
Nov 11 2018 01:14:39 GMT-0800 -- [socket.on('execute', fn)] line: 333, clear: undefined
Nov 11 2018 01:14:39 GMT-0800 -- [Repl.bufferWrite(string = 333, ms = 10)]
Nov 11 2018 01:14:39 GMT-0800 -- [bufferWrite: concatResult(data = 333
irb(main):074:1> )]
Nov 11 2018 01:14:39 GMT-0800 -- [socket.on('updateLine', fn)] line: 1
Nov 11 2018 01:14:39 GMT-0800 -- [emitOutput(output = 333
irb(main):074:1> )]
Nov 11 2018 01:14:39 GMT-0800 -- [socket.on('updateLine', fn)] line: 12
Nov 11 2018 01:14:39 GMT-0800 -- [Repl.bufferWrite(string, ms): setTimeout()]
Nov 11 2018 01:14:39 GMT-0800 -- [socket.on('updateLine', fn)] line: 123
Nov 11 2018 01:14:39 GMT-0800 -- [socket.on('updateLine', fn)] line: 
Nov 11 2018 01:14:39 GMT-0800 -- [socket.on('execute', fn)] line: 123, clear: undefined
Nov 11 2018 01:14:39 GMT-0800 -- [Repl.bufferWrite(string = 123, ms = 10)]
Nov 11 2018 01:14:39 GMT-0800 -- [bufferWrite: concatResult(data = 123
)]
Nov 11 2018 01:14:39 GMT-0800 -- [bufferWrite: concatResult(data = irb(main):075:1> )]
Nov 11 2018 01:14:39 GMT-0800 -- [emitOutput(output = 123
irb(main):075:1> )]
Nov 11 2018 01:14:39 GMT-0800 -- [Repl.bufferWrite(string, ms): setTimeout()]
Nov 11 2018 01:14:39 GMT-0800 -- [socket.on('updateLine', fn)] line: 
Nov 11 2018 01:14:39 GMT-0800 -- [socket.on('execute', fn)] line: , clear: undefined
Nov 11 2018 01:14:39 GMT-0800 -- [Repl.bufferWrite(string = , ms = 10)]
Nov 11 2018 01:14:39 GMT-0800 -- [bufferWrite: concatResult(data = 
)]
Nov 11 2018 01:14:39 GMT-0800 -- [bufferWrite: concatResult(data = irb(main):076:1> )]
Nov 11 2018 01:14:39 GMT-0800 -- [emitOutput(output = 
irb(main):076:1> )]
Nov 11 2018 01:14:39 GMT-0800 -- [Repl.bufferWrite(string, ms): setTimeout()]
Nov 11 2018 01:14:40 GMT-0800 -- [socket.on('updateLine', fn)] line: 
Nov 11 2018 01:14:40 GMT-0800 -- [socket.on('execute', fn)] line: , clear: undefined
Nov 11 2018 01:14:40 GMT-0800 -- [Repl.bufferWrite(string = , ms = 10)]
Nov 11 2018 01:14:40 GMT-0800 -- [bufferWrite: concatResult(data = 
)]
Nov 11 2018 01:14:40 GMT-0800 -- [bufferWrite: concatResult(data = irb(main):077:1> )]
Nov 11 2018 01:14:40 GMT-0800 -- [socket.on('updateLine', fn)] line: 1
Nov 11 2018 01:14:40 GMT-0800 -- [emitOutput(output = 
irb(main):077:1> )]
Nov 11 2018 01:14:40 GMT-0800 -- [Repl.bufferWrite(string, ms): setTimeout()]
Nov 11 2018 01:14:40 GMT-0800 -- [socket.on('updateLine', fn)] line: 12
Nov 11 2018 01:14:40 GMT-0800 -- [socket.on('updateLine', fn)] line: 
Nov 11 2018 01:14:40 GMT-0800 -- [socket.on('execute', fn)] line: 12, clear: undefined
Nov 11 2018 01:14:40 GMT-0800 -- [Repl.bufferWrite(string = 12, ms = 10)]
Nov 11 2018 01:14:40 GMT-0800 -- [bufferWrite: concatResult(data = 12
)]
Nov 11 2018 01:14:40 GMT-0800 -- [socket.on('updateLine', fn)] line: 3
Nov 11 2018 01:14:40 GMT-0800 -- [bufferWrite: concatResult(data = irb(main):078:1> )]
Nov 11 2018 01:14:40 GMT-0800 -- [socket.on('updateLine', fn)] line: 33
Nov 11 2018 01:14:40 GMT-0800 -- [socket.on('updateLine', fn)] line: 333
Nov 11 2018 01:14:40 GMT-0800 -- [emitOutput(output = 12
irb(main):078:1> )]
Nov 11 2018 01:14:40 GMT-0800 -- [Repl.bufferWrite(string, ms): setTimeout()]
Nov 11 2018 01:14:40 GMT-0800 -- [socket.on('updateLine', fn)] line: 
Nov 11 2018 01:14:40 GMT-0800 -- [socket.on('execute', fn)] line: 333, clear: undefined
Nov 11 2018 01:14:40 GMT-0800 -- [Repl.bufferWrite(string = 333, ms = 10)]
Nov 11 2018 01:14:40 GMT-0800 -- [bufferWrite: concatResult(data = 333)]
Nov 11 2018 01:14:40 GMT-0800 -- [bufferWrite: concatResult(data = 
)]
Nov 11 2018 01:14:40 GMT-0800 -- [bufferWrite: concatResult(data = irb(main):079:1> )]
Nov 11 2018 01:14:40 GMT-0800 -- [socket.on('updateLine', fn)] line: 1
Nov 11 2018 01:14:40 GMT-0800 -- [emitOutput(output = 333
irb(main):079:1> )]
Nov 11 2018 01:14:40 GMT-0800 -- [Repl.bufferWrite(string, ms): setTimeout()]
Nov 11 2018 01:14:40 GMT-0800 -- [socket.on('updateLine', fn)] line: 12
Nov 11 2018 01:14:40 GMT-0800 -- [socket.on('updateLine', fn)] line: 123
Nov 11 2018 01:14:40 GMT-0800 -- [socket.on('updateLine', fn)] line: 
Nov 11 2018 01:14:40 GMT-0800 -- [socket.on('execute', fn)] line: 123, clear: undefined
Nov 11 2018 01:14:40 GMT-0800 -- [Repl.bufferWrite(string = 123, ms = 10)]
Nov 11 2018 01:14:40 GMT-0800 -- [bufferWrite: concatResult(data = 123)]
Nov 11 2018 01:14:40 GMT-0800 -- [bufferWrite: concatResult(data = 
)]
Nov 11 2018 01:14:40 GMT-0800 -- [bufferWrite: concatResult(data = irb(main):080:1> )]
Nov 11 2018 01:14:40 GMT-0800 -- [emitOutput(output = 123
irb(main):080:1> )]
Nov 11 2018 01:14:40 GMT-0800 -- [Repl.bufferWrite(string, ms): setTimeout()]
Nov 11 2018 01:14:40 GMT-0800 -- [socket.on('updateLine', fn)] line: 
Nov 11 2018 01:14:40 GMT-0800 -- [socket.on('execute', fn)] line: , clear: undefined
Nov 11 2018 01:14:40 GMT-0800 -- [Repl.bufferWrite(string = , ms = 10)]
Nov 11 2018 01:14:40 GMT-0800 -- [bufferWrite: concatResult(data = 
)]
Nov 11 2018 01:14:40 GMT-0800 -- [bufferWrite: concatResult(data = irb(main):081:1> )]
Nov 11 2018 01:14:40 GMT-0800 -- [emitOutput(output = 
irb(main):081:1> )]
Nov 11 2018 01:14:40 GMT-0800 -- [Repl.bufferWrite(string, ms): setTimeout()]
Nov 11 2018 01:14:41 GMT-0800 -- [socket.on('updateLine', fn)] line: 
Nov 11 2018 01:14:41 GMT-0800 -- [socket.on('execute', fn)] line: , clear: undefined
Nov 11 2018 01:14:41 GMT-0800 -- [Repl.bufferWrite(string = , ms = 10)]
Nov 11 2018 01:14:41 GMT-0800 -- [bufferWrite: concatResult(data = 
)]
Nov 11 2018 01:14:41 GMT-0800 -- [bufferWrite: concatResult(data = irb(main):082:1> )]
Nov 11 2018 01:14:41 GMT-0800 -- [emitOutput(output = 
irb(main):082:1> )]
Nov 11 2018 01:14:41 GMT-0800 -- [Repl.bufferWrite(string, ms): setTimeout()]
Nov 11 2018 01:14:41 GMT-0800 -- [socket.on('updateLine', fn)] line: 2
Nov 11 2018 01:14:41 GMT-0800 -- [socket.on('updateLine', fn)] line: 
Nov 11 2018 01:14:41 GMT-0800 -- [socket.on('execute', fn)] line: 2, clear: undefined
Nov 11 2018 01:14:41 GMT-0800 -- [Repl.bufferWrite(string = 2, ms = 10)]
Nov 11 2018 01:14:41 GMT-0800 -- [bufferWrite: concatResult(data = 2
)]
Nov 11 2018 01:14:41 GMT-0800 -- [bufferWrite: concatResult(data = irb(main):083:1> )]
Nov 11 2018 01:14:41 GMT-0800 -- [emitOutput(output = 2
irb(main):083:1> )]
Nov 11 2018 01:14:41 GMT-0800 -- [Repl.bufferWrite(string, ms): setTimeout()]
Nov 11 2018 01:14:41 GMT-0800 -- [socket.on('updateLine', fn)] line: 3
Nov 11 2018 01:14:41 GMT-0800 -- [socket.on('updateLine', fn)] line: 33
Nov 11 2018 01:14:41 GMT-0800 -- [socket.on('updateLine', fn)] line: 333
Nov 11 2018 01:14:41 GMT-0800 -- [socket.on('updateLine', fn)] line: 
Nov 11 2018 01:14:41 GMT-0800 -- [socket.on('execute', fn)] line: 333, clear: undefined
Nov 11 2018 01:14:41 GMT-0800 -- [Repl.bufferWrite(string = 333, ms = 10)]
Nov 11 2018 01:14:41 GMT-0800 -- [bufferWrite: concatResult(data = 333
)]
Nov 11 2018 01:14:41 GMT-0800 -- [socket.on('updateLine', fn)] line: 1
Nov 11 2018 01:14:41 GMT-0800 -- [bufferWrite: concatResult(data = irb(main):084:1> )]
Nov 11 2018 01:14:41 GMT-0800 -- [emitOutput(output = 333
irb(main):084:1> )]
Nov 11 2018 01:14:41 GMT-0800 -- [socket.on('updateLine', fn)] line: 12
Nov 11 2018 01:14:41 GMT-0800 -- [Repl.bufferWrite(string, ms): setTimeout()]
Nov 11 2018 01:14:41 GMT-0800 -- [socket.on('updateLine', fn)] line: 123
Nov 11 2018 01:14:41 GMT-0800 -- [socket.on('updateLine', fn)] line: 
Nov 11 2018 01:14:41 GMT-0800 -- [socket.on('execute', fn)] line: 123, clear: undefined
Nov 11 2018 01:14:41 GMT-0800 -- [Repl.bufferWrite(string = 123, ms = 10)]
Nov 11 2018 01:14:41 GMT-0800 -- [bufferWrite: concatResult(data = 1)]
Nov 11 2018 01:14:41 GMT-0800 -- [bufferWrite: concatResult(data = 23
)]
Nov 11 2018 01:14:41 GMT-0800 -- [bufferWrite: concatResult(data = irb(main):085:1> )]
Nov 11 2018 01:14:41 GMT-0800 -- [emitOutput(output = 123
irb(main):085:1> )]
Nov 11 2018 01:14:41 GMT-0800 -- [Repl.bufferWrite(string, ms): setTimeout()]
Nov 11 2018 01:14:41 GMT-0800 -- [socket.on('updateLine', fn)] line: 
Nov 11 2018 01:14:41 GMT-0800 -- [socket.on('execute', fn)] line: , clear: undefined
Nov 11 2018 01:14:41 GMT-0800 -- [Repl.bufferWrite(string = , ms = 10)]
Nov 11 2018 01:14:41 GMT-0800 -- [bufferWrite: concatResult(data = 
)]
Nov 11 2018 01:14:41 GMT-0800 -- [bufferWrite: concatResult(data = irb(main):086:1> )]
Nov 11 2018 01:14:41 GMT-0800 -- [emitOutput(output = 
irb(main):086:1> )]
Nov 11 2018 01:14:41 GMT-0800 -- [Repl.bufferWrite(string, ms): setTimeout()]
Nov 11 2018 01:14:43 GMT-0800 -- [socket.on('updateLine', fn)] line: 
Nov 11 2018 01:14:43 GMT-0800 -- [socket.on('execute', fn)] line: , clear: undefined
Nov 11 2018 01:14:43 GMT-0800 -- [Repl.bufferWrite(string = , ms = 10)]
Nov 11 2018 01:14:43 GMT-0800 -- [bufferWrite: concatResult(data = 
)]
Nov 11 2018 01:14:43 GMT-0800 -- [bufferWrite: concatResult(data = irb(main):087:1> )]
Nov 11 2018 01:14:43 GMT-0800 -- [emitOutput(output = 
irb(main):087:1> )]
Nov 11 2018 01:14:43 GMT-0800 -- [Repl.bufferWrite(string, ms): setTimeout()]
Nov 11 2018 01:14:43 GMT-0800 -- [socket.on('updateLine', fn)] line: 2
Nov 11 2018 01:14:43 GMT-0800 -- [socket.on('updateLine', fn)] line: 
Nov 11 2018 01:14:43 GMT-0800 -- [socket.on('execute', fn)] line: 2, clear: undefined
Nov 11 2018 01:14:43 GMT-0800 -- [Repl.bufferWrite(string = 2, ms = 10)]
Nov 11 2018 01:14:43 GMT-0800 -- [bufferWrite: concatResult(data = 2
irb(main):088:1> )]
Nov 11 2018 01:14:43 GMT-0800 -- [socket.on('updateLine', fn)] line: 3
Nov 11 2018 01:14:43 GMT-0800 -- [emitOutput(output = 2
irb(main):088:1> )]
Nov 11 2018 01:14:43 GMT-0800 -- [socket.on('updateLine', fn)] line: 33
Nov 11 2018 01:14:43 GMT-0800 -- [Repl.bufferWrite(string, ms): setTimeout()]
Nov 11 2018 01:14:43 GMT-0800 -- [socket.on('updateLine', fn)] line: 333
Nov 11 2018 01:14:43 GMT-0800 -- [socket.on('updateLine', fn)] line: 
Nov 11 2018 01:14:43 GMT-0800 -- [socket.on('execute', fn)] line: 333, clear: undefined
Nov 11 2018 01:14:43 GMT-0800 -- [Repl.bufferWrite(string = 333, ms = 10)]
Nov 11 2018 01:14:43 GMT-0800 -- [bufferWrite: concatResult(data = 333
)]
Nov 11 2018 01:14:43 GMT-0800 -- [socket.on('updateLine', fn)] line: 1
Nov 11 2018 01:14:43 GMT-0800 -- [bufferWrite: concatResult(data = irb(main):089:1> )]
Nov 11 2018 01:14:43 GMT-0800 -- [socket.on('updateLine', fn)] line: 12
Nov 11 2018 01:14:43 GMT-0800 -- [socket.on('updateLine', fn)] line: 123
Nov 11 2018 01:14:43 GMT-0800 -- [emitOutput(output = 333
irb(main):089:1> )]
Nov 11 2018 01:14:43 GMT-0800 -- [Repl.bufferWrite(string, ms): setTimeout()]
Nov 11 2018 01:14:43 GMT-0800 -- [socket.on('updateLine', fn)] line: 
Nov 11 2018 01:14:43 GMT-0800 -- [socket.on('execute', fn)] line: 123, clear: undefined
Nov 11 2018 01:14:43 GMT-0800 -- [Repl.bufferWrite(string = 123, ms = 10)]
Nov 11 2018 01:14:43 GMT-0800 -- [bufferWrite: concatResult(data = 123
)]
Nov 11 2018 01:14:43 GMT-0800 -- [bufferWrite: concatResult(data = irb(main):090:1> )]
Nov 11 2018 01:14:43 GMT-0800 -- [socket.on('updateLine', fn)] line: 
Nov 11 2018 01:14:43 GMT-0800 -- [socket.on('execute', fn)] line: , clear: undefined
Nov 11 2018 01:14:43 GMT-0800 -- [Repl.bufferWrite(string = , ms = 10)]
Nov 11 2018 01:14:43 GMT-0800 -- [bufferWrite: concatResult(data = 
)]
Nov 11 2018 01:14:43 GMT-0800 -- [bufferWrite: concatResult(data = 
)]
Nov 11 2018 01:14:43 GMT-0800 -- [bufferWrite: concatResult(data = irb(main):091:1> )]
Nov 11 2018 01:14:43 GMT-0800 -- [bufferWrite: concatResult(data = irb(main):091:1> )]
Nov 11 2018 01:14:43 GMT-0800 -- [Repl.bufferWrite(string, ms): setTimeout()]
Nov 11 2018 01:14:43 GMT-0800 -- [emitOutput(output = 123
irb(main):090:1> 
irb(main):091:1> )]
Nov 11 2018 01:14:43 GMT-0800 -- [emitOutput(output = 
irb(main):091:1> )]
Nov 11 2018 01:14:43 GMT-0800 -- [Repl.bufferWrite(string, ms): setTimeout()]
Nov 11 2018 01:14:44 GMT-0800 -- [socket.on('updateLine', fn)] line: 
Nov 11 2018 01:14:44 GMT-0800 -- [socket.on('execute', fn)] line: , clear: undefined
Nov 11 2018 01:14:44 GMT-0800 -- [Repl.bufferWrite(string = , ms = 10)]
Nov 11 2018 01:14:44 GMT-0800 -- [bufferWrite: concatResult(data = 
)]
Nov 11 2018 01:14:44 GMT-0800 -- [bufferWrite: concatResult(data = irb(main):092:1> )]
Nov 11 2018 01:14:44 GMT-0800 -- [emitOutput(output = 
irb(main):092:1> )]
Nov 11 2018 01:14:44 GMT-0800 -- [Repl.bufferWrite(string, ms): setTimeout()]
Nov 11 2018 01:14:44 GMT-0800 -- [socket.on('updateLine', fn)] line: 2
Nov 11 2018 01:14:44 GMT-0800 -- [socket.on('updateLine', fn)] line: 
Nov 11 2018 01:14:44 GMT-0800 -- [socket.on('execute', fn)] line: 2, clear: undefined
Nov 11 2018 01:14:44 GMT-0800 -- [Repl.bufferWrite(string = 2, ms = 10)]
Nov 11 2018 01:14:44 GMT-0800 -- [bufferWrite: concatResult(data = 2
)]
Nov 11 2018 01:14:44 GMT-0800 -- [bufferWrite: concatResult(data = irb(main):093:1> )]
Nov 11 2018 01:14:44 GMT-0800 -- [socket.on('updateLine', fn)] line: 3
Nov 11 2018 01:14:44 GMT-0800 -- [emitOutput(output = 2
irb(main):093:1> )]
Nov 11 2018 01:14:44 GMT-0800 -- [socket.on('updateLine', fn)] line: 33
Nov 11 2018 01:14:44 GMT-0800 -- [Repl.bufferWrite(string, ms): setTimeout()]
Nov 11 2018 01:14:44 GMT-0800 -- [socket.on('updateLine', fn)] line: 333
Nov 11 2018 01:14:44 GMT-0800 -- [socket.on('updateLine', fn)] line: 
Nov 11 2018 01:14:44 GMT-0800 -- [socket.on('execute', fn)] line: 333, clear: undefined
Nov 11 2018 01:14:44 GMT-0800 -- [Repl.bufferWrite(string = 333, ms = 10)]
Nov 11 2018 01:14:44 GMT-0800 -- [bufferWrite: concatResult(data = 333
)]
Nov 11 2018 01:14:44 GMT-0800 -- [bufferWrite: concatResult(data = irb(main):094:1> )]
Nov 11 2018 01:14:44 GMT-0800 -- [emitOutput(output = 333
irb(main):094:1> )]
Nov 11 2018 01:14:44 GMT-0800 -- [Repl.bufferWrite(string, ms): setTimeout()]
Nov 11 2018 01:14:44 GMT-0800 -- [socket.on('updateLine', fn)] line: 1
Nov 11 2018 01:14:44 GMT-0800 -- [socket.on('updateLine', fn)] line: 12
Nov 11 2018 01:14:44 GMT-0800 -- [socket.on('updateLine', fn)] line: 123
Nov 11 2018 01:14:44 GMT-0800 -- [socket.on('updateLine', fn)] line: 
Nov 11 2018 01:14:44 GMT-0800 -- [socket.on('execute', fn)] line: 123, clear: undefined
Nov 11 2018 01:14:44 GMT-0800 -- [Repl.bufferWrite(string = 123, ms = 10)]
Nov 11 2018 01:14:44 GMT-0800 -- [bufferWrite: concatResult(data = 123
)]
Nov 11 2018 01:14:44 GMT-0800 -- [socket.on('updateLine', fn)] line: 
Nov 11 2018 01:14:44 GMT-0800 -- [bufferWrite: concatResult(data = irb(main):095:1> )]
Nov 11 2018 01:14:44 GMT-0800 -- [socket.on('execute', fn)] line: , clear: undefined
Nov 11 2018 01:14:44 GMT-0800 -- [Repl.bufferWrite(string = , ms = 10)]
Nov 11 2018 01:14:44 GMT-0800 -- [bufferWrite: concatResult(data = 
)]
Nov 11 2018 01:14:44 GMT-0800 -- [bufferWrite: concatResult(data = 
)]
Nov 11 2018 01:14:44 GMT-0800 -- [bufferWrite: concatResult(data = irb(main):096:1> )]
Nov 11 2018 01:14:44 GMT-0800 -- [bufferWrite: concatResult(data = irb(main):096:1> )]
Nov 11 2018 01:14:44 GMT-0800 -- [emitOutput(output = 
irb(main):096:1> )]
Nov 11 2018 01:14:44 GMT-0800 -- [emitOutput(output = 123
irb(main):095:1> 
irb(main):096:1> )]
Nov 11 2018 01:14:44 GMT-0800 -- [Repl.bufferWrite(string, ms): setTimeout()]
Nov 11 2018 01:14:44 GMT-0800 -- [Repl.bufferWrite(string, ms): setTimeout()]
Nov 11 2018 01:14:45 GMT-0800 -- [socket.on('updateLine', fn)] line: 
Nov 11 2018 01:14:45 GMT-0800 -- [socket.on('execute', fn)] line: , clear: undefined
Nov 11 2018 01:14:45 GMT-0800 -- [Repl.bufferWrite(string = , ms = 10)]
Nov 11 2018 01:14:45 GMT-0800 -- [bufferWrite: concatResult(data = 
)]
Nov 11 2018 01:14:45 GMT-0800 -- [bufferWrite: concatResult(data = irb(main):097:1> )]
Nov 11 2018 01:14:45 GMT-0800 -- [emitOutput(output = 
irb(main):097:1> )]
Nov 11 2018 01:14:45 GMT-0800 -- [Repl.bufferWrite(string, ms): setTimeout()]
Nov 11 2018 01:14:45 GMT-0800 -- [socket.on('updateLine', fn)] line: 2
Nov 11 2018 01:14:45 GMT-0800 -- [socket.on('updateLine', fn)] line: 
Nov 11 2018 01:14:45 GMT-0800 -- [socket.on('execute', fn)] line: 2, clear: undefined
Nov 11 2018 01:14:45 GMT-0800 -- [Repl.bufferWrite(string = 2, ms = 10)]
Nov 11 2018 01:14:45 GMT-0800 -- [bufferWrite: concatResult(data = 2
irb(main):098:1> )]
Nov 11 2018 01:14:45 GMT-0800 -- [socket.on('updateLine', fn)] line: 3
Nov 11 2018 01:14:45 GMT-0800 -- [socket.on('updateLine', fn)] line: 33
Nov 11 2018 01:14:45 GMT-0800 -- [emitOutput(output = 2
irb(main):098:1> )]
Nov 11 2018 01:14:45 GMT-0800 -- [socket.on('updateLine', fn)] line: 333
Nov 11 2018 01:14:45 GMT-0800 -- [Repl.bufferWrite(string, ms): setTimeout()]
Nov 11 2018 01:14:45 GMT-0800 -- [socket.on('updateLine', fn)] line: 
Nov 11 2018 01:14:45 GMT-0800 -- [socket.on('execute', fn)] line: 333, clear: undefined
Nov 11 2018 01:14:45 GMT-0800 -- [Repl.bufferWrite(string = 333, ms = 10)]
Nov 11 2018 01:14:45 GMT-0800 -- [bufferWrite: concatResult(data = 33)]
Nov 11 2018 01:14:45 GMT-0800 -- [bufferWrite: concatResult(data = 3
)]
Nov 11 2018 01:14:45 GMT-0800 -- [bufferWrite: concatResult(data = irb(main):099:1> )]
Nov 11 2018 01:14:45 GMT-0800 -- [socket.on('updateLine', fn)] line: 1
Nov 11 2018 01:14:45 GMT-0800 -- [emitOutput(output = 333
irb(main):099:1> )]
Nov 11 2018 01:14:45 GMT-0800 -- [Repl.bufferWrite(string, ms): setTimeout()]
Nov 11 2018 01:14:45 GMT-0800 -- [socket.on('updateLine', fn)] line: 12
Nov 11 2018 01:14:45 GMT-0800 -- [socket.on('updateLine', fn)] line: 123
Nov 11 2018 01:14:45 GMT-0800 -- [socket.on('updateLine', fn)] line: 
Nov 11 2018 01:14:45 GMT-0800 -- [socket.on('execute', fn)] line: 123, clear: undefined
Nov 11 2018 01:14:45 GMT-0800 -- [Repl.bufferWrite(string = 123, ms = 10)]
Nov 11 2018 01:14:45 GMT-0800 -- [bufferWrite: concatResult(data = 12)]
Nov 11 2018 01:14:45 GMT-0800 -- [bufferWrite: concatResult(data = 3
)]
Nov 11 2018 01:14:45 GMT-0800 -- [bufferWrite: concatResult(data = irb(main):100:1> )]
Nov 11 2018 01:14:45 GMT-0800 -- [emitOutput(output = 123
irb(main):100:1> )]
Nov 11 2018 01:14:45 GMT-0800 -- [Repl.bufferWrite(string, ms): setTimeout()]
Nov 11 2018 01:14:45 GMT-0800 -- [socket.on('updateLine', fn)] line: 
Nov 11 2018 01:14:45 GMT-0800 -- [socket.on('execute', fn)] line: , clear: undefined
Nov 11 2018 01:14:45 GMT-0800 -- [Repl.bufferWrite(string = , ms = 10)]
Nov 11 2018 01:14:45 GMT-0800 -- [bufferWrite: concatResult(data = 
)]
Nov 11 2018 01:14:45 GMT-0800 -- [bufferWrite: concatResult(data = irb(main):101:1> )]
Nov 11 2018 01:14:45 GMT-0800 -- [emitOutput(output = 
irb(main):101:1> )]
Nov 11 2018 01:14:45 GMT-0800 -- [Repl.bufferWrite(string, ms): setTimeout()]
Nov 11 2018 01:14:46 GMT-0800 -- [socket.on('updateLine', fn)] line: 
Nov 11 2018 01:14:46 GMT-0800 -- [socket.on('execute', fn)] line: , clear: undefined
Nov 11 2018 01:14:46 GMT-0800 -- [Repl.bufferWrite(string = , ms = 10)]
Nov 11 2018 01:14:46 GMT-0800 -- [bufferWrite: concatResult(data = 
)]
Nov 11 2018 01:14:46 GMT-0800 -- [bufferWrite: concatResult(data = irb(main):102:1> )]
Nov 11 2018 01:14:46 GMT-0800 -- [socket.on('updateLine', fn)] line: t
Nov 11 2018 01:14:46 GMT-0800 -- [emitOutput(output = 
irb(main):102:1> )]
Nov 11 2018 01:14:46 GMT-0800 -- [Repl.bufferWrite(string, ms): setTimeout()]
Nov 11 2018 01:14:46 GMT-0800 -- [socket.on('updateLine', fn)] line: t2
Nov 11 2018 01:14:46 GMT-0800 -- [socket.on('updateLine', fn)] line: 
Nov 11 2018 01:14:46 GMT-0800 -- [socket.on('execute', fn)] line: t2, clear: undefined
Nov 11 2018 01:14:46 GMT-0800 -- [Repl.bufferWrite(string = t2, ms = 10)]
Nov 11 2018 01:14:46 GMT-0800 -- [bufferWrite: concatResult(data = t2
)]
Nov 11 2018 01:14:46 GMT-0800 -- [bufferWrite: concatResult(data = irb(main):103:1> )]
Nov 11 2018 01:14:46 GMT-0800 -- [emitOutput(output = t2
irb(main):103:1> )]
Nov 11 2018 01:14:46 GMT-0800 -- [Repl.bufferWrite(string, ms): setTimeout()]
Nov 11 2018 01:14:46 GMT-0800 -- [socket.on('updateLine', fn)] line: 3
Nov 11 2018 01:14:46 GMT-0800 -- [socket.on('updateLine', fn)] line: 33
Nov 11 2018 01:14:46 GMT-0800 -- [socket.on('updateLine', fn)] line: 333
Nov 11 2018 01:14:46 GMT-0800 -- [socket.on('updateLine', fn)] line: 
Nov 11 2018 01:14:46 GMT-0800 -- [socket.on('execute', fn)] line: 333, clear: undefined
Nov 11 2018 01:14:46 GMT-0800 -- [Repl.bufferWrite(string = 333, ms = 10)]
Nov 11 2018 01:14:46 GMT-0800 -- [socket.on('updateLine', fn)] line: 1
Nov 11 2018 01:14:46 GMT-0800 -- [bufferWrite: concatResult(data = 333
)]
Nov 11 2018 01:14:46 GMT-0800 -- [bufferWrite: concatResult(data = irb(main):104:1> )]
Nov 11 2018 01:14:46 GMT-0800 -- [socket.on('updateLine', fn)] line: 12
Nov 11 2018 01:14:46 GMT-0800 -- [emitOutput(output = 333
irb(main):104:1> )]
Nov 11 2018 01:14:46 GMT-0800 -- [socket.on('updateLine', fn)] line: 123
Nov 11 2018 01:14:46 GMT-0800 -- [Repl.bufferWrite(string, ms): setTimeout()]
Nov 11 2018 01:14:46 GMT-0800 -- [socket.on('updateLine', fn)] line: 
Nov 11 2018 01:14:46 GMT-0800 -- [socket.on('execute', fn)] line: 123, clear: undefined
Nov 11 2018 01:14:46 GMT-0800 -- [Repl.bufferWrite(string = 123, ms = 10)]
Nov 11 2018 01:14:46 GMT-0800 -- [bufferWrite: concatResult(data = 123
irb(main):105:1> )]
Nov 11 2018 01:14:46 GMT-0800 -- [socket.on('updateLine', fn)] line: 
Nov 11 2018 01:14:46 GMT-0800 -- [emitOutput(output = 123
irb(main):105:1> )]
Nov 11 2018 01:14:46 GMT-0800 -- [Repl.bufferWrite(string, ms): setTimeout()]
Nov 11 2018 01:14:46 GMT-0800 -- [socket.on('execute', fn)] line: , clear: undefined
Nov 11 2018 01:14:46 GMT-0800 -- [Repl.bufferWrite(string = , ms = 10)]
Nov 11 2018 01:14:46 GMT-0800 -- [bufferWrite: concatResult(data = 
)]
Nov 11 2018 01:14:46 GMT-0800 -- [bufferWrite: concatResult(data = irb(main):106:1> )]
Nov 11 2018 01:14:46 GMT-0800 -- [emitOutput(output = 
irb(main):106:1> )]
Nov 11 2018 01:14:46 GMT-0800 -- [Repl.bufferWrite(string, ms): setTimeout()]
Nov 11 2018 01:14:47 GMT-0800 -- [socket.on('updateLine', fn)] line: 
Nov 11 2018 01:14:47 GMT-0800 -- [socket.on('execute', fn)] line: , clear: undefined
Nov 11 2018 01:14:47 GMT-0800 -- [Repl.bufferWrite(string = , ms = 10)]
Nov 11 2018 01:14:47 GMT-0800 -- [bufferWrite: concatResult(data = 
)]
Nov 11 2018 01:14:47 GMT-0800 -- [bufferWrite: concatResult(data = irb(main):107:1> )]
Nov 11 2018 01:14:47 GMT-0800 -- [emitOutput(output = 
irb(main):107:1> )]
Nov 11 2018 01:14:47 GMT-0800 -- [socket.on('updateLine', fn)] line: e
Nov 11 2018 01:14:47 GMT-0800 -- [Repl.bufferWrite(string, ms): setTimeout()]
Nov 11 2018 01:14:47 GMT-0800 -- [socket.on('updateLine', fn)] line: e2
Nov 11 2018 01:14:47 GMT-0800 -- [socket.on('updateLine', fn)] line: 
Nov 11 2018 01:14:47 GMT-0800 -- [socket.on('execute', fn)] line: e2, clear: undefined
Nov 11 2018 01:14:47 GMT-0800 -- [Repl.bufferWrite(string = e2, ms = 10)]
Nov 11 2018 01:14:47 GMT-0800 -- [bufferWrite: concatResult(data = e)]
Nov 11 2018 01:14:47 GMT-0800 -- [bufferWrite: concatResult(data = 2
)]
Nov 11 2018 01:14:47 GMT-0800 -- [bufferWrite: concatResult(data = irb(main):108:1> )]
Nov 11 2018 01:14:47 GMT-0800 -- [socket.on('updateLine', fn)] line: 3
Nov 11 2018 01:14:47 GMT-0800 -- [emitOutput(output = e2
irb(main):108:1> )]
Nov 11 2018 01:14:47 GMT-0800 -- [socket.on('updateLine', fn)] line: 33
Nov 11 2018 01:14:47 GMT-0800 -- [Repl.bufferWrite(string, ms): setTimeout()]
Nov 11 2018 01:14:47 GMT-0800 -- [socket.on('updateLine', fn)] line: 333
Nov 11 2018 01:14:47 GMT-0800 -- [socket.on('updateLine', fn)] line: 
Nov 11 2018 01:14:47 GMT-0800 -- [socket.on('execute', fn)] line: 333, clear: undefined
Nov 11 2018 01:14:47 GMT-0800 -- [Repl.bufferWrite(string = 333, ms = 10)]
Nov 11 2018 01:14:47 GMT-0800 -- [bufferWrite: concatResult(data = 3)]
Nov 11 2018 01:14:47 GMT-0800 -- [bufferWrite: concatResult(data = 33
)]
Nov 11 2018 01:14:47 GMT-0800 -- [bufferWrite: concatResult(data = irb(main):109:1> )]
Nov 11 2018 01:14:47 GMT-0800 -- [emitOutput(output = 333
irb(main):109:1> )]
Nov 11 2018 01:14:47 GMT-0800 -- [Repl.bufferWrite(string, ms): setTimeout()]
Nov 11 2018 01:14:47 GMT-0800 -- [socket.on('updateLine', fn)] line: 1
Nov 11 2018 01:14:47 GMT-0800 -- [socket.on('updateLine', fn)] line: 12
Nov 11 2018 01:14:47 GMT-0800 -- [socket.on('updateLine', fn)] line: 123
Nov 11 2018 01:14:47 GMT-0800 -- [socket.on('updateLine', fn)] line: 
Nov 11 2018 01:14:47 GMT-0800 -- [socket.on('execute', fn)] line: 123, clear: undefined
Nov 11 2018 01:14:47 GMT-0800 -- [Repl.bufferWrite(string = 123, ms = 10)]
Nov 11 2018 01:14:47 GMT-0800 -- [bufferWrite: concatResult(data = 123
)]
Nov 11 2018 01:14:47 GMT-0800 -- [socket.on('updateLine', fn)] line: 
Nov 11 2018 01:14:47 GMT-0800 -- [bufferWrite: concatResult(data = irb(main):110:1> )]
Nov 11 2018 01:14:47 GMT-0800 -- [socket.on('execute', fn)] line: , clear: undefined
Nov 11 2018 01:14:47 GMT-0800 -- [Repl.bufferWrite(string = , ms = 10)]
Nov 11 2018 01:14:47 GMT-0800 -- [bufferWrite: concatResult(data = 
irb(main):111:1> )]
Nov 11 2018 01:14:47 GMT-0800 -- [bufferWrite: concatResult(data = 
irb(main):111:1> )]
Nov 11 2018 01:14:47 GMT-0800 -- [emitOutput(output = 
irb(main):111:1> )]
Nov 11 2018 01:14:47 GMT-0800 -- [Repl.bufferWrite(string, ms): setTimeout()]
Nov 11 2018 01:14:47 GMT-0800 -- [emitOutput(output = 123
irb(main):110:1> 
irb(main):111:1> )]
Nov 11 2018 01:14:47 GMT-0800 -- [Repl.bufferWrite(string, ms): setTimeout()]
Nov 11 2018 01:14:48 GMT-0800 -- [socket.on('updateLine', fn)] line: 
Nov 11 2018 01:14:48 GMT-0800 -- [socket.on('execute', fn)] line: , clear: undefined
Nov 11 2018 01:14:48 GMT-0800 -- [Repl.bufferWrite(string = , ms = 10)]
Nov 11 2018 01:14:48 GMT-0800 -- [bufferWrite: concatResult(data = 
)]
Nov 11 2018 01:14:48 GMT-0800 -- [bufferWrite: concatResult(data = irb(main):112:1> )]
Nov 11 2018 01:14:48 GMT-0800 -- [socket.on('updateLine', fn)] line: h
Nov 11 2018 01:14:48 GMT-0800 -- [emitOutput(output = 
irb(main):112:1> )]
Nov 11 2018 01:14:48 GMT-0800 -- [Repl.bufferWrite(string, ms): setTimeout()]
Nov 11 2018 01:14:48 GMT-0800 -- [socket.on('updateLine', fn)] line: h2
Nov 11 2018 01:14:48 GMT-0800 -- [socket.on('updateLine', fn)] line: 
Nov 11 2018 01:14:48 GMT-0800 -- [socket.on('execute', fn)] line: h2, clear: undefined
Nov 11 2018 01:14:48 GMT-0800 -- [Repl.bufferWrite(string = h2, ms = 10)]
Nov 11 2018 01:14:48 GMT-0800 -- [bufferWrite: concatResult(data = h2)]
Nov 11 2018 01:14:48 GMT-0800 -- [bufferWrite: concatResult(data = 
)]
Nov 11 2018 01:14:48 GMT-0800 -- [bufferWrite: concatResult(data = irb(main):113:1> )]
Nov 11 2018 01:14:48 GMT-0800 -- [socket.on('updateLine', fn)] line: 3
Nov 11 2018 01:14:48 GMT-0800 -- [socket.on('updateLine', fn)] line: 33
Nov 11 2018 01:14:48 GMT-0800 -- [emitOutput(output = h2
irb(main):113:1> )]
Nov 11 2018 01:14:48 GMT-0800 -- [Repl.bufferWrite(string, ms): setTimeout()]
Nov 11 2018 01:14:48 GMT-0800 -- [socket.on('updateLine', fn)] line: 333
Nov 11 2018 01:14:48 GMT-0800 -- [socket.on('updateLine', fn)] line: 
Nov 11 2018 01:14:48 GMT-0800 -- [socket.on('execute', fn)] line: 333, clear: undefined
Nov 11 2018 01:14:48 GMT-0800 -- [Repl.bufferWrite(string = 333, ms = 10)]
Nov 11 2018 01:14:48 GMT-0800 -- [bufferWrite: concatResult(data = 333
)]
Nov 11 2018 01:14:48 GMT-0800 -- [bufferWrite: concatResult(data = irb(main):114:1> )]
Nov 11 2018 01:14:48 GMT-0800 -- [emitOutput(output = 333
irb(main):114:1> )]
Nov 11 2018 01:14:48 GMT-0800 -- [Repl.bufferWrite(string, ms): setTimeout()]
Nov 11 2018 01:14:48 GMT-0800 -- [socket.on('updateLine', fn)] line: 1
Nov 11 2018 01:14:48 GMT-0800 -- [socket.on('updateLine', fn)] line: 12
Nov 11 2018 01:14:48 GMT-0800 -- [socket.on('updateLine', fn)] line: 123
Nov 11 2018 01:14:48 GMT-0800 -- [socket.on('updateLine', fn)] line: 
Nov 11 2018 01:14:48 GMT-0800 -- [socket.on('execute', fn)] line: 123, clear: undefined
Nov 11 2018 01:14:48 GMT-0800 -- [Repl.bufferWrite(string = 123, ms = 10)]
Nov 11 2018 01:14:48 GMT-0800 -- [bufferWrite: concatResult(data = 123
)]
Nov 11 2018 01:14:48 GMT-0800 -- [bufferWrite: concatResult(data = irb(main):115:1> )]
Nov 11 2018 01:14:48 GMT-0800 -- [socket.on('updateLine', fn)] line: 
Nov 11 2018 01:14:48 GMT-0800 -- [socket.on('execute', fn)] line: , clear: undefined
Nov 11 2018 01:14:48 GMT-0800 -- [Repl.bufferWrite(string = , ms = 10)]
Nov 11 2018 01:14:48 GMT-0800 -- [bufferWrite: concatResult(data = 
)]
Nov 11 2018 01:14:48 GMT-0800 -- [bufferWrite: concatResult(data = 
)]
Nov 11 2018 01:14:48 GMT-0800 -- [bufferWrite: concatResult(data = irb(main):116:1> )]
Nov 11 2018 01:14:48 GMT-0800 -- [bufferWrite: concatResult(data = irb(main):116:1> )]
Nov 11 2018 01:14:48 GMT-0800 -- [emitOutput(output = 
irb(main):116:1> )]
Nov 11 2018 01:14:49 GMT-0800 -- [emitOutput(output = 123
irb(main):115:1> 
irb(main):116:1> )]
Nov 11 2018 01:14:49 GMT-0800 -- [Repl.bufferWrite(string, ms): setTimeout()]
Nov 11 2018 01:14:49 GMT-0800 -- [Repl.bufferWrite(string, ms): setTimeout()]
Nov 11 2018 01:14:50 GMT-0800 -- [socket.on('updateLine', fn)] line: 
Nov 11 2018 01:14:50 GMT-0800 -- [socket.on('execute', fn)] line: , clear: undefined
Nov 11 2018 01:14:50 GMT-0800 -- [Repl.bufferWrite(string = , ms = 10)]
Nov 11 2018 01:14:50 GMT-0800 -- [bufferWrite: concatResult(data = 
)]
Nov 11 2018 01:14:50 GMT-0800 -- [bufferWrite: concatResult(data = irb(main):117:1> )]
Nov 11 2018 01:14:50 GMT-0800 -- [socket.on('updateLine', fn)] line: x
Nov 11 2018 01:14:50 GMT-0800 -- [emitOutput(output = 
irb(main):117:1> )]
Nov 11 2018 01:14:50 GMT-0800 -- [Repl.bufferWrite(string, ms): setTimeout()]
Nov 11 2018 01:14:50 GMT-0800 -- [socket.on('updateLine', fn)] line: x2
Nov 11 2018 01:14:50 GMT-0800 -- [socket.on('updateLine', fn)] line: 
Nov 11 2018 01:14:50 GMT-0800 -- [socket.on('execute', fn)] line: x2, clear: undefined
Nov 11 2018 01:14:50 GMT-0800 -- [Repl.bufferWrite(string = x2, ms = 10)]
Nov 11 2018 01:14:50 GMT-0800 -- [bufferWrite: concatResult(data = x2
)]
Nov 11 2018 01:14:50 GMT-0800 -- [socket.on('updateLine', fn)] line: 3
Nov 11 2018 01:14:50 GMT-0800 -- [bufferWrite: concatResult(data = irb(main):118:1> )]
Nov 11 2018 01:14:50 GMT-0800 -- [socket.on('updateLine', fn)] line: 33
Nov 11 2018 01:14:50 GMT-0800 -- [socket.on('updateLine', fn)] line: 333
Nov 11 2018 01:14:50 GMT-0800 -- [emitOutput(output = x2
irb(main):118:1> )]
Nov 11 2018 01:14:50 GMT-0800 -- [Repl.bufferWrite(string, ms): setTimeout()]
Nov 11 2018 01:14:50 GMT-0800 -- [socket.on('updateLine', fn)] line: 
Nov 11 2018 01:14:50 GMT-0800 -- [socket.on('execute', fn)] line: 333, clear: undefined
Nov 11 2018 01:14:50 GMT-0800 -- [Repl.bufferWrite(string = 333, ms = 10)]
Nov 11 2018 01:14:50 GMT-0800 -- [bufferWrite: concatResult(data = 33)]
Nov 11 2018 01:14:50 GMT-0800 -- [bufferWrite: concatResult(data = 3
)]
Nov 11 2018 01:14:50 GMT-0800 -- [bufferWrite: concatResult(data = irb(main):119:1> )]
Nov 11 2018 01:14:50 GMT-0800 -- [socket.on('updateLine', fn)] line: 1
Nov 11 2018 01:14:50 GMT-0800 -- [emitOutput(output = 333
irb(main):119:1> )]
Nov 11 2018 01:14:50 GMT-0800 -- [Repl.bufferWrite(string, ms): setTimeout()]
Nov 11 2018 01:14:50 GMT-0800 -- [socket.on('updateLine', fn)] line: 12
Nov 11 2018 01:14:50 GMT-0800 -- [socket.on('updateLine', fn)] line: 123
Nov 11 2018 01:14:50 GMT-0800 -- [socket.on('updateLine', fn)] line: 
Nov 11 2018 01:14:50 GMT-0800 -- [socket.on('execute', fn)] line: 123, clear: undefined
Nov 11 2018 01:14:50 GMT-0800 -- [Repl.bufferWrite(string = 123, ms = 10)]
Nov 11 2018 01:14:50 GMT-0800 -- [bufferWrite: concatResult(data = 1)]
Nov 11 2018 01:14:50 GMT-0800 -- [bufferWrite: concatResult(data = 23
)]
Nov 11 2018 01:14:50 GMT-0800 -- [bufferWrite: concatResult(data = irb(main):120:1> )]
Nov 11 2018 01:14:50 GMT-0800 -- [socket.on('updateLine', fn)] line: 
Nov 11 2018 01:14:50 GMT-0800 -- [socket.on('execute', fn)] line: , clear: undefined
Nov 11 2018 01:14:50 GMT-0800 -- [Repl.bufferWrite(string = , ms = 10)]
Nov 11 2018 01:14:50 GMT-0800 -- [bufferWrite: concatResult(data = 
)]
Nov 11 2018 01:14:50 GMT-0800 -- [bufferWrite: concatResult(data = 
)]
Nov 11 2018 01:14:50 GMT-0800 -- [bufferWrite: concatResult(data = irb(main):121:1> )]
Nov 11 2018 01:14:50 GMT-0800 -- [bufferWrite: concatResult(data = irb(main):121:1> )]
Nov 11 2018 01:14:50 GMT-0800 -- [Repl.bufferWrite(string, ms): setTimeout()]
Nov 11 2018 01:14:50 GMT-0800 -- [emitOutput(output = 123
irb(main):120:1> 
irb(main):121:1> )]
Nov 11 2018 01:14:50 GMT-0800 -- [emitOutput(output = 
irb(main):121:1> )]
Nov 11 2018 01:14:50 GMT-0800 -- [Repl.bufferWrite(string, ms): setTimeout()]
Nov 11 2018 01:14:51 GMT-0800 -- [socket.on('updateLine', fn)] line: 
Nov 11 2018 01:14:51 GMT-0800 -- [socket.on('execute', fn)] line: , clear: undefined
Nov 11 2018 01:14:51 GMT-0800 -- [Repl.bufferWrite(string = , ms = 10)]
Nov 11 2018 01:14:51 GMT-0800 -- [bufferWrite: concatResult(data = 
)]
Nov 11 2018 01:14:51 GMT-0800 -- [bufferWrite: concatResult(data = irb(main):122:1> )]
Nov 11 2018 01:14:51 GMT-0800 -- [emitOutput(output = 
irb(main):122:1> )]
Nov 11 2018 01:14:51 GMT-0800 -- [Repl.bufferWrite(string, ms): setTimeout()]
Nov 11 2018 01:14:51 GMT-0800 -- [socket.on('updateLine', fn)] line: 2
Nov 11 2018 01:14:51 GMT-0800 -- [socket.on('updateLine', fn)] line: 
Nov 11 2018 01:14:51 GMT-0800 -- [socket.on('execute', fn)] line: 2, clear: undefined
Nov 11 2018 01:14:51 GMT-0800 -- [Repl.bufferWrite(string = 2, ms = 10)]
Nov 11 2018 01:14:51 GMT-0800 -- [bufferWrite: concatResult(data = 2
)]
Nov 11 2018 01:14:51 GMT-0800 -- [bufferWrite: concatResult(data = irb(main):123:1> )]
Nov 11 2018 01:14:51 GMT-0800 -- [emitOutput(output = 2
irb(main):123:1> )]
Nov 11 2018 01:14:51 GMT-0800 -- [Repl.bufferWrite(string, ms): setTimeout()]
Nov 11 2018 01:14:51 GMT-0800 -- [socket.on('updateLine', fn)] line: 3
Nov 11 2018 01:14:51 GMT-0800 -- [socket.on('updateLine', fn)] line: 33
Nov 11 2018 01:14:51 GMT-0800 -- [socket.on('updateLine', fn)] line: 333
Nov 11 2018 01:14:51 GMT-0800 -- [socket.on('updateLine', fn)] line: 
Nov 11 2018 01:14:51 GMT-0800 -- [socket.on('execute', fn)] line: 333, clear: undefined
Nov 11 2018 01:14:51 GMT-0800 -- [Repl.bufferWrite(string = 333, ms = 10)]
Nov 11 2018 01:14:51 GMT-0800 -- [bufferWrite: concatResult(data = 3)]
Nov 11 2018 01:14:51 GMT-0800 -- [socket.on('updateLine', fn)] line: 1
Nov 11 2018 01:14:51 GMT-0800 -- [bufferWrite: concatResult(data = 33
)]
Nov 11 2018 01:14:51 GMT-0800 -- [bufferWrite: concatResult(data = irb(main):124:1> )]
Nov 11 2018 01:14:51 GMT-0800 -- [socket.on('updateLine', fn)] line: 12
Nov 11 2018 01:14:51 GMT-0800 -- [emitOutput(output = 333
irb(main):124:1> )]
Nov 11 2018 01:14:51 GMT-0800 -- [Repl.bufferWrite(string, ms): setTimeout()]
Nov 11 2018 01:14:51 GMT-0800 -- [socket.on('updateLine', fn)] line: 123
Nov 11 2018 01:14:51 GMT-0800 -- [socket.on('updateLine', fn)] line: 
Nov 11 2018 01:14:51 GMT-0800 -- [socket.on('execute', fn)] line: 123, clear: undefined
Nov 11 2018 01:14:51 GMT-0800 -- [Repl.bufferWrite(string = 123, ms = 10)]
Nov 11 2018 01:14:51 GMT-0800 -- [bufferWrite: concatResult(data = 12)]
Nov 11 2018 01:14:51 GMT-0800 -- [bufferWrite: concatResult(data = 3
)]
Nov 11 2018 01:14:51 GMT-0800 -- [bufferWrite: concatResult(data = irb(main):125:1> )]
Nov 11 2018 01:14:51 GMT-0800 -- [socket.on('updateLine', fn)] line: 
Nov 11 2018 01:14:51 GMT-0800 -- [emitOutput(output = 123
irb(main):125:1> )]
Nov 11 2018 01:14:51 GMT-0800 -- [socket.on('execute', fn)] line: , clear: undefined
Nov 11 2018 01:14:51 GMT-0800 -- [Repl.bufferWrite(string = , ms = 10)]
Nov 11 2018 01:14:51 GMT-0800 -- [bufferWrite: concatResult(data = 
)]
Nov 11 2018 01:14:51 GMT-0800 -- [bufferWrite: concatResult(data = irb(main):126:1> )]
Nov 11 2018 01:14:51 GMT-0800 -- [Repl.bufferWrite(string, ms): setTimeout()]
Nov 11 2018 01:14:51 GMT-0800 -- [emitOutput(output = 
irb(main):126:1> )]
Nov 11 2018 01:14:51 GMT-0800 -- [Repl.bufferWrite(string, ms): setTimeout()]
Nov 11 2018 01:14:52 GMT-0800 -- [socket.on('updateLine', fn)] line: 
Nov 11 2018 01:14:52 GMT-0800 -- [socket.on('execute', fn)] line: , clear: undefined
Nov 11 2018 01:14:52 GMT-0800 -- [Repl.bufferWrite(string = , ms = 10)]
Nov 11 2018 01:14:52 GMT-0800 -- [bufferWrite: concatResult(data = 
)]
Nov 11 2018 01:14:52 GMT-0800 -- [bufferWrite: concatResult(data = irb(main):127:1> )]
Nov 11 2018 01:14:52 GMT-0800 -- [emitOutput(output = 
irb(main):127:1> )]
Nov 11 2018 01:14:52 GMT-0800 -- [Repl.bufferWrite(string, ms): setTimeout()]
Nov 11 2018 01:14:52 GMT-0800 -- [socket.on('updateLine', fn)] line: 2
Nov 11 2018 01:14:52 GMT-0800 -- [socket.on('updateLine', fn)] line: 
Nov 11 2018 01:14:52 GMT-0800 -- [socket.on('execute', fn)] line: 2, clear: undefined
Nov 11 2018 01:14:52 GMT-0800 -- [Repl.bufferWrite(string = 2, ms = 10)]
Nov 11 2018 01:14:52 GMT-0800 -- [bufferWrite: concatResult(data = 2
)]
Nov 11 2018 01:14:52 GMT-0800 -- [socket.on('disconnect', fn)] Client disconnected
Nov 11 2018 01:14:52 GMT-0800 -- [socket.on('disconnect', fn)]
Nov 11 2018 01:14:52 GMT-0800 -- [getInstanceOfY(room)] room: spacecraft-repl
Nov 11 2018 01:14:52 GMT-0800 -- 0 clients --> Repl.kill()
Nov 11 2018 01:14:52 GMT-0800 -- [Repl.kill()]
Nov 11 2018 01:14:52 GMT-0800 -- [socket.on('updateLine', fn)] line: 3
Nov 11 2018 01:14:52 GMT-0800 -- [bufferWrite: concatResult(data = irb(main):128:1> )]
Nov 11 2018 01:14:52 GMT-0800 -- [Repl.bufferWrite(string, ms): setTimeout()]
$HOME/ls/cap/repl/SpaceCraft/repl/Repl.js:74
        this.process.removeListener('data', concatResult);
                     ^

TypeError: Cannot read property 'removeListener' of null
    at Timeout.setTimeout [as _onTimeout] ($HOME/ls/cap/repl/SpaceCraft/repl/Repl.js:74:22)
    at listOnTimeout (timers.js:324:15)
    at processTimers (timers.js:268:5)
npm ERR! code ELIFECYCLE
npm ERR! errno 1
npm ERR! npm_repl_prototype@1.0.0 start: `webpack --config webpack.config.js && node server.js`
npm ERR! Exit status 1
npm ERR! 
npm ERR! Failed at the npm_repl_prototype@1.0.0 start script.
npm ERR! This is probably not a problem with npm. There is likely additional logging output above.

npm ERR! A complete log of this run can be found in:
npm ERR!     $HOME/.npm/_logs/2018-11-11T09_14_52_505Z-debug.log
