Hash: ec37502f1d3938884f50
Version: webpack 4.25.1
Time: 1505ms
Built at: 11/10/2018 9:37:15 PM
  Asset      Size  Chunks             Chunk Names
main.js  1.55 MiB    main  [emitted]  main
Entrypoint main = main.js
[0] ws (ignored) 15 bytes {main} [optional] [built]
[./node_modules/css-loader/index.js!./src/main.css] ./node_modules/css-loader!./src/main.css 996 bytes {main} [built]
[./node_modules/webpack/buildin/amd-options.js] (webpack)/buildin/amd-options.js 80 bytes {main} [built]
[./node_modules/webpack/buildin/global.js] (webpack)/buildin/global.js 489 bytes {main} [built]
[./node_modules/webpack/buildin/module.js] (webpack)/buildin/module.js 497 bytes {main} [built]
[./node_modules/yjs/src sync recursive] ./node_modules/yjs/src sync 160 bytes {main} [built]
[./src/client.js] 4.68 KiB {main} [built]
[./src/editor.js] 1.55 KiB {main} [built]
[./src/main.css] 1.04 KiB {main} [built]
[./src/term.js] 1.08 KiB {main} [built]
[./src/utils.js] 65 bytes {main} [built]
    + 175 hidden modules
Nov 10 2018 21:37:15 GMT-0800 -- Listening on 3000...
Nov 10 2018 21:37:16 GMT-0800 -- [io.on('connection')] socket: [object Object]
Nov 10 2018 21:37:16 GMT-0800 -- [socket.on('initRepl', fn)] language: ruby
Nov 10 2018 21:37:16 GMT-0800 -- [Repl.kill()]
Nov 10 2018 21:37:16 GMT-0800 -- [Repl.init(language = ruby)]
Nov 10 2018 21:37:16 GMT-0800 -- INITIALIZED irb
Nov 10 2018 21:37:16 GMT-0800 -- [Repl.bufferRead(ms = 400)]
Nov 10 2018 21:37:16 GMT-0800 -- [socket.on('joinRoom', fn)] room: spacecraft-repl
User "Uq5g_AwyY5DvJwwtAAAA" joins room "spacecraft-repl"
Nov 10 2018 21:37:16 GMT-0800 -- [getInstanceOfY(room)] room: spacecraft-repl
Nov 10 2018 21:37:16 GMT-0800 -- [socket.on('yjsEvent', fn)] msg: [object Object]
Nov 10 2018 21:37:16 GMT-0800 -- [getInstanceOfY(room)] room: spacecraft-repl
Nov 10 2018 21:37:16 GMT-0800 -- [socket.on('yjsEvent', fn)] msg: [object Object]
Nov 10 2018 21:37:16 GMT-0800 -- [getInstanceOfY(room)] room: spacecraft-repl
Nov 10 2018 21:37:16 GMT-0800 -- [socket.on('yjsEvent', fn)] msg: [object Object]
Nov 10 2018 21:37:16 GMT-0800 -- [getInstanceOfY(room)] room: spacecraft-repl
Nov 10 2018 21:37:16 GMT-0800 -- [bufferRead: concatResult(data = >> )]
Nov 10 2018 21:37:16 GMT-0800 -- [Repl.bufferWrite(string, ms): setTimeout()]
Nov 10 2018 21:38:46 GMT-0800 -- [socket.on('updateLine', fn)] line: 234d
Nov 10 2018 21:38:46 GMT-0800 -- [socket.on('updateLine', fn)] line: 234da
Nov 10 2018 21:38:46 GMT-0800 -- [socket.on('updateLine', fn)] line: 234das
Nov 10 2018 21:38:46 GMT-0800 -- [socket.on('updateLine', fn)] line: 234da
Nov 10 2018 21:38:46 GMT-0800 -- [socket.on('updateLine', fn)] line: 234d
Nov 10 2018 21:38:46 GMT-0800 -- [socket.on('updateLine', fn)] line: 234
Nov 10 2018 21:38:46 GMT-0800 -- [socket.on('updateLine', fn)] line: 2341
Nov 10 2018 21:38:46 GMT-0800 -- [socket.on('updateLine', fn)] line: 23412
Nov 10 2018 21:38:46 GMT-0800 -- [socket.on('updateLine', fn)] line: 234123
Nov 10 2018 21:38:47 GMT-0800 -- [socket.on('updateLine', fn)] line:
Nov 10 2018 21:38:47 GMT-0800 -- [socket.on('execute', fn)] line: 234123, clear: undefined
Nov 10 2018 21:38:47 GMT-0800 -- [Repl.bufferWrite(string = 234123, ms = 10)]
Nov 10 2018 21:38:47 GMT-0800 -- [bufferWrite: concatResult(data = 234123
)]
Nov 10 2018 21:38:47 GMT-0800 -- [bufferWrite: concatResult(data = 234123
)]
Nov 10 2018 21:38:47 GMT-0800 -- [bufferWrite: concatResult(data = >> )]
Nov 10 2018 21:38:47 GMT-0800 -- [emitOutput(output = 234123
234123
>> )]
Nov 10 2018 21:38:47 GMT-0800 -- [Repl.bufferWrite(string, ms): setTimeout()]
Nov 10 2018 21:38:47 GMT-0800 -- [socket.on('updateLine', fn)] line: 3
Nov 10 2018 21:38:47 GMT-0800 -- [socket.on('updateLine', fn)] line:
Nov 10 2018 21:38:47 GMT-0800 -- [socket.on('execute', fn)] line: 3, clear: undefined
Nov 10 2018 21:38:47 GMT-0800 -- [Repl.bufferWrite(string = 3, ms = 10)]
Nov 10 2018 21:38:47 GMT-0800 -- [bufferWrite: concatResult(data = 3
3
>> )]
Nov 10 2018 21:38:47 GMT-0800 -- [emitOutput(output = 3
3
>> )]
Nov 10 2018 21:38:47 GMT-0800 -- [Repl.bufferWrite(string, ms): setTimeout()]
Nov 10 2018 21:38:47 GMT-0800 -- [socket.on('updateLine', fn)] line: 3
Nov 10 2018 21:38:47 GMT-0800 -- [socket.on('updateLine', fn)] line: 32
Nov 10 2018 21:38:47 GMT-0800 -- [socket.on('updateLine', fn)] line: 321
Nov 10 2018 21:38:47 GMT-0800 -- [socket.on('updateLine', fn)] line:
Nov 10 2018 21:38:47 GMT-0800 -- [socket.on('execute', fn)] line: 321, clear: undefined
Nov 10 2018 21:38:47 GMT-0800 -- [Repl.bufferWrite(string = 321, ms = 10)]
Nov 10 2018 21:38:47 GMT-0800 -- [bufferWrite: concatResult(data = 321
)]
Nov 10 2018 21:38:47 GMT-0800 -- [bufferWrite: concatResult(data = 321
)]
Nov 10 2018 21:38:47 GMT-0800 -- [bufferWrite: concatResult(data = >> )]
Nov 10 2018 21:38:47 GMT-0800 -- [emitOutput(output = 321
321
>> )]
Nov 10 2018 21:38:47 GMT-0800 -- [Repl.bufferWrite(string, ms): setTimeout()]
Nov 10 2018 21:38:48 GMT-0800 -- [socket.on('disconnect', fn)] Client disconnected
Nov 10 2018 21:38:48 GMT-0800 -- [socket.on('disconnect', fn)]
Nov 10 2018 21:38:48 GMT-0800 -- [getInstanceOfY(room)] room: spacecraft-repl
Nov 10 2018 21:38:48 GMT-0800 -- 0 clients --> Repl.kill()
Nov 10 2018 21:38:48 GMT-0800 -- [Repl.kill()]
Nov 10 2018 21:38:48 GMT-0800 -- [io.on('connection')] socket: [object Object]
Nov 10 2018 21:38:48 GMT-0800 -- [socket.on('initRepl', fn)] language: ruby
Nov 10 2018 21:38:48 GMT-0800 -- [Repl.kill()]
Nov 10 2018 21:38:48 GMT-0800 -- [Repl.init(language = ruby)]
Nov 10 2018 21:38:48 GMT-0800 -- INITIALIZED irb
Nov 10 2018 21:38:48 GMT-0800 -- [Repl.bufferRead(ms = 400)]
Nov 10 2018 21:38:48 GMT-0800 -- [socket.on('joinRoom', fn)] room: spacecraft-repl
User "dB8lFBEgjBm_-pzfAAAB" joins room "spacecraft-repl"
Nov 10 2018 21:38:48 GMT-0800 -- [getInstanceOfY(room)] room: spacecraft-repl
Nov 10 2018 21:38:48 GMT-0800 -- [socket.on('yjsEvent', fn)] msg: [object Object]
Nov 10 2018 21:38:48 GMT-0800 -- [getInstanceOfY(room)] room: spacecraft-repl
Nov 10 2018 21:38:48 GMT-0800 -- [socket.on('yjsEvent', fn)] msg: [object Object]
Nov 10 2018 21:38:48 GMT-0800 -- [getInstanceOfY(room)] room: spacecraft-repl
Nov 10 2018 21:38:48 GMT-0800 -- [socket.on('yjsEvent', fn)] msg: [object Object]
Nov 10 2018 21:38:48 GMT-0800 -- [getInstanceOfY(room)] room: spacecraft-repl
Nov 10 2018 21:38:48 GMT-0800 -- [bufferRead: concatResult(data = >> )]
Nov 10 2018 21:38:48 GMT-0800 -- [Repl.bufferWrite(string, ms): setTimeout()]
Nov 10 2018 21:38:50 GMT-0800 -- [socket.on('updateLine', fn)] line: 1
Nov 10 2018 21:38:50 GMT-0800 -- [socket.on('updateLine', fn)] line: 12
Nov 10 2018 21:38:50 GMT-0800 -- [socket.on('updateLine', fn)] line: 123
Nov 10 2018 21:38:51 GMT-0800 -- [socket.on('updateLine', fn)] line:
Nov 10 2018 21:38:51 GMT-0800 -- [socket.on('execute', fn)] line: 123, clear: undefined
Nov 10 2018 21:38:51 GMT-0800 -- [Repl.bufferWrite(string = 123, ms = 10)]
Nov 10 2018 21:38:51 GMT-0800 -- [bufferWrite: concatResult(data = 123)]
Nov 10 2018 21:38:51 GMT-0800 -- [bufferWrite: concatResult(data =
)]
Nov 10 2018 21:38:51 GMT-0800 -- [bufferWrite: concatResult(data = 123
)]
Nov 10 2018 21:38:51 GMT-0800 -- [bufferWrite: concatResult(data = >> )]
Nov 10 2018 21:38:51 GMT-0800 -- [emitOutput(output = 123
123
>> )]
Nov 10 2018 21:38:51 GMT-0800 -- [Repl.bufferWrite(string, ms): setTimeout()]
Nov 10 2018 21:38:51 GMT-0800 -- [socket.on('updateLine', fn)] line: 3
Nov 10 2018 21:38:51 GMT-0800 -- [socket.on('updateLine', fn)] line: 33
Nov 10 2018 21:38:52 GMT-0800 -- [socket.on('updateLine', fn)] line: 332
Nov 10 2018 21:38:52 GMT-0800 -- [socket.on('updateLine', fn)] line:
Nov 10 2018 21:38:52 GMT-0800 -- [socket.on('execute', fn)] line: 332, clear: undefined
Nov 10 2018 21:38:52 GMT-0800 -- [Repl.bufferWrite(string = 332, ms = 10)]
Nov 10 2018 21:38:52 GMT-0800 -- [bufferWrite: concatResult(data = 332
)]
Nov 10 2018 21:38:52 GMT-0800 -- [bufferWrite: concatResult(data = 332
)]
Nov 10 2018 21:38:52 GMT-0800 -- [bufferWrite: concatResult(data = >> )]
Nov 10 2018 21:38:52 GMT-0800 -- [emitOutput(output = 332
332
>> )]
Nov 10 2018 21:38:52 GMT-0800 -- [Repl.bufferWrite(string, ms): setTimeout()]
Nov 10 2018 21:38:52 GMT-0800 -- [socket.on('updateLine', fn)] line: 1
Nov 10 2018 21:38:52 GMT-0800 -- [socket.on('updateLine', fn)] line: 12
Nov 10 2018 21:38:52 GMT-0800 -- [socket.on('updateLine', fn)] line: 122
Nov 10 2018 21:38:52 GMT-0800 -- [socket.on('updateLine', fn)] line:
Nov 10 2018 21:38:52 GMT-0800 -- [socket.on('execute', fn)] line: 122, clear: undefined
Nov 10 2018 21:38:52 GMT-0800 -- [Repl.bufferWrite(string = 122, ms = 10)]
Nov 10 2018 21:38:52 GMT-0800 -- [bufferWrite: concatResult(data = 122
)]
Nov 10 2018 21:38:52 GMT-0800 -- [bufferWrite: concatResult(data = 122
)]
Nov 10 2018 21:38:52 GMT-0800 -- [bufferWrite: concatResult(data = >> )]
Nov 10 2018 21:38:52 GMT-0800 -- [emitOutput(output = 122
122
>> )]
Nov 10 2018 21:38:52 GMT-0800 -- [Repl.bufferWrite(string, ms): setTimeout()]
Nov 10 2018 21:38:53 GMT-0800 -- [socket.on('updateLine', fn)] line: 8
Nov 10 2018 21:38:53 GMT-0800 -- [socket.on('updateLine', fn)] line: 89
Nov 10 2018 21:38:53 GMT-0800 -- [socket.on('updateLine', fn)] line: 898
Nov 10 2018 21:38:53 GMT-0800 -- [socket.on('updateLine', fn)] line: 8982
Nov 10 2018 21:38:53 GMT-0800 -- [socket.on('updateLine', fn)] line: 89823
Nov 10 2018 21:38:53 GMT-0800 -- [socket.on('updateLine', fn)] line: 898231
Nov 10 2018 21:38:53 GMT-0800 -- [socket.on('updateLine', fn)] line: 8982313
Nov 10 2018 21:38:53 GMT-0800 -- [socket.on('updateLine', fn)] line:
Nov 10 2018 21:38:53 GMT-0800 -- [socket.on('execute', fn)] line: 8982313, clear: undefined
Nov 10 2018 21:38:53 GMT-0800 -- [Repl.bufferWrite(string = 8982313, ms = 10)]
Nov 10 2018 21:38:53 GMT-0800 -- [bufferWrite: concatResult(data = 89823)]
Nov 10 2018 21:38:53 GMT-0800 -- [bufferWrite: concatResult(data = 13
)]
Nov 10 2018 21:38:53 GMT-0800 -- [bufferWrite: concatResult(data = 8982313
)]
Nov 10 2018 21:38:53 GMT-0800 -- [bufferWrite: concatResult(data = >> )]
Nov 10 2018 21:38:53 GMT-0800 -- [Repl.bufferWrite(string, ms): setTimeout()]
Nov 10 2018 21:38:53 GMT-0800 -- [emitOutput(output = 8982313
8982313
>> )]
Nov 10 2018 21:38:54 GMT-0800 -- [socket.on('updateLine', fn)] line: 5
Nov 10 2018 21:38:54 GMT-0800 -- [socket.on('updateLine', fn)] line: 55
Nov 10 2018 21:38:54 GMT-0800 -- [socket.on('updateLine', fn)] line:
Nov 10 2018 21:38:54 GMT-0800 -- [socket.on('execute', fn)] line: 55, clear: undefined
Nov 10 2018 21:38:54 GMT-0800 -- [Repl.bufferWrite(string = 55, ms = 10)]
Nov 10 2018 21:38:54 GMT-0800 -- [bufferWrite: concatResult(data = 55)]
Nov 10 2018 21:38:54 GMT-0800 -- [bufferWrite: concatResult(data =
)]
Nov 10 2018 21:38:54 GMT-0800 -- [bufferWrite: concatResult(data = 55
)]
Nov 10 2018 21:38:54 GMT-0800 -- [bufferWrite: concatResult(data = >> )]
Nov 10 2018 21:38:54 GMT-0800 -- [emitOutput(output = 55
55
>> )]
Nov 10 2018 21:38:54 GMT-0800 -- [Repl.bufferWrite(string, ms): setTimeout()]
Nov 10 2018 21:38:54 GMT-0800 -- [socket.on('updateLine', fn)] line: 3
Nov 10 2018 21:38:54 GMT-0800 -- [socket.on('updateLine', fn)] line: 34
Nov 10 2018 21:38:54 GMT-0800 -- [socket.on('updateLine', fn)] line: 345
Nov 10 2018 21:38:54 GMT-0800 -- [socket.on('updateLine', fn)] line:
Nov 10 2018 21:38:54 GMT-0800 -- [socket.on('execute', fn)] line: 345, clear: undefined
Nov 10 2018 21:38:54 GMT-0800 -- [Repl.bufferWrite(string = 345, ms = 10)]
Nov 10 2018 21:38:54 GMT-0800 -- [bufferWrite: concatResult(data = 345
345
>> )]
Nov 10 2018 21:38:54 GMT-0800 -- [emitOutput(output = 345
345
>> )]
Nov 10 2018 21:38:54 GMT-0800 -- [Repl.bufferWrite(string, ms): setTimeout()]
Nov 10 2018 21:38:54 GMT-0800 -- [socket.on('updateLine', fn)] line: 3
Nov 10 2018 21:38:54 GMT-0800 -- [socket.on('updateLine', fn)] line: 34
Nov 10 2018 21:38:54 GMT-0800 -- [socket.on('updateLine', fn)] line: 345
Nov 10 2018 21:38:54 GMT-0800 -- [socket.on('updateLine', fn)] line: 3453
Nov 10 2018 21:38:54 GMT-0800 -- [socket.on('updateLine', fn)] line: 34534
Nov 10 2018 21:38:54 GMT-0800 -- [socket.on('updateLine', fn)] line:
Nov 10 2018 21:38:54 GMT-0800 -- [socket.on('execute', fn)] line: 34534, clear: undefined
Nov 10 2018 21:38:54 GMT-0800 -- [Repl.bufferWrite(string = 34534, ms = 10)]
Nov 10 2018 21:38:54 GMT-0800 -- [bufferWrite: concatResult(data = 3453)]
Nov 10 2018 21:38:54 GMT-0800 -- [bufferWrite: concatResult(data = 4
)]
Nov 10 2018 21:38:54 GMT-0800 -- [bufferWrite: concatResult(data = 34534
)]
Nov 10 2018 21:38:54 GMT-0800 -- [bufferWrite: concatResult(data = >> )]
Nov 10 2018 21:38:54 GMT-0800 -- [emitOutput(output = 34534
34534
>> )]
Nov 10 2018 21:38:54 GMT-0800 -- [Repl.bufferWrite(string, ms): setTimeout()]
Nov 10 2018 21:38:54 GMT-0800 -- [socket.on('updateLine', fn)] line: 5
Nov 10 2018 21:38:54 GMT-0800 -- [socket.on('updateLine', fn)] line:
Nov 10 2018 21:38:54 GMT-0800 -- [socket.on('execute', fn)] line: 5, clear: undefined
Nov 10 2018 21:38:54 GMT-0800 -- [Repl.bufferWrite(string = 5, ms = 10)]
Nov 10 2018 21:38:54 GMT-0800 -- [bufferWrite: concatResult(data = 5
)]
Nov 10 2018 21:38:54 GMT-0800 -- [bufferWrite: concatResult(data = 5
)]
Nov 10 2018 21:38:54 GMT-0800 -- [bufferWrite: concatResult(data = >> )]
Nov 10 2018 21:38:54 GMT-0800 -- [emitOutput(output = 5
5
>> )]
Nov 10 2018 21:38:54 GMT-0800 -- [Repl.bufferWrite(string, ms): setTimeout()]
Nov 10 2018 21:38:54 GMT-0800 -- [socket.on('updateLine', fn)] line: 3
Nov 10 2018 21:38:54 GMT-0800 -- [socket.on('updateLine', fn)] line: 34
Nov 10 2018 21:38:55 GMT-0800 -- [socket.on('updateLine', fn)] line: 345
Nov 10 2018 21:38:55 GMT-0800 -- [socket.on('updateLine', fn)] line:
Nov 10 2018 21:38:55 GMT-0800 -- [socket.on('execute', fn)] line: 345, clear: undefined
Nov 10 2018 21:38:55 GMT-0800 -- [Repl.bufferWrite(string = 345, ms = 10)]
Nov 10 2018 21:38:55 GMT-0800 -- [bufferWrite: concatResult(data = 3)]
Nov 10 2018 21:38:55 GMT-0800 -- [bufferWrite: concatResult(data = 45
)]
Nov 10 2018 21:38:55 GMT-0800 -- [bufferWrite: concatResult(data = 345
)]
Nov 10 2018 21:38:55 GMT-0800 -- [bufferWrite: concatResult(data = >> )]
Nov 10 2018 21:38:55 GMT-0800 -- [emitOutput(output = 345
345
>> )]
Nov 10 2018 21:38:55 GMT-0800 -- [Repl.bufferWrite(string, ms): setTimeout()]
Nov 10 2018 21:38:55 GMT-0800 -- [socket.on('updateLine', fn)] line: 3
Nov 10 2018 21:38:55 GMT-0800 -- [socket.on('updateLine', fn)] line: 34
Nov 10 2018 21:38:55 GMT-0800 -- [socket.on('updateLine', fn)] line: 345
Nov 10 2018 21:38:55 GMT-0800 -- [socket.on('updateLine', fn)] line:
Nov 10 2018 21:38:55 GMT-0800 -- [socket.on('execute', fn)] line: 345, clear: undefined
Nov 10 2018 21:38:55 GMT-0800 -- [Repl.bufferWrite(string = 345, ms = 10)]
Nov 10 2018 21:38:55 GMT-0800 -- [bufferWrite: concatResult(data = 345
)]
Nov 10 2018 21:38:55 GMT-0800 -- [bufferWrite: concatResult(data = 345
)]
Nov 10 2018 21:38:55 GMT-0800 -- [bufferWrite: concatResult(data = >> )]
Nov 10 2018 21:38:55 GMT-0800 -- [emitOutput(output = 345
345
>> )]
Nov 10 2018 21:38:55 GMT-0800 -- [Repl.bufferWrite(string, ms): setTimeout()]
Nov 10 2018 21:38:55 GMT-0800 -- [socket.on('updateLine', fn)] line: 3
Nov 10 2018 21:38:55 GMT-0800 -- [socket.on('updateLine', fn)] line: 34
Nov 10 2018 21:38:55 GMT-0800 -- [socket.on('updateLine', fn)] line:
Nov 10 2018 21:38:55 GMT-0800 -- [socket.on('execute', fn)] line: 34, clear: undefined
Nov 10 2018 21:38:55 GMT-0800 -- [Repl.bufferWrite(string = 34, ms = 10)]
Nov 10 2018 21:38:55 GMT-0800 -- [bufferWrite: concatResult(data = 3)]
Nov 10 2018 21:38:55 GMT-0800 -- [bufferWrite: concatResult(data = 4
)]
Nov 10 2018 21:38:55 GMT-0800 -- [bufferWrite: concatResult(data = 34
)]
Nov 10 2018 21:38:55 GMT-0800 -- [bufferWrite: concatResult(data = >> )]
Nov 10 2018 21:38:55 GMT-0800 -- [emitOutput(output = 34
34
>> )]
Nov 10 2018 21:38:55 GMT-0800 -- [Repl.bufferWrite(string, ms): setTimeout()]
Nov 10 2018 21:38:55 GMT-0800 -- [socket.on('updateLine', fn)] line: 5
Nov 10 2018 21:38:55 GMT-0800 -- [socket.on('updateLine', fn)] line:
Nov 10 2018 21:38:55 GMT-0800 -- [socket.on('execute', fn)] line: 5, clear: undefined
Nov 10 2018 21:38:55 GMT-0800 -- [Repl.bufferWrite(string = 5, ms = 10)]
Nov 10 2018 21:38:55 GMT-0800 -- [bufferWrite: concatResult(data = 5
)]
Nov 10 2018 21:38:55 GMT-0800 -- [bufferWrite: concatResult(data = 5
)]
Nov 10 2018 21:38:55 GMT-0800 -- [bufferWrite: concatResult(data = >> )]
Nov 10 2018 21:38:55 GMT-0800 -- [emitOutput(output = 5
5
>> )]
Nov 10 2018 21:38:55 GMT-0800 -- [Repl.bufferWrite(string, ms): setTimeout()]
Nov 10 2018 21:38:55 GMT-0800 -- [socket.on('updateLine', fn)] line: 3
Nov 10 2018 21:38:55 GMT-0800 -- [socket.on('updateLine', fn)] line: 34
Nov 10 2018 21:38:55 GMT-0800 -- [socket.on('updateLine', fn)] line: 345
Nov 10 2018 21:38:55 GMT-0800 -- [socket.on('updateLine', fn)] line:
Nov 10 2018 21:38:55 GMT-0800 -- [socket.on('execute', fn)] line: 345, clear: undefined
Nov 10 2018 21:38:55 GMT-0800 -- [Repl.bufferWrite(string = 345, ms = 10)]
Nov 10 2018 21:38:55 GMT-0800 -- [bufferWrite: concatResult(data = 345)]
Nov 10 2018 21:38:55 GMT-0800 -- [bufferWrite: concatResult(data =
)]
Nov 10 2018 21:38:55 GMT-0800 -- [bufferWrite: concatResult(data = 345
)]
Nov 10 2018 21:38:55 GMT-0800 -- [bufferWrite: concatResult(data = >> )]
Nov 10 2018 21:38:55 GMT-0800 -- [emitOutput(output = 345
345
>> )]
Nov 10 2018 21:38:55 GMT-0800 -- [Repl.bufferWrite(string, ms): setTimeout()]
Nov 10 2018 21:38:55 GMT-0800 -- [socket.on('updateLine', fn)] line: 3
Nov 10 2018 21:38:55 GMT-0800 -- [socket.on('updateLine', fn)] line: 34
Nov 10 2018 21:38:55 GMT-0800 -- [socket.on('updateLine', fn)] line: 345
Nov 10 2018 21:38:55 GMT-0800 -- [socket.on('updateLine', fn)] line:
Nov 10 2018 21:38:55 GMT-0800 -- [socket.on('execute', fn)] line: 345, clear: undefined
Nov 10 2018 21:38:55 GMT-0800 -- [Repl.bufferWrite(string = 345, ms = 10)]
Nov 10 2018 21:38:55 GMT-0800 -- [bufferWrite: concatResult(data = 345
)]
Nov 10 2018 21:38:55 GMT-0800 -- [bufferWrite: concatResult(data = 345
)]
Nov 10 2018 21:38:55 GMT-0800 -- [bufferWrite: concatResult(data = >> )]
Nov 10 2018 21:38:55 GMT-0800 -- [emitOutput(output = 345
345
>> )]
Nov 10 2018 21:38:55 GMT-0800 -- [Repl.bufferWrite(string, ms): setTimeout()]
Nov 10 2018 21:38:55 GMT-0800 -- [socket.on('updateLine', fn)] line: 3
Nov 10 2018 21:38:55 GMT-0800 -- [socket.on('updateLine', fn)] line: 34
Nov 10 2018 21:38:55 GMT-0800 -- [socket.on('updateLine', fn)] line: 345
Nov 10 2018 21:38:55 GMT-0800 -- [socket.on('updateLine', fn)] line:
Nov 10 2018 21:38:55 GMT-0800 -- [socket.on('execute', fn)] line: 345, clear: undefined
Nov 10 2018 21:38:55 GMT-0800 -- [Repl.bufferWrite(string = 345, ms = 10)]
Nov 10 2018 21:38:55 GMT-0800 -- [bufferWrite: concatResult(data = 34)]
Nov 10 2018 21:38:55 GMT-0800 -- [bufferWrite: concatResult(data = 5
)]
Nov 10 2018 21:38:55 GMT-0800 -- [bufferWrite: concatResult(data = 345
)]
Nov 10 2018 21:38:55 GMT-0800 -- [bufferWrite: concatResult(data = >> )]
Nov 10 2018 21:38:55 GMT-0800 -- [emitOutput(output = 345
345
>> )]
Nov 10 2018 21:38:55 GMT-0800 -- [Repl.bufferWrite(string, ms): setTimeout()]
Nov 10 2018 21:38:55 GMT-0800 -- [socket.on('updateLine', fn)] line: 3
Nov 10 2018 21:38:55 GMT-0800 -- [socket.on('updateLine', fn)] line: 34
Nov 10 2018 21:38:55 GMT-0800 -- [socket.on('updateLine', fn)] line:
Nov 10 2018 21:38:55 GMT-0800 -- [socket.on('execute', fn)] line: 34, clear: undefined
Nov 10 2018 21:38:55 GMT-0800 -- [Repl.bufferWrite(string = 34, ms = 10)]
Nov 10 2018 21:38:55 GMT-0800 -- [bufferWrite: concatResult(data = 34)]
Nov 10 2018 21:38:55 GMT-0800 -- [bufferWrite: concatResult(data =
)]
Nov 10 2018 21:38:55 GMT-0800 -- [bufferWrite: concatResult(data = 34
)]
Nov 10 2018 21:38:55 GMT-0800 -- [emitOutput(output = 34
34
>> )]
Nov 10 2018 21:38:55 GMT-0800 -- [Repl.bufferWrite(string, ms): setTimeout()]
Nov 10 2018 21:38:56 GMT-0800 -- [socket.on('updateLine', fn)] line: 5
Nov 10 2018 21:38:56 GMT-0800 -- [socket.on('updateLine', fn)] line:
Nov 10 2018 21:38:56 GMT-0800 -- [socket.on('execute', fn)] line: 5, clear: undefined
Nov 10 2018 21:38:56 GMT-0800 -- [Repl.bufferWrite(string = 5, ms = 10)]
Nov 10 2018 21:38:56 GMT-0800 -- [bufferWrite: concatResult(data = 5)]
Nov 10 2018 21:38:56 GMT-0800 -- [bufferWrite: concatResult(data =
)]
Nov 10 2018 21:38:56 GMT-0800 -- [bufferWrite: concatResult(data = 5
)]
Nov 10 2018 21:38:56 GMT-0800 -- [bufferWrite: concatResult(data = >> )]
Nov 10 2018 21:38:56 GMT-0800 -- [emitOutput(output = 5
5
>> )]
Nov 10 2018 21:38:56 GMT-0800 -- [Repl.bufferWrite(string, ms): setTimeout()]
Nov 10 2018 21:38:56 GMT-0800 -- [socket.on('updateLine', fn)] line: 3
Nov 10 2018 21:38:56 GMT-0800 -- [socket.on('updateLine', fn)] line: 34
Nov 10 2018 21:38:56 GMT-0800 -- [socket.on('updateLine', fn)] line: 345
Nov 10 2018 21:38:56 GMT-0800 -- [socket.on('updateLine', fn)] line:
Nov 10 2018 21:38:56 GMT-0800 -- [socket.on('execute', fn)] line: 345, clear: undefined
Nov 10 2018 21:38:56 GMT-0800 -- [Repl.bufferWrite(string = 345, ms = 10)]
Nov 10 2018 21:38:56 GMT-0800 -- [bufferWrite: concatResult(data = 345
)]
Nov 10 2018 21:38:56 GMT-0800 -- [bufferWrite: concatResult(data = 345
)]
Nov 10 2018 21:38:56 GMT-0800 -- [bufferWrite: concatResult(data = >> )]
Nov 10 2018 21:38:56 GMT-0800 -- [Repl.bufferWrite(string, ms): setTimeout()]
Nov 10 2018 21:38:56 GMT-0800 -- [emitOutput(output = 345
345
>> )]
Nov 10 2018 21:38:56 GMT-0800 -- [socket.on('updateLine', fn)] line: 3
Nov 10 2018 21:38:56 GMT-0800 -- [socket.on('updateLine', fn)] line: 34
Nov 10 2018 21:38:56 GMT-0800 -- [socket.on('updateLine', fn)] line:
Nov 10 2018 21:38:56 GMT-0800 -- [socket.on('execute', fn)] line: 34, clear: undefined
Nov 10 2018 21:38:56 GMT-0800 -- [Repl.bufferWrite(string = 34, ms = 10)]
Nov 10 2018 21:38:56 GMT-0800 -- [bufferWrite: concatResult(data = 34
)]
Nov 10 2018 21:38:56 GMT-0800 -- [bufferWrite: concatResult(data = 34
)]
Nov 10 2018 21:38:56 GMT-0800 -- [bufferWrite: concatResult(data = >> )]
Nov 10 2018 21:38:56 GMT-0800 -- [emitOutput(output = 34
34
>> )]
Nov 10 2018 21:38:56 GMT-0800 -- [Repl.bufferWrite(string, ms): setTimeout()]
Nov 10 2018 21:38:56 GMT-0800 -- [socket.on('updateLine', fn)] line: 5
Nov 10 2018 21:38:56 GMT-0800 -- [socket.on('updateLine', fn)] line: 53
Nov 10 2018 21:38:56 GMT-0800 -- [socket.on('updateLine', fn)] line: 534
Nov 10 2018 21:38:56 GMT-0800 -- [socket.on('updateLine', fn)] line:
Nov 10 2018 21:38:56 GMT-0800 -- [socket.on('execute', fn)] line: 534, clear: undefined
Nov 10 2018 21:38:56 GMT-0800 -- [Repl.bufferWrite(string = 534, ms = 10)]
Nov 10 2018 21:38:56 GMT-0800 -- [bufferWrite: concatResult(data = 534
)]
Nov 10 2018 21:38:56 GMT-0800 -- [bufferWrite: concatResult(data = 534
)]
Nov 10 2018 21:38:56 GMT-0800 -- [bufferWrite: concatResult(data = >> )]
Nov 10 2018 21:38:56 GMT-0800 -- [emitOutput(output = 534
534
>> )]
Nov 10 2018 21:38:56 GMT-0800 -- [Repl.bufferWrite(string, ms): setTimeout()]
Nov 10 2018 21:38:56 GMT-0800 -- [socket.on('updateLine', fn)] line: 5
Nov 10 2018 21:38:56 GMT-0800 -- [socket.on('updateLine', fn)] line:
Nov 10 2018 21:38:56 GMT-0800 -- [socket.on('execute', fn)] line: 5, clear: undefined
Nov 10 2018 21:38:56 GMT-0800 -- [Repl.bufferWrite(string = 5, ms = 10)]
Nov 10 2018 21:38:56 GMT-0800 -- [bufferWrite: concatResult(data = 5
)]
Nov 10 2018 21:38:56 GMT-0800 -- [bufferWrite: concatResult(data = 5
)]
Nov 10 2018 21:38:56 GMT-0800 -- [bufferWrite: concatResult(data = >> )]
Nov 10 2018 21:38:56 GMT-0800 -- [emitOutput(output = 5
5
>> )]
Nov 10 2018 21:38:56 GMT-0800 -- [Repl.bufferWrite(string, ms): setTimeout()]
Nov 10 2018 21:38:56 GMT-0800 -- [socket.on('updateLine', fn)] line: 3
Nov 10 2018 21:38:56 GMT-0800 -- [socket.on('updateLine', fn)] line: 34
Nov 10 2018 21:38:56 GMT-0800 -- [socket.on('updateLine', fn)] line: 345
Nov 10 2018 21:38:56 GMT-0800 -- [socket.on('updateLine', fn)] line:
Nov 10 2018 21:38:56 GMT-0800 -- [socket.on('execute', fn)] line: 345, clear: undefined
Nov 10 2018 21:38:56 GMT-0800 -- [Repl.bufferWrite(string = 345, ms = 10)]
Nov 10 2018 21:38:56 GMT-0800 -- [bufferWrite: concatResult(data = 3)]
Nov 10 2018 21:38:56 GMT-0800 -- [bufferWrite: concatResult(data = 45
)]
Nov 10 2018 21:38:56 GMT-0800 -- [bufferWrite: concatResult(data = 345
)]
Nov 10 2018 21:38:56 GMT-0800 -- [bufferWrite: concatResult(data = >> )]
Nov 10 2018 21:38:56 GMT-0800 -- [Repl.bufferWrite(string, ms): setTimeout()]
Nov 10 2018 21:38:56 GMT-0800 -- [emitOutput(output = 345
345
>> )]
Nov 10 2018 21:38:56 GMT-0800 -- [socket.on('updateLine', fn)] line: 3
Nov 10 2018 21:38:56 GMT-0800 -- [socket.on('updateLine', fn)] line: 34
Nov 10 2018 21:38:56 GMT-0800 -- [socket.on('updateLine', fn)] line: 345
Nov 10 2018 21:38:56 GMT-0800 -- [socket.on('updateLine', fn)] line:
Nov 10 2018 21:38:56 GMT-0800 -- [socket.on('execute', fn)] line: 345, clear: undefined
Nov 10 2018 21:38:56 GMT-0800 -- [Repl.bufferWrite(string = 345, ms = 10)]
Nov 10 2018 21:38:56 GMT-0800 -- [bufferWrite: concatResult(data = 3)]
Nov 10 2018 21:38:56 GMT-0800 -- [bufferWrite: concatResult(data = 45
)]
Nov 10 2018 21:38:56 GMT-0800 -- [bufferWrite: concatResult(data = 345
)]
Nov 10 2018 21:38:56 GMT-0800 -- [bufferWrite: concatResult(data = >> )]
Nov 10 2018 21:38:56 GMT-0800 -- [emitOutput(output = 345
345
>> )]
Nov 10 2018 21:38:56 GMT-0800 -- [Repl.bufferWrite(string, ms): setTimeout()]
Nov 10 2018 21:38:57 GMT-0800 -- [socket.on('updateLine', fn)] line: 3
Nov 10 2018 21:38:57 GMT-0800 -- [socket.on('updateLine', fn)] line: 34
Nov 10 2018 21:38:57 GMT-0800 -- [socket.on('updateLine', fn)] line:
Nov 10 2018 21:38:57 GMT-0800 -- [socket.on('execute', fn)] line: 34, clear: undefined
Nov 10 2018 21:38:57 GMT-0800 -- [Repl.bufferWrite(string = 34, ms = 10)]
Nov 10 2018 21:38:57 GMT-0800 -- [bufferWrite: concatResult(data = 3)]
Nov 10 2018 21:38:57 GMT-0800 -- [bufferWrite: concatResult(data = 4
)]
Nov 10 2018 21:38:57 GMT-0800 -- [bufferWrite: concatResult(data = 34
)]
Nov 10 2018 21:38:57 GMT-0800 -- [bufferWrite: concatResult(data = >> )]
Nov 10 2018 21:38:57 GMT-0800 -- [emitOutput(output = 34
34
>> )]
Nov 10 2018 21:38:57 GMT-0800 -- [Repl.bufferWrite(string, ms): setTimeout()]
Nov 10 2018 21:38:57 GMT-0800 -- [socket.on('updateLine', fn)] line: 5
Nov 10 2018 21:38:57 GMT-0800 -- [socket.on('updateLine', fn)] line: 53
Nov 10 2018 21:38:57 GMT-0800 -- [socket.on('updateLine', fn)] line: 534
Nov 10 2018 21:38:57 GMT-0800 -- [socket.on('updateLine', fn)] line:
Nov 10 2018 21:38:57 GMT-0800 -- [socket.on('execute', fn)] line: 534, clear: undefined
Nov 10 2018 21:38:57 GMT-0800 -- [Repl.bufferWrite(string = 534, ms = 10)]
Nov 10 2018 21:38:57 GMT-0800 -- [bufferWrite: concatResult(data = 534
534
>> )]
Nov 10 2018 21:38:57 GMT-0800 -- [emitOutput(output = 534
534
>> )]
Nov 10 2018 21:38:57 GMT-0800 -- [Repl.bufferWrite(string, ms): setTimeout()]
Nov 10 2018 21:38:57 GMT-0800 -- [socket.on('updateLine', fn)] line: 5
Nov 10 2018 21:38:57 GMT-0800 -- [socket.on('updateLine', fn)] line:
Nov 10 2018 21:38:57 GMT-0800 -- [socket.on('execute', fn)] line: 5, clear: undefined
Nov 10 2018 21:38:57 GMT-0800 -- [Repl.bufferWrite(string = 5, ms = 10)]
Nov 10 2018 21:38:57 GMT-0800 -- [bufferWrite: concatResult(data = 5
)]
Nov 10 2018 21:38:57 GMT-0800 -- [bufferWrite: concatResult(data = 5
)]
Nov 10 2018 21:38:57 GMT-0800 -- [bufferWrite: concatResult(data = >> )]
Nov 10 2018 21:38:57 GMT-0800 -- [emitOutput(output = 5
5
>> )]
Nov 10 2018 21:38:57 GMT-0800 -- [Repl.bufferWrite(string, ms): setTimeout()]
Nov 10 2018 21:38:57 GMT-0800 -- [socket.on('updateLine', fn)] line: 3
Nov 10 2018 21:38:57 GMT-0800 -- [socket.on('updateLine', fn)] line: 34
Nov 10 2018 21:38:57 GMT-0800 -- [socket.on('updateLine', fn)] line: 345
Nov 10 2018 21:38:57 GMT-0800 -- [socket.on('updateLine', fn)] line:
Nov 10 2018 21:38:57 GMT-0800 -- [socket.on('execute', fn)] line: 345, clear: undefined
Nov 10 2018 21:38:57 GMT-0800 -- [Repl.bufferWrite(string = 345, ms = 10)]
Nov 10 2018 21:38:57 GMT-0800 -- [bufferWrite: concatResult(data = 3)]
Nov 10 2018 21:38:57 GMT-0800 -- [bufferWrite: concatResult(data = 45
)]
Nov 10 2018 21:38:57 GMT-0800 -- [bufferWrite: concatResult(data = 345
)]
Nov 10 2018 21:38:57 GMT-0800 -- [bufferWrite: concatResult(data = >> )]
Nov 10 2018 21:38:57 GMT-0800 -- [emitOutput(output = 345
345
>> )]
Nov 10 2018 21:38:57 GMT-0800 -- [Repl.bufferWrite(string, ms): setTimeout()]
Nov 10 2018 21:38:57 GMT-0800 -- [socket.on('updateLine', fn)] line: 3
Nov 10 2018 21:38:57 GMT-0800 -- [socket.on('updateLine', fn)] line: 34
Nov 10 2018 21:38:57 GMT-0800 -- [socket.on('updateLine', fn)] line: 345
Nov 10 2018 21:38:57 GMT-0800 -- [socket.on('updateLine', fn)] line:
Nov 10 2018 21:38:57 GMT-0800 -- [socket.on('execute', fn)] line: 345, clear: undefined
Nov 10 2018 21:38:57 GMT-0800 -- [Repl.bufferWrite(string = 345, ms = 10)]
Nov 10 2018 21:38:57 GMT-0800 -- [bufferWrite: concatResult(data = 3)]
Nov 10 2018 21:38:57 GMT-0800 -- [bufferWrite: concatResult(data = 45
)]
Nov 10 2018 21:38:57 GMT-0800 -- [bufferWrite: concatResult(data = 345
)]
Nov 10 2018 21:38:57 GMT-0800 -- [bufferWrite: concatResult(data = >> )]
Nov 10 2018 21:38:57 GMT-0800 -- [emitOutput(output = 345
345
>> )]
Nov 10 2018 21:38:57 GMT-0800 -- [Repl.bufferWrite(string, ms): setTimeout()]
Nov 10 2018 21:38:57 GMT-0800 -- [socket.on('updateLine', fn)] line: 3
Nov 10 2018 21:38:57 GMT-0800 -- [socket.on('updateLine', fn)] line: 34
Nov 10 2018 21:38:57 GMT-0800 -- [socket.on('updateLine', fn)] line: 345
Nov 10 2018 21:38:57 GMT-0800 -- [socket.on('updateLine', fn)] line:
Nov 10 2018 21:38:57 GMT-0800 -- [socket.on('execute', fn)] line: 345, clear: undefined
Nov 10 2018 21:38:57 GMT-0800 -- [Repl.bufferWrite(string = 345, ms = 10)]
Nov 10 2018 21:38:57 GMT-0800 -- [bufferWrite: concatResult(data = 3)]
Nov 10 2018 21:38:57 GMT-0800 -- [bufferWrite: concatResult(data = 45
)]
Nov 10 2018 21:38:57 GMT-0800 -- [bufferWrite: concatResult(data = 345
)]
Nov 10 2018 21:38:57 GMT-0800 -- [bufferWrite: concatResult(data = >> )]
Nov 10 2018 21:38:57 GMT-0800 -- [emitOutput(output = 345
345
>> )]
Nov 10 2018 21:38:57 GMT-0800 -- [Repl.bufferWrite(string, ms): setTimeout()]
Nov 10 2018 21:38:57 GMT-0800 -- [socket.on('updateLine', fn)] line: 3
Nov 10 2018 21:38:57 GMT-0800 -- [socket.on('updateLine', fn)] line: 34
Nov 10 2018 21:38:57 GMT-0800 -- [socket.on('updateLine', fn)] line:
Nov 10 2018 21:38:57 GMT-0800 -- [socket.on('execute', fn)] line: 34, clear: undefined
Nov 10 2018 21:38:57 GMT-0800 -- [Repl.bufferWrite(string = 34, ms = 10)]
Nov 10 2018 21:38:57 GMT-0800 -- [bufferWrite: concatResult(data = 3)]
Nov 10 2018 21:38:57 GMT-0800 -- [bufferWrite: concatResult(data = 4
)]
Nov 10 2018 21:38:57 GMT-0800 -- [bufferWrite: concatResult(data = 34
)]
Nov 10 2018 21:38:57 GMT-0800 -- [bufferWrite: concatResult(data = >> )]
Nov 10 2018 21:38:57 GMT-0800 -- [emitOutput(output = 34
34
>> )]
Nov 10 2018 21:38:57 GMT-0800 -- [Repl.bufferWrite(string, ms): setTimeout()]
Nov 10 2018 21:38:57 GMT-0800 -- [socket.on('updateLine', fn)] line: 5
Nov 10 2018 21:38:58 GMT-0800 -- [socket.on('updateLine', fn)] line: 53
Nov 10 2018 21:38:58 GMT-0800 -- [socket.on('updateLine', fn)] line: 534
Nov 10 2018 21:38:58 GMT-0800 -- [socket.on('updateLine', fn)] line:
Nov 10 2018 21:38:58 GMT-0800 -- [socket.on('execute', fn)] line: 534, clear: undefined
Nov 10 2018 21:38:58 GMT-0800 -- [Repl.bufferWrite(string = 534, ms = 10)]
Nov 10 2018 21:38:58 GMT-0800 -- [bufferWrite: concatResult(data = 534
)]
Nov 10 2018 21:38:58 GMT-0800 -- [bufferWrite: concatResult(data = 534
)]
Nov 10 2018 21:38:58 GMT-0800 -- [bufferWrite: concatResult(data = >> )]
Nov 10 2018 21:38:58 GMT-0800 -- [emitOutput(output = 534
534
>> )]
Nov 10 2018 21:38:58 GMT-0800 -- [Repl.bufferWrite(string, ms): setTimeout()]
Nov 10 2018 21:38:58 GMT-0800 -- [socket.on('updateLine', fn)] line: 5
Nov 10 2018 21:38:58 GMT-0800 -- [socket.on('updateLine', fn)] line:
Nov 10 2018 21:38:58 GMT-0800 -- [socket.on('execute', fn)] line: 5, clear: undefined
Nov 10 2018 21:38:58 GMT-0800 -- [Repl.bufferWrite(string = 5, ms = 10)]
Nov 10 2018 21:38:58 GMT-0800 -- [bufferWrite: concatResult(data = 5
)]
Nov 10 2018 21:38:58 GMT-0800 -- [bufferWrite: concatResult(data = 5
)]
Nov 10 2018 21:38:58 GMT-0800 -- [bufferWrite: concatResult(data = >> )]
Nov 10 2018 21:38:58 GMT-0800 -- [emitOutput(output = 5
5
>> )]
Nov 10 2018 21:38:58 GMT-0800 -- [Repl.bufferWrite(string, ms): setTimeout()]
Nov 10 2018 21:38:58 GMT-0800 -- [socket.on('updateLine', fn)] line: 3
Nov 10 2018 21:38:58 GMT-0800 -- [socket.on('updateLine', fn)] line: 34
Nov 10 2018 21:38:58 GMT-0800 -- [socket.on('updateLine', fn)] line: 345
Nov 10 2018 21:38:58 GMT-0800 -- [socket.on('updateLine', fn)] line:
Nov 10 2018 21:38:58 GMT-0800 -- [socket.on('execute', fn)] line: 345, clear: undefined
Nov 10 2018 21:38:58 GMT-0800 -- [Repl.bufferWrite(string = 345, ms = 10)]
Nov 10 2018 21:38:58 GMT-0800 -- [bufferWrite: concatResult(data = 345)]
Nov 10 2018 21:38:58 GMT-0800 -- [bufferWrite: concatResult(data =
)]
Nov 10 2018 21:38:58 GMT-0800 -- [bufferWrite: concatResult(data = 345
)]
Nov 10 2018 21:38:58 GMT-0800 -- [bufferWrite: concatResult(data = >> )]
Nov 10 2018 21:38:58 GMT-0800 -- [emitOutput(output = 345
345
>> )]
Nov 10 2018 21:38:58 GMT-0800 -- [Repl.bufferWrite(string, ms): setTimeout()]
Nov 10 2018 21:38:58 GMT-0800 -- [socket.on('updateLine', fn)] line: 3
Nov 10 2018 21:38:58 GMT-0800 -- [socket.on('updateLine', fn)] line: 34
Nov 10 2018 21:38:58 GMT-0800 -- [socket.on('updateLine', fn)] line: 345
Nov 10 2018 21:38:58 GMT-0800 -- [socket.on('updateLine', fn)] line:
Nov 10 2018 21:38:58 GMT-0800 -- [socket.on('execute', fn)] line: 345, clear: undefined
Nov 10 2018 21:38:58 GMT-0800 -- [Repl.bufferWrite(string = 345, ms = 10)]
Nov 10 2018 21:38:58 GMT-0800 -- [bufferWrite: concatResult(data = 345
)]
Nov 10 2018 21:38:58 GMT-0800 -- [bufferWrite: concatResult(data = 345
)]
Nov 10 2018 21:38:58 GMT-0800 -- [bufferWrite: concatResult(data = >> )]
Nov 10 2018 21:38:58 GMT-0800 -- [emitOutput(output = 345
345
>> )]
Nov 10 2018 21:38:58 GMT-0800 -- [Repl.bufferWrite(string, ms): setTimeout()]

