Nov 11 2018 08:27:59 GMT+0000 -- [Repl.bufferWrite(string, ms): setTimeout()]
Nov 11 2018 08:27:59 GMT+0000 -- [socket.on('updateLine', fn)] line: 1
Nov 11 2018 08:27:59 GMT+0000 -- [socket.on('updateLine', fn)] line: 12
Nov 11 2018 08:27:59 GMT+0000 -- [socket.on('updateLine', fn)] line: 123
Nov 11 2018 08:27:59 GMT+0000 -- [socket.on('updateLine', fn)] line: 
Nov 11 2018 08:27:59 GMT+0000 -- [socket.on('execute', fn)] line: 123, clear: undefined
Nov 11 2018 08:27:59 GMT+0000 -- [Repl.bufferWrite(string = 123, ms = 10)]
Nov 11 2018 08:27:59 GMT+0000 -- [bufferWrite: concatResult(data = 123
)]
Nov 11 2018 08:27:59 GMT+0000 -- [socket.on('updateLine', fn)] line: 
Nov 11 2018 08:27:59 GMT+0000 -- [bufferWrite: concatResult(data = 123
>>> )]
Nov 11 2018 08:27:59 GMT+0000 -- [socket.on('execute', fn)] line: , clear: undefined
Nov 11 2018 08:27:59 GMT+0000 -- [Repl.bufferWrite(string = , ms = 10)]
Nov 11 2018 08:27:59 GMT+0000 -- [bufferWrite: concatResult(data = 
)]
Nov 11 2018 08:27:59 GMT+0000 -- [bufferWrite: concatResult(data = 
)]
Nov 11 2018 08:27:59 GMT+0000 -- [bufferWrite: concatResult(data = >>> )]
Nov 11 2018 08:27:59 GMT+0000 -- [bufferWrite: concatResult(data = >>> )]
Nov 11 2018 08:27:59 GMT+0000 -- [emitOutput(output = 123
123
>>> 
>>> )]
Nov 11 2018 08:27:59 GMT+0000 -- [Repl.bufferWrite(string, ms): setTimeout()]
Nov 11 2018 08:27:59 GMT+0000 -- [emitOutput(output = 
>>> )]
Nov 11 2018 08:27:59 GMT+0000 -- [Repl.bufferWrite(string, ms): setTimeout()]
Nov 11 2018 08:28:00 GMT+0000 -- [socket.on('updateLine', fn)] line: 
Nov 11 2018 08:28:00 GMT+0000 -- [socket.on('execute', fn)] line: , clear: undefined
Nov 11 2018 08:28:00 GMT+0000 -- [Repl.bufferWrite(string = , ms = 10)]
Nov 11 2018 08:28:00 GMT+0000 -- [bufferWrite: concatResult(data = 
)]
Nov 11 2018 08:28:00 GMT+0000 -- [bufferWrite: concatResult(data = >>> )]
Nov 11 2018 08:28:00 GMT+0000 -- [emitOutput(output = 
>>> )]
Nov 11 2018 08:28:00 GMT+0000 -- [socket.on('updateLine', fn)] line: 5
Nov 11 2018 08:28:00 GMT+0000 -- [socket.on('updateLine', fn)] line: 52
Nov 11 2018 08:28:00 GMT+0000 -- [socket.on('updateLine', fn)] line: 
Nov 11 2018 08:28:00 GMT+0000 -- [socket.on('execute', fn)] line: 52, clear: undefined
Nov 11 2018 08:28:00 GMT+0000 -- [Repl.bufferWrite(string = 52, ms = 10)]
Nov 11 2018 08:28:00 GMT+0000 -- [bufferWrite: concatResult(data = 52)]
Nov 11 2018 08:28:00 GMT+0000 -- [bufferWrite: concatResult(data = 
)]
Nov 11 2018 08:28:00 GMT+0000 -- [bufferWrite: concatResult(data = 52
>>> )]
Nov 11 2018 08:28:00 GMT+0000 -- [Repl.bufferWrite(string, ms): setTimeout()]
Nov 11 2018 08:28:00 GMT+0000 -- [emitOutput(output = 52
52
>>> )]
Nov 11 2018 08:28:00 GMT+0000 -- [socket.on('updateLine', fn)] line: 3
Nov 11 2018 08:28:00 GMT+0000 -- [socket.on('updateLine', fn)] line: 33
Nov 11 2018 08:28:00 GMT+0000 -- [Repl.bufferWrite(string, ms): setTimeout()]
Nov 11 2018 08:28:00 GMT+0000 -- [socket.on('updateLine', fn)] line: 333
Nov 11 2018 08:28:00 GMT+0000 -- [socket.on('updateLine', fn)] line: 
Nov 11 2018 08:28:00 GMT+0000 -- [socket.on('execute', fn)] line: 333, clear: undefined
Nov 11 2018 08:28:00 GMT+0000 -- [Repl.bufferWrite(string = 333, ms = 10)]
Nov 11 2018 08:28:00 GMT+0000 -- [bufferWrite: concatResult(data = 333
)]
Nov 11 2018 08:28:00 GMT+0000 -- [socket.on('updateLine', fn)] line: 1
Nov 11 2018 08:28:00 GMT+0000 -- [bufferWrite: concatResult(data = 333
>>> )]
Nov 11 2018 08:28:00 GMT+0000 -- [emitOutput(output = 333
333
>>> )]
Nov 11 2018 08:28:00 GMT+0000 -- [Repl.bufferWrite(string, ms): setTimeout()]
Nov 11 2018 08:28:00 GMT+0000 -- [socket.on('updateLine', fn)] line: 12
Nov 11 2018 08:28:00 GMT+0000 -- [socket.on('updateLine', fn)] line: 123
Nov 11 2018 08:28:00 GMT+0000 -- [socket.on('updateLine', fn)] line: 
Nov 11 2018 08:28:00 GMT+0000 -- [socket.on('execute', fn)] line: 123, clear: undefined
Nov 11 2018 08:28:00 GMT+0000 -- [Repl.bufferWrite(string = 123, ms = 10)]
Nov 11 2018 08:28:00 GMT+0000 -- [bufferWrite: concatResult(data = 123
)]
Nov 11 2018 08:28:00 GMT+0000 -- [bufferWrite: concatResult(data = 123
)]
Nov 11 2018 08:28:00 GMT+0000 -- [bufferWrite: concatResult(data = >>> )]
Nov 11 2018 08:28:00 GMT+0000 -- [emitOutput(output = 123
123
>>> )]
Nov 11 2018 08:28:00 GMT+0000 -- [Repl.bufferWrite(string, ms): setTimeout()]
Nov 11 2018 08:28:00 GMT+0000 -- [socket.on('updateLine', fn)] line: 
Nov 11 2018 08:28:00 GMT+0000 -- [socket.on('execute', fn)] line: , clear: undefined
Nov 11 2018 08:28:00 GMT+0000 -- [Repl.bufferWrite(string = , ms = 10)]
Nov 11 2018 08:28:00 GMT+0000 -- [bufferWrite: concatResult(data = 
)]
Nov 11 2018 08:28:00 GMT+0000 -- [bufferWrite: concatResult(data = >>> )]
Nov 11 2018 08:28:00 GMT+0000 -- [emitOutput(output = 
>>> )]
Nov 11 2018 08:28:00 GMT+0000 -- [Repl.bufferWrite(string, ms): setTimeout()]
Nov 11 2018 08:28:03 GMT+0000 -- [socket.on('updateLine', fn)] line: 
Nov 11 2018 08:28:03 GMT+0000 -- [socket.on('execute', fn)] line: , clear: undefined
Nov 11 2018 08:28:03 GMT+0000 -- [Repl.bufferWrite(string = , ms = 10)]
Nov 11 2018 08:28:03 GMT+0000 -- [socket.on('updateLine', fn)] line: 2
Nov 11 2018 08:28:03 GMT+0000 -- [bufferWrite: concatResult(data = 
>>> )]
Nov 11 2018 08:28:03 GMT+0000 -- [socket.on('updateLine', fn)] line: 
Nov 11 2018 08:28:03 GMT+0000 -- [socket.on('execute', fn)] line: 2, clear: undefined
Nov 11 2018 08:28:03 GMT+0000 -- [Repl.bufferWrite(string = 2, ms = 10)]
Nov 11 2018 08:28:03 GMT+0000 -- [socket.on('updateLine', fn)] line: 3
Nov 11 2018 08:28:03 GMT+0000 -- [bufferWrite: concatResult(data = 2
2
>>> )]
Nov 11 2018 08:28:03 GMT+0000 -- [bufferWrite: concatResult(data = 2
2
>>> )]
Nov 11 2018 08:28:03 GMT+0000 -- [socket.on('updateLine', fn)] line: 33
Nov 11 2018 08:28:03 GMT+0000 -- [socket.on('updateLine', fn)] line: 333
Nov 11 2018 08:28:03 GMT+0000 -- [socket.on('updateLine', fn)] line: 
Nov 11 2018 08:28:03 GMT+0000 -- [socket.on('execute', fn)] line: 333, clear: undefined
Nov 11 2018 08:28:03 GMT+0000 -- [Repl.bufferWrite(string = 333, ms = 10)]
Nov 11 2018 08:28:03 GMT+0000 -- [socket.on('updateLine', fn)] line: 1
Nov 11 2018 08:28:03 GMT+0000 -- [bufferWrite: concatResult(data = 333
333
>>> )]
Nov 11 2018 08:28:03 GMT+0000 -- [bufferWrite: concatResult(data = 333
333
>>> )]
Nov 11 2018 08:28:03 GMT+0000 -- [bufferWrite: concatResult(data = 333
333
>>> )]
Nov 11 2018 08:28:03 GMT+0000 -- [socket.on('updateLine', fn)] line: 12
Nov 11 2018 08:28:03 GMT+0000 -- [socket.on('updateLine', fn)] line: 123
Nov 11 2018 08:28:03 GMT+0000 -- [socket.on('updateLine', fn)] line: 
Nov 11 2018 08:28:03 GMT+0000 -- [socket.on('execute', fn)] line: 123, clear: undefined
Nov 11 2018 08:28:03 GMT+0000 -- [Repl.bufferWrite(string = 123, ms = 10)]
Nov 11 2018 08:28:03 GMT+0000 -- [socket.on('updateLine', fn)] line: 
Nov 11 2018 08:28:03 GMT+0000 -- [bufferWrite: concatResult(data = 123
123
>>> )]
Nov 11 2018 08:28:03 GMT+0000 -- [bufferWrite: concatResult(data = 123
123
>>> )]
Nov 11 2018 08:28:03 GMT+0000 -- [bufferWrite: concatResult(data = 123
123
>>> )]
Nov 11 2018 08:28:03 GMT+0000 -- [bufferWrite: concatResult(data = 123
123
>>> )]
Nov 11 2018 08:28:03 GMT+0000 -- [socket.on('execute', fn)] line: , clear: undefined
Nov 11 2018 08:28:03 GMT+0000 -- [Repl.bufferWrite(string = , ms = 10)]
Nov 11 2018 08:28:03 GMT+0000 -- [bufferWrite: concatResult(data = 
>>> )]
Nov 11 2018 08:28:03 GMT+0000 -- [bufferWrite: concatResult(data = 
>>> )]
Nov 11 2018 08:28:03 GMT+0000 -- [bufferWrite: concatResult(data = 
>>> )]
Nov 11 2018 08:28:03 GMT+0000 -- [bufferWrite: concatResult(data = 
>>> )]
Nov 11 2018 08:28:03 GMT+0000 -- [bufferWrite: concatResult(data = 
>>> )]
Nov 11 2018 08:28:03 GMT+0000 -- [emitOutput(output = 
>>> 2
2
>>> 333
333
>>> 123
123
>>> 
>>> )]
Nov 11 2018 08:28:03 GMT+0000 -- [emitOutput(output = 123
123
>>> 
>>> )]
Nov 11 2018 08:28:03 GMT+0000 -- [emitOutput(output = 
>>> )]
Nov 11 2018 08:28:03 GMT+0000 -- [Repl.bufferWrite(string, ms): setTimeout()]
Nov 11 2018 08:28:03 GMT+0000 -- [Repl.bufferWrite(string, ms): setTimeout()]
Nov 11 2018 08:28:03 GMT+0000 -- [emitOutput(output = 2
2
>>> 333
333
>>> 123
123
>>> 
>>> )]
Nov 11 2018 08:28:03 GMT+0000 -- [emitOutput(output = 333
333
>>> 123
123
>>> 
>>> )]
Nov 11 2018 08:28:03 GMT+0000 -- [Repl.bufferWrite(string, ms): setTimeout()]
Nov 11 2018 08:28:03 GMT+0000 -- [Repl.bufferWrite(string, ms): setTimeout()]
Nov 11 2018 08:28:03 GMT+0000 -- [Repl.bufferWrite(string, ms): setTimeout()]
