> webpack --config webpack.config.js && node server.js

Hash: ec37502f1d3938884f50
Version: webpack 4.25.1
Time: 1473ms
Built at: 11/10/2018 11:41:41 PM
  Asset      Size  Chunks             Chunk Names
main.js  1.55 MiB    main  [emitted]  main
Entrypoint main = main.js
[0] ws (ignored) 15 bytes {main} [optional] [built]
[./node_modules/css-loader/index.js!./src/main.css] ./node_modules/css-loader!./src/main.css 996 bytes {main} [built]
[./node_modules/webpack/buildin/amd-options.js] (webpack)/buildin/amd-options.js 80 bytes {main} [built]
[./node_modules/webpack/buildin/global.js] (webpack)/buildin/global.js 489 bytes {main} [built]
[./node_modules/webpack/buildin/module.js] (webpack)/buildin/module.js 497 bytes {main} [built]
[./node_modules/yjs/src sync recursive] ./node_modules/yjs/src sync 160 bytes {main} [built]
[./src/client.js] 4.68 KiB {main} [built]
[./src/editor.js] 1.55 KiB {main} [built]
[./src/main.css] 1.04 KiB {main} [built]
[./src/term.js] 1.08 KiB {main} [built]
[./src/utils.js] 65 bytes {main} [built]
    + 175 hidden modules
Nov 10 2018 23:41:41 GMT-0800 -- Listening on 3000...
Nov 10 2018 23:41:45 GMT-0800 -- [io.on('connection')] socket: [object Object]
Nov 10 2018 23:41:45 GMT-0800 -- [socket.on('initRepl', fn)] language: shell
Nov 10 2018 23:41:45 GMT-0800 -- [Repl.kill()]
Nov 10 2018 23:41:45 GMT-0800 -- [Repl.init(language = shell)]
Nov 10 2018 23:41:45 GMT-0800 -- INITIALIZED bash
Nov 10 2018 23:41:45 GMT-0800 -- [Repl.bufferRead(ms = 400)]
Nov 10 2018 23:41:45 GMT-0800 -- [socket.on('joinRoom', fn)] room: spacecraft-repl
User "ql8njOAqA69DVrfmAAAA" joins room "spacecraft-repl"
Nov 10 2018 23:41:45 GMT-0800 -- [getInstanceOfY(room)] room: spacecraft-repl
Nov 10 2018 23:41:45 GMT-0800 -- [socket.on('yjsEvent', fn)] msg: [object Object]
Nov 10 2018 23:41:45 GMT-0800 -- [getInstanceOfY(room)] room: spacecraft-repl
Nov 10 2018 23:41:45 GMT-0800 -- [bufferRead: concatResult(data = ~/repl/SpaceCraft $ )]
Nov 10 2018 23:41:45 GMT-0800 -- [socket.on('yjsEvent', fn)] msg: [object Object]
Nov 10 2018 23:41:45 GMT-0800 -- [getInstanceOfY(room)] room: spacecraft-repl
Nov 10 2018 23:41:45 GMT-0800 -- [socket.on('yjsEvent', fn)] msg: [object Object]
Nov 10 2018 23:41:45 GMT-0800 -- [getInstanceOfY(room)] room: spacecraft-repl
Nov 10 2018 23:41:45 GMT-0800 -- [Repl.bufferWrite(string, ms): setTimeout()]
Nov 10 2018 23:41:51 GMT-0800 -- [socket.on('disconnect', fn)] Client disconnected
Nov 10 2018 23:41:51 GMT-0800 -- [socket.on('disconnect', fn)]
Nov 10 2018 23:41:51 GMT-0800 -- [getInstanceOfY(room)] room: spacecraft-repl
Nov 10 2018 23:41:51 GMT-0800 -- 0 clients --> Repl.kill()
Nov 10 2018 23:41:51 GMT-0800 -- [Repl.kill()]
Nov 10 2018 23:41:51 GMT-0800 -- [io.on('connection')] socket: [object Object]
Nov 10 2018 23:41:51 GMT-0800 -- [socket.on('initRepl', fn)] language: ruby
Nov 10 2018 23:41:51 GMT-0800 -- [Repl.kill()]
Nov 10 2018 23:41:51 GMT-0800 -- [Repl.init(language = ruby)]
Nov 10 2018 23:41:51 GMT-0800 -- INITIALIZED irb
Nov 10 2018 23:41:51 GMT-0800 -- [Repl.bufferRead(ms = 400)]
Nov 10 2018 23:41:51 GMT-0800 -- [socket.on('joinRoom', fn)] room: spacecraft-repl
User "YM1QLc_ITU11fpXWAAAB" joins room "spacecraft-repl"
Nov 10 2018 23:41:51 GMT-0800 -- [getInstanceOfY(room)] room: spacecraft-repl
Nov 10 2018 23:41:51 GMT-0800 -- [socket.on('yjsEvent', fn)] msg: [object Object]
Nov 10 2018 23:41:51 GMT-0800 -- [getInstanceOfY(room)] room: spacecraft-repl
Nov 10 2018 23:41:51 GMT-0800 -- [socket.on('yjsEvent', fn)] msg: [object Object]
Nov 10 2018 23:41:51 GMT-0800 -- [getInstanceOfY(room)] room: spacecraft-repl
Nov 10 2018 23:41:51 GMT-0800 -- [socket.on('yjsEvent', fn)] msg: [object Object]
Nov 10 2018 23:41:51 GMT-0800 -- [getInstanceOfY(room)] room: spacecraft-repl
Nov 10 2018 23:41:51 GMT-0800 -- [bufferRead: concatResult(data = >> )]
Nov 10 2018 23:41:52 GMT-0800 -- [Repl.bufferWrite(string, ms): setTimeout()]
Nov 10 2018 23:41:52 GMT-0800 -- [socket.on('updateLine', fn)] line: 1
Nov 10 2018 23:41:53 GMT-0800 -- [socket.on('updateLine', fn)] line: 1\
Nov 10 2018 23:41:53 GMT-0800 -- [socket.on('updateLine', fn)] line: 1
Nov 10 2018 23:41:53 GMT-0800 -- [socket.on('updateLine', fn)] line:
Nov 10 2018 23:41:53 GMT-0800 -- [socket.on('execute', fn)] line: 1, clear: undefined
Nov 10 2018 23:41:53 GMT-0800 -- [Repl.bufferWrite(string = 1, ms = 10)]
Nov 10 2018 23:41:53 GMT-0800 -- [bufferWrite: concatResult(data = 1
)]
Nov 10 2018 23:41:53 GMT-0800 -- [bufferWrite: concatResult(data = 1
)]
Nov 10 2018 23:41:53 GMT-0800 -- [bufferWrite: concatResult(data = >> )]
Nov 10 2018 23:41:53 GMT-0800 -- [emitOutput(output = 1
1
>> )]
Nov 10 2018 23:41:53 GMT-0800 -- [Repl.bufferWrite(string, ms): setTimeout()]
Nov 10 2018 23:41:54 GMT-0800 -- [socket.on('updateLine', fn)] line:
Nov 10 2018 23:41:54 GMT-0800 -- [socket.on('execute', fn)] line: , clear: undefined
Nov 10 2018 23:41:54 GMT-0800 -- [Repl.bufferWrite(string = , ms = 10)]
Nov 10 2018 23:41:54 GMT-0800 -- [bufferWrite: concatResult(data =
)]
Nov 10 2018 23:41:54 GMT-0800 -- [bufferWrite: concatResult(data = >> )]
Nov 10 2018 23:41:54 GMT-0800 -- [emitOutput(output =
>> )]
Nov 10 2018 23:41:54 GMT-0800 -- [Repl.bufferWrite(string, ms): setTimeout()]
Nov 10 2018 23:41:54 GMT-0800 -- [socket.on('updateLine', fn)] line:
Nov 10 2018 23:41:54 GMT-0800 -- [socket.on('execute', fn)] line: , clear: undefined
Nov 10 2018 23:41:54 GMT-0800 -- [Repl.bufferWrite(string = , ms = 10)]
Nov 10 2018 23:41:54 GMT-0800 -- [bufferWrite: concatResult(data =
)]
Nov 10 2018 23:41:54 GMT-0800 -- [bufferWrite: concatResult(data = >> )]
Nov 10 2018 23:41:54 GMT-0800 -- [emitOutput(output =
>> )]
Nov 10 2018 23:41:54 GMT-0800 -- [Repl.bufferWrite(string, ms): setTimeout()]
Nov 10 2018 23:41:54 GMT-0800 -- [socket.on('updateLine', fn)] line:
Nov 10 2018 23:41:54 GMT-0800 -- [socket.on('execute', fn)] line: , clear: undefined
Nov 10 2018 23:41:54 GMT-0800 -- [Repl.bufferWrite(string = , ms = 10)]
Nov 10 2018 23:41:54 GMT-0800 -- [bufferWrite: concatResult(data =
)]
Nov 10 2018 23:41:54 GMT-0800 -- [bufferWrite: concatResult(data = >> )]
Nov 10 2018 23:41:54 GMT-0800 -- [emitOutput(output =
>> )]
Nov 10 2018 23:41:54 GMT-0800 -- [Repl.bufferWrite(string, ms): setTimeout()]
Nov 10 2018 23:41:54 GMT-0800 -- [socket.on('updateLine', fn)] line:
Nov 10 2018 23:41:54 GMT-0800 -- [socket.on('execute', fn)] line: , clear: undefined
Nov 10 2018 23:41:54 GMT-0800 -- [Repl.bufferWrite(string = , ms = 10)]
Nov 10 2018 23:41:54 GMT-0800 -- [bufferWrite: concatResult(data =
)]
Nov 10 2018 23:41:54 GMT-0800 -- [bufferWrite: concatResult(data = >> )]
Nov 10 2018 23:41:54 GMT-0800 -- [emitOutput(output =
>> )]
Nov 10 2018 23:41:54 GMT-0800 -- [Repl.bufferWrite(string, ms): setTimeout()]
Nov 10 2018 23:41:54 GMT-0800 -- [socket.on('updateLine', fn)] line:
Nov 10 2018 23:41:54 GMT-0800 -- [socket.on('execute', fn)] line: , clear: undefined
Nov 10 2018 23:41:54 GMT-0800 -- [Repl.bufferWrite(string = , ms = 10)]
Nov 10 2018 23:41:54 GMT-0800 -- [bufferWrite: concatResult(data =
)]
Nov 10 2018 23:41:54 GMT-0800 -- [bufferWrite: concatResult(data = >> )]
Nov 10 2018 23:41:54 GMT-0800 -- [emitOutput(output =
>> )]
Nov 10 2018 23:41:54 GMT-0800 -- [Repl.bufferWrite(string, ms): setTimeout()]
Nov 10 2018 23:41:54 GMT-0800 -- [socket.on('updateLine', fn)] line:
Nov 10 2018 23:41:54 GMT-0800 -- [socket.on('execute', fn)] line: , clear: undefined
Nov 10 2018 23:41:54 GMT-0800 -- [Repl.bufferWrite(string = , ms = 10)]
Nov 10 2018 23:41:54 GMT-0800 -- [bufferWrite: concatResult(data =
>> )]
Nov 10 2018 23:41:54 GMT-0800 -- [emitOutput(output =
>> )]
Nov 10 2018 23:41:54 GMT-0800 -- [Repl.bufferWrite(string, ms): setTimeout()]
Nov 10 2018 23:41:54 GMT-0800 -- [socket.on('updateLine', fn)] line:
Nov 10 2018 23:41:54 GMT-0800 -- [socket.on('execute', fn)] line: , clear: undefined
Nov 10 2018 23:41:54 GMT-0800 -- [Repl.bufferWrite(string = , ms = 10)]
Nov 10 2018 23:41:54 GMT-0800 -- [bufferWrite: concatResult(data =
)]
Nov 10 2018 23:41:54 GMT-0800 -- [bufferWrite: concatResult(data = >> )]
Nov 10 2018 23:41:54 GMT-0800 -- [emitOutput(output =
>> )]
Nov 10 2018 23:41:54 GMT-0800 -- [Repl.bufferWrite(string, ms): setTimeout()]
Nov 10 2018 23:41:55 GMT-0800 -- [socket.on('updateLine', fn)] line:
Nov 10 2018 23:41:55 GMT-0800 -- [socket.on('execute', fn)] line: , clear: undefined
Nov 10 2018 23:41:55 GMT-0800 -- [Repl.bufferWrite(string = , ms = 10)]
Nov 10 2018 23:41:55 GMT-0800 -- [bufferWrite: concatResult(data =
)]
Nov 10 2018 23:41:55 GMT-0800 -- [bufferWrite: concatResult(data = >> )]
Nov 10 2018 23:41:55 GMT-0800 -- [emitOutput(output =
>> )]
Nov 10 2018 23:41:55 GMT-0800 -- [Repl.bufferWrite(string, ms): setTimeout()]
Nov 10 2018 23:41:55 GMT-0800 -- [socket.on('updateLine', fn)] line:
Nov 10 2018 23:41:55 GMT-0800 -- [socket.on('execute', fn)] line: , clear: undefined
Nov 10 2018 23:41:55 GMT-0800 -- [Repl.bufferWrite(string = , ms = 10)]
Nov 10 2018 23:41:55 GMT-0800 -- [bufferWrite: concatResult(data =
)]
Nov 10 2018 23:41:55 GMT-0800 -- [bufferWrite: concatResult(data = >> )]
Nov 10 2018 23:41:55 GMT-0800 -- [emitOutput(output =
>> )]
Nov 10 2018 23:41:55 GMT-0800 -- [Repl.bufferWrite(string, ms): setTimeout()]
Nov 10 2018 23:41:55 GMT-0800 -- [socket.on('updateLine', fn)] line:
Nov 10 2018 23:41:55 GMT-0800 -- [socket.on('execute', fn)] line: , clear: undefined
Nov 10 2018 23:41:55 GMT-0800 -- [Repl.bufferWrite(string = , ms = 10)]
Nov 10 2018 23:41:55 GMT-0800 -- [bufferWrite: concatResult(data =
)]
Nov 10 2018 23:41:55 GMT-0800 -- [bufferWrite: concatResult(data = >> )]
Nov 10 2018 23:41:55 GMT-0800 -- [emitOutput(output =
>> )]
Nov 10 2018 23:41:55 GMT-0800 -- [Repl.bufferWrite(string, ms): setTimeout()]
Nov 10 2018 23:41:55 GMT-0800 -- [socket.on('updateLine', fn)] line:
Nov 10 2018 23:41:55 GMT-0800 -- [socket.on('execute', fn)] line: , clear: undefined
Nov 10 2018 23:41:55 GMT-0800 -- [Repl.bufferWrite(string = , ms = 10)]
Nov 10 2018 23:41:55 GMT-0800 -- [bufferWrite: concatResult(data =
>> )]
Nov 10 2018 23:41:55 GMT-0800 -- [emitOutput(output =
>> )]
Nov 10 2018 23:41:55 GMT-0800 -- [Repl.bufferWrite(string, ms): setTimeout()]
Nov 10 2018 23:41:55 GMT-0800 -- [socket.on('updateLine', fn)] line:
Nov 10 2018 23:41:55 GMT-0800 -- [socket.on('execute', fn)] line: , clear: undefined
Nov 10 2018 23:41:55 GMT-0800 -- [Repl.bufferWrite(string = , ms = 10)]
Nov 10 2018 23:41:55 GMT-0800 -- [bufferWrite: concatResult(data =
>> )]
Nov 10 2018 23:41:55 GMT-0800 -- [emitOutput(output =
>> )]
Nov 10 2018 23:41:55 GMT-0800 -- [Repl.bufferWrite(string, ms): setTimeout()]
Nov 10 2018 23:41:55 GMT-0800 -- [socket.on('updateLine', fn)] line:
Nov 10 2018 23:41:55 GMT-0800 -- [socket.on('execute', fn)] line: , clear: undefined
Nov 10 2018 23:41:55 GMT-0800 -- [Repl.bufferWrite(string = , ms = 10)]
Nov 10 2018 23:41:55 GMT-0800 -- [bufferWrite: concatResult(data =
)]
Nov 10 2018 23:41:55 GMT-0800 -- [bufferWrite: concatResult(data = >> )]
Nov 10 2018 23:41:55 GMT-0800 -- [emitOutput(output =
>> )]
Nov 10 2018 23:41:55 GMT-0800 -- [Repl.bufferWrite(string, ms): setTimeout()]
Nov 10 2018 23:41:55 GMT-0800 -- [socket.on('updateLine', fn)] line:
Nov 10 2018 23:41:55 GMT-0800 -- [socket.on('execute', fn)] line: , clear: undefined
Nov 10 2018 23:41:55 GMT-0800 -- [Repl.bufferWrite(string = , ms = 10)]
Nov 10 2018 23:41:55 GMT-0800 -- [bufferWrite: concatResult(data =
)]
Nov 10 2018 23:41:55 GMT-0800 -- [bufferWrite: concatResult(data = >> )]
Nov 10 2018 23:41:55 GMT-0800 -- [emitOutput(output =
>> )]
Nov 10 2018 23:41:55 GMT-0800 -- [Repl.bufferWrite(string, ms): setTimeout()]
Nov 10 2018 23:41:55 GMT-0800 -- [socket.on('updateLine', fn)] line:
Nov 10 2018 23:41:55 GMT-0800 -- [socket.on('execute', fn)] line: , clear: undefined
Nov 10 2018 23:41:55 GMT-0800 -- [Repl.bufferWrite(string = , ms = 10)]
Nov 10 2018 23:41:55 GMT-0800 -- [bufferWrite: concatResult(data =
)]
Nov 10 2018 23:41:55 GMT-0800 -- [bufferWrite: concatResult(data = >> )]
Nov 10 2018 23:41:55 GMT-0800 -- [emitOutput(output =
>> )]
Nov 10 2018 23:41:55 GMT-0800 -- [Repl.bufferWrite(string, ms): setTimeout()]
Nov 10 2018 23:41:55 GMT-0800 -- [socket.on('updateLine', fn)] line:
Nov 10 2018 23:41:55 GMT-0800 -- [socket.on('execute', fn)] line: , clear: undefined
Nov 10 2018 23:41:55 GMT-0800 -- [Repl.bufferWrite(string = , ms = 10)]
Nov 10 2018 23:41:55 GMT-0800 -- [bufferWrite: concatResult(data =
)]
Nov 10 2018 23:41:55 GMT-0800 -- [bufferWrite: concatResult(data = >> )]
Nov 10 2018 23:41:55 GMT-0800 -- [emitOutput(output =
>> )]
Nov 10 2018 23:41:55 GMT-0800 -- [Repl.bufferWrite(string, ms): setTimeout()]
Nov 10 2018 23:41:55 GMT-0800 -- [socket.on('updateLine', fn)] line:
Nov 10 2018 23:41:55 GMT-0800 -- [socket.on('execute', fn)] line: , clear: undefined
Nov 10 2018 23:41:55 GMT-0800 -- [Repl.bufferWrite(string = , ms = 10)]
Nov 10 2018 23:41:55 GMT-0800 -- [bufferWrite: concatResult(data =
>> )]
Nov 10 2018 23:41:55 GMT-0800 -- [emitOutput(output =
>> )]
Nov 10 2018 23:41:55 GMT-0800 -- [Repl.bufferWrite(string, ms): setTimeout()]
Nov 10 2018 23:41:55 GMT-0800 -- [socket.on('updateLine', fn)] line:
Nov 10 2018 23:41:55 GMT-0800 -- [socket.on('execute', fn)] line: , clear: undefined
Nov 10 2018 23:41:55 GMT-0800 -- [Repl.bufferWrite(string = , ms = 10)]
Nov 10 2018 23:41:55 GMT-0800 -- [bufferWrite: concatResult(data =
>> )]
Nov 10 2018 23:41:55 GMT-0800 -- [emitOutput(output =
>> )]
Nov 10 2018 23:41:55 GMT-0800 -- [Repl.bufferWrite(string, ms): setTimeout()]
Nov 10 2018 23:41:55 GMT-0800 -- [socket.on('updateLine', fn)] line:
Nov 10 2018 23:41:55 GMT-0800 -- [socket.on('execute', fn)] line: , clear: undefined
Nov 10 2018 23:41:55 GMT-0800 -- [Repl.bufferWrite(string = , ms = 10)]
Nov 10 2018 23:41:55 GMT-0800 -- [bufferWrite: concatResult(data =
>> )]
Nov 10 2018 23:41:55 GMT-0800 -- [emitOutput(output =
>> )]
Nov 10 2018 23:41:55 GMT-0800 -- [Repl.bufferWrite(string, ms): setTimeout()]
Nov 10 2018 23:41:55 GMT-0800 -- [socket.on('updateLine', fn)] line:
Nov 10 2018 23:41:55 GMT-0800 -- [socket.on('execute', fn)] line: , clear: undefined
Nov 10 2018 23:41:55 GMT-0800 -- [Repl.bufferWrite(string = , ms = 10)]
Nov 10 2018 23:41:55 GMT-0800 -- [bufferWrite: concatResult(data =
)]
Nov 10 2018 23:41:55 GMT-0800 -- [bufferWrite: concatResult(data = >> )]
Nov 10 2018 23:41:55 GMT-0800 -- [emitOutput(output =
>> )]
Nov 10 2018 23:41:55 GMT-0800 -- [Repl.bufferWrite(string, ms): setTimeout()]
Nov 10 2018 23:41:55 GMT-0800 -- [socket.on('updateLine', fn)] line:
Nov 10 2018 23:41:55 GMT-0800 -- [socket.on('execute', fn)] line: , clear: undefined
Nov 10 2018 23:41:55 GMT-0800 -- [Repl.bufferWrite(string = , ms = 10)]
Nov 10 2018 23:41:55 GMT-0800 -- [bufferWrite: concatResult(data =
)]
Nov 10 2018 23:41:55 GMT-0800 -- [bufferWrite: concatResult(data = >> )]
Nov 10 2018 23:41:55 GMT-0800 -- [emitOutput(output =
>> )]
Nov 10 2018 23:41:55 GMT-0800 -- [Repl.bufferWrite(string, ms): setTimeout()]
Nov 10 2018 23:41:55 GMT-0800 -- [socket.on('updateLine', fn)] line:
Nov 10 2018 23:41:55 GMT-0800 -- [socket.on('execute', fn)] line: , clear: undefined
Nov 10 2018 23:41:55 GMT-0800 -- [Repl.bufferWrite(string = , ms = 10)]
Nov 10 2018 23:41:55 GMT-0800 -- [bufferWrite: concatResult(data =
)]
Nov 10 2018 23:41:55 GMT-0800 -- [bufferWrite: concatResult(data = >> )]
Nov 10 2018 23:41:55 GMT-0800 -- [emitOutput(output =
>> )]
Nov 10 2018 23:41:55 GMT-0800 -- [Repl.bufferWrite(string, ms): setTimeout()]
Nov 10 2018 23:41:55 GMT-0800 -- [socket.on('updateLine', fn)] line:
Nov 10 2018 23:41:55 GMT-0800 -- [socket.on('execute', fn)] line: , clear: undefined
Nov 10 2018 23:41:55 GMT-0800 -- [Repl.bufferWrite(string = , ms = 10)]
Nov 10 2018 23:41:55 GMT-0800 -- [bufferWrite: concatResult(data =
>> )]
Nov 10 2018 23:41:55 GMT-0800 -- [emitOutput(output =
>> )]
Nov 10 2018 23:41:55 GMT-0800 -- [Repl.bufferWrite(string, ms): setTimeout()]
Nov 10 2018 23:41:55 GMT-0800 -- [socket.on('updateLine', fn)] line:
Nov 10 2018 23:41:55 GMT-0800 -- [socket.on('execute', fn)] line: , clear: undefined
Nov 10 2018 23:41:55 GMT-0800 -- [Repl.bufferWrite(string = , ms = 10)]
Nov 10 2018 23:41:55 GMT-0800 -- [bufferWrite: concatResult(data =
)]
Nov 10 2018 23:41:55 GMT-0800 -- [bufferWrite: concatResult(data = >> )]
Nov 10 2018 23:41:55 GMT-0800 -- [emitOutput(output =
>> )]
Nov 10 2018 23:41:55 GMT-0800 -- [Repl.bufferWrite(string, ms): setTimeout()]
Nov 10 2018 23:41:55 GMT-0800 -- [socket.on('updateLine', fn)] line:
Nov 10 2018 23:41:55 GMT-0800 -- [socket.on('execute', fn)] line: , clear: undefined
Nov 10 2018 23:41:55 GMT-0800 -- [Repl.bufferWrite(string = , ms = 10)]
Nov 10 2018 23:41:55 GMT-0800 -- [bufferWrite: concatResult(data =
)]
Nov 10 2018 23:41:55 GMT-0800 -- [bufferWrite: concatResult(data = >> )]
Nov 10 2018 23:41:55 GMT-0800 -- [emitOutput(output =
>> )]
Nov 10 2018 23:41:55 GMT-0800 -- [Repl.bufferWrite(string, ms): setTimeout()]
Nov 10 2018 23:41:55 GMT-0800 -- [socket.on('updateLine', fn)] line:
Nov 10 2018 23:41:55 GMT-0800 -- [socket.on('execute', fn)] line: , clear: undefined
Nov 10 2018 23:41:55 GMT-0800 -- [Repl.bufferWrite(string = , ms = 10)]
Nov 10 2018 23:41:55 GMT-0800 -- [bufferWrite: concatResult(data =
>> )]
Nov 10 2018 23:41:55 GMT-0800 -- [emitOutput(output =
>> )]
Nov 10 2018 23:41:55 GMT-0800 -- [Repl.bufferWrite(string, ms): setTimeout()]
Nov 10 2018 23:41:55 GMT-0800 -- [socket.on('updateLine', fn)] line:
Nov 10 2018 23:41:55 GMT-0800 -- [socket.on('execute', fn)] line: , clear: undefined
Nov 10 2018 23:41:55 GMT-0800 -- [Repl.bufferWrite(string = , ms = 10)]
Nov 10 2018 23:41:55 GMT-0800 -- [bufferWrite: concatResult(data =
)]
Nov 10 2018 23:41:55 GMT-0800 -- [bufferWrite: concatResult(data = >> )]
Nov 10 2018 23:41:55 GMT-0800 -- [emitOutput(output =
>> )]
Nov 10 2018 23:41:55 GMT-0800 -- [Repl.bufferWrite(string, ms): setTimeout()]
Nov 10 2018 23:41:55 GMT-0800 -- [socket.on('updateLine', fn)] line:
Nov 10 2018 23:41:55 GMT-0800 -- [socket.on('execute', fn)] line: , clear: undefined
Nov 10 2018 23:41:55 GMT-0800 -- [Repl.bufferWrite(string = , ms = 10)]
Nov 10 2018 23:41:55 GMT-0800 -- [bufferWrite: concatResult(data =
)]
Nov 10 2018 23:41:55 GMT-0800 -- [bufferWrite: concatResult(data = >> )]
Nov 10 2018 23:41:55 GMT-0800 -- [emitOutput(output =
>> )]
Nov 10 2018 23:41:55 GMT-0800 -- [Repl.bufferWrite(string, ms): setTimeout()]
Nov 10 2018 23:41:55 GMT-0800 -- [socket.on('updateLine', fn)] line:
Nov 10 2018 23:41:55 GMT-0800 -- [socket.on('execute', fn)] line: , clear: undefined
Nov 10 2018 23:41:55 GMT-0800 -- [Repl.bufferWrite(string = , ms = 10)]
Nov 10 2018 23:41:55 GMT-0800 -- [bufferWrite: concatResult(data =
>> )]
Nov 10 2018 23:41:55 GMT-0800 -- [emitOutput(output =
>> )]
Nov 10 2018 23:41:55 GMT-0800 -- [Repl.bufferWrite(string, ms): setTimeout()]
Nov 10 2018 23:41:55 GMT-0800 -- [socket.on('updateLine', fn)] line:
Nov 10 2018 23:41:55 GMT-0800 -- [socket.on('execute', fn)] line: , clear: undefined
Nov 10 2018 23:41:55 GMT-0800 -- [Repl.bufferWrite(string = , ms = 10)]
Nov 10 2018 23:41:55 GMT-0800 -- [bufferWrite: concatResult(data =
)]
Nov 10 2018 23:41:55 GMT-0800 -- [bufferWrite: concatResult(data = >> )]
Nov 10 2018 23:41:55 GMT-0800 -- [emitOutput(output =
>> )]
Nov 10 2018 23:41:55 GMT-0800 -- [Repl.bufferWrite(string, ms): setTimeout()]
Nov 10 2018 23:41:55 GMT-0800 -- [socket.on('updateLine', fn)] line:
Nov 10 2018 23:41:55 GMT-0800 -- [socket.on('execute', fn)] line: , clear: undefined
Nov 10 2018 23:41:55 GMT-0800 -- [Repl.bufferWrite(string = , ms = 10)]
Nov 10 2018 23:41:55 GMT-0800 -- [bufferWrite: concatResult(data =
)]
Nov 10 2018 23:41:55 GMT-0800 -- [bufferWrite: concatResult(data = >> )]
Nov 10 2018 23:41:55 GMT-0800 -- [emitOutput(output =
>> )]
Nov 10 2018 23:41:55 GMT-0800 -- [Repl.bufferWrite(string, ms): setTimeout()]
Nov 10 2018 23:41:55 GMT-0800 -- [socket.on('updateLine', fn)] line:
Nov 10 2018 23:41:55 GMT-0800 -- [socket.on('execute', fn)] line: , clear: undefined
Nov 10 2018 23:41:55 GMT-0800 -- [Repl.bufferWrite(string = , ms = 10)]
Nov 10 2018 23:41:55 GMT-0800 -- [bufferWrite: concatResult(data =
)]
Nov 10 2018 23:41:55 GMT-0800 -- [bufferWrite: concatResult(data = >> )]
Nov 10 2018 23:41:56 GMT-0800 -- [emitOutput(output =
>> )]
Nov 10 2018 23:41:56 GMT-0800 -- [Repl.bufferWrite(string, ms): setTimeout()]
Nov 10 2018 23:41:56 GMT-0800 -- [socket.on('updateLine', fn)] line:
Nov 10 2018 23:41:56 GMT-0800 -- [socket.on('execute', fn)] line: , clear: undefined
Nov 10 2018 23:41:56 GMT-0800 -- [Repl.bufferWrite(string = , ms = 10)]
Nov 10 2018 23:41:56 GMT-0800 -- [bufferWrite: concatResult(data =
)]
Nov 10 2018 23:41:56 GMT-0800 -- [bufferWrite: concatResult(data = >> )]
Nov 10 2018 23:41:56 GMT-0800 -- [emitOutput(output =
>> )]
Nov 10 2018 23:41:56 GMT-0800 -- [Repl.bufferWrite(string, ms): setTimeout()]
Nov 10 2018 23:41:56 GMT-0800 -- [socket.on('updateLine', fn)] line:
Nov 10 2018 23:41:56 GMT-0800 -- [socket.on('execute', fn)] line: , clear: undefined
Nov 10 2018 23:41:56 GMT-0800 -- [Repl.bufferWrite(string = , ms = 10)]
Nov 10 2018 23:41:56 GMT-0800 -- [bufferWrite: concatResult(data =
)]
Nov 10 2018 23:41:56 GMT-0800 -- [bufferWrite: concatResult(data = >> )]
Nov 10 2018 23:41:56 GMT-0800 -- [emitOutput(output =
>> )]
Nov 10 2018 23:41:56 GMT-0800 -- [Repl.bufferWrite(string, ms): setTimeout()]
Nov 10 2018 23:41:56 GMT-0800 -- [socket.on('updateLine', fn)] line:
Nov 10 2018 23:41:56 GMT-0800 -- [socket.on('execute', fn)] line: , clear: undefined
Nov 10 2018 23:41:56 GMT-0800 -- [Repl.bufferWrite(string = , ms = 10)]
Nov 10 2018 23:41:56 GMT-0800 -- [bufferWrite: concatResult(data =
)]
Nov 10 2018 23:41:56 GMT-0800 -- [bufferWrite: concatResult(data = >> )]
Nov 10 2018 23:41:56 GMT-0800 -- [emitOutput(output =
>> )]
Nov 10 2018 23:41:56 GMT-0800 -- [Repl.bufferWrite(string, ms): setTimeout()]
Nov 10 2018 23:41:56 GMT-0800 -- [socket.on('updateLine', fn)] line:
Nov 10 2018 23:41:56 GMT-0800 -- [socket.on('execute', fn)] line: , clear: undefined
Nov 10 2018 23:41:56 GMT-0800 -- [Repl.bufferWrite(string = , ms = 10)]
Nov 10 2018 23:41:56 GMT-0800 -- [bufferWrite: concatResult(data =
)]
Nov 10 2018 23:41:56 GMT-0800 -- [bufferWrite: concatResult(data = >> )]
Nov 10 2018 23:41:56 GMT-0800 -- [emitOutput(output =
>> )]
Nov 10 2018 23:41:56 GMT-0800 -- [Repl.bufferWrite(string, ms): setTimeout()]
Nov 10 2018 23:41:56 GMT-0800 -- [socket.on('updateLine', fn)] line:
Nov 10 2018 23:41:56 GMT-0800 -- [socket.on('execute', fn)] line: , clear: undefined
Nov 10 2018 23:41:56 GMT-0800 -- [Repl.bufferWrite(string = , ms = 10)]
Nov 10 2018 23:41:56 GMT-0800 -- [bufferWrite: concatResult(data =
)]
Nov 10 2018 23:41:56 GMT-0800 -- [bufferWrite: concatResult(data = >> )]
Nov 10 2018 23:41:56 GMT-0800 -- [emitOutput(output =
>> )]
Nov 10 2018 23:41:56 GMT-0800 -- [Repl.bufferWrite(string, ms): setTimeout()]
Nov 10 2018 23:41:56 GMT-0800 -- [socket.on('updateLine', fn)] line:
Nov 10 2018 23:41:56 GMT-0800 -- [socket.on('execute', fn)] line: , clear: undefined
Nov 10 2018 23:41:56 GMT-0800 -- [Repl.bufferWrite(string = , ms = 10)]
Nov 10 2018 23:41:56 GMT-0800 -- [bufferWrite: concatResult(data =
)]
Nov 10 2018 23:41:56 GMT-0800 -- [bufferWrite: concatResult(data = >> )]
Nov 10 2018 23:41:56 GMT-0800 -- [emitOutput(output =
>> )]
Nov 10 2018 23:41:56 GMT-0800 -- [Repl.bufferWrite(string, ms): setTimeout()]
Nov 10 2018 23:41:56 GMT-0800 -- [socket.on('updateLine', fn)] line:
Nov 10 2018 23:41:56 GMT-0800 -- [socket.on('execute', fn)] line: , clear: undefined
Nov 10 2018 23:41:56 GMT-0800 -- [Repl.bufferWrite(string = , ms = 10)]
Nov 10 2018 23:41:56 GMT-0800 -- [bufferWrite: concatResult(data =
)]
Nov 10 2018 23:41:56 GMT-0800 -- [bufferWrite: concatResult(data = >> )]
Nov 10 2018 23:41:56 GMT-0800 -- [emitOutput(output =
>> )]
Nov 10 2018 23:41:56 GMT-0800 -- [Repl.bufferWrite(string, ms): setTimeout()]
Nov 10 2018 23:41:56 GMT-0800 -- [socket.on('updateLine', fn)] line:
Nov 10 2018 23:41:56 GMT-0800 -- [socket.on('execute', fn)] line: , clear: undefined
Nov 10 2018 23:41:56 GMT-0800 -- [Repl.bufferWrite(string = , ms = 10)]
Nov 10 2018 23:41:56 GMT-0800 -- [bufferWrite: concatResult(data =
)]
Nov 10 2018 23:41:56 GMT-0800 -- [bufferWrite: concatResult(data = >> )]
Nov 10 2018 23:41:56 GMT-0800 -- [emitOutput(output =
>> )]
Nov 10 2018 23:41:56 GMT-0800 -- [Repl.bufferWrite(string, ms): setTimeout()]
Nov 10 2018 23:41:56 GMT-0800 -- [socket.on('updateLine', fn)] line:
Nov 10 2018 23:41:56 GMT-0800 -- [socket.on('execute', fn)] line: , clear: undefined
Nov 10 2018 23:41:56 GMT-0800 -- [Repl.bufferWrite(string = , ms = 10)]
Nov 10 2018 23:41:56 GMT-0800 -- [bufferWrite: concatResult(data =
)]
Nov 10 2018 23:41:56 GMT-0800 -- [bufferWrite: concatResult(data = >> )]
Nov 10 2018 23:41:56 GMT-0800 -- [emitOutput(output =
>> )]
Nov 10 2018 23:41:56 GMT-0800 -- [Repl.bufferWrite(string, ms): setTimeout()]
Nov 10 2018 23:41:56 GMT-0800 -- [socket.on('updateLine', fn)] line:
Nov 10 2018 23:41:56 GMT-0800 -- [socket.on('execute', fn)] line: , clear: undefined
Nov 10 2018 23:41:56 GMT-0800 -- [Repl.bufferWrite(string = , ms = 10)]
Nov 10 2018 23:41:56 GMT-0800 -- [bufferWrite: concatResult(data =
>> )]
Nov 10 2018 23:41:56 GMT-0800 -- [emitOutput(output =
>> )]
Nov 10 2018 23:41:56 GMT-0800 -- [Repl.bufferWrite(string, ms): setTimeout()]
Nov 10 2018 23:41:56 GMT-0800 -- [socket.on('updateLine', fn)] line:
Nov 10 2018 23:41:56 GMT-0800 -- [socket.on('execute', fn)] line: , clear: undefined
Nov 10 2018 23:41:56 GMT-0800 -- [Repl.bufferWrite(string = , ms = 10)]
Nov 10 2018 23:41:56 GMT-0800 -- [bufferWrite: concatResult(data =
)]
Nov 10 2018 23:41:56 GMT-0800 -- [bufferWrite: concatResult(data = >> )]
Nov 10 2018 23:41:56 GMT-0800 -- [emitOutput(output =
>> )]
Nov 10 2018 23:41:56 GMT-0800 -- [Repl.bufferWrite(string, ms): setTimeout()]
Nov 10 2018 23:41:56 GMT-0800 -- [socket.on('updateLine', fn)] line:
Nov 10 2018 23:41:56 GMT-0800 -- [socket.on('execute', fn)] line: , clear: undefined
Nov 10 2018 23:41:56 GMT-0800 -- [Repl.bufferWrite(string = , ms = 10)]
Nov 10 2018 23:41:56 GMT-0800 -- [bufferWrite: concatResult(data =
>> )]
Nov 10 2018 23:41:56 GMT-0800 -- [emitOutput(output =
>> )]
Nov 10 2018 23:41:56 GMT-0800 -- [Repl.bufferWrite(string, ms): setTimeout()]
Nov 10 2018 23:41:56 GMT-0800 -- [socket.on('updateLine', fn)] line:
Nov 10 2018 23:41:56 GMT-0800 -- [socket.on('execute', fn)] line: , clear: undefined
Nov 10 2018 23:41:56 GMT-0800 -- [Repl.bufferWrite(string = , ms = 10)]
Nov 10 2018 23:41:56 GMT-0800 -- [bufferWrite: concatResult(data =
)]
Nov 10 2018 23:41:56 GMT-0800 -- [bufferWrite: concatResult(data = >> )]
Nov 10 2018 23:41:56 GMT-0800 -- [emitOutput(output =
>> )]
Nov 10 2018 23:41:56 GMT-0800 -- [Repl.bufferWrite(string, ms): setTimeout()]
Nov 10 2018 23:41:56 GMT-0800 -- [socket.on('updateLine', fn)] line:
Nov 10 2018 23:41:56 GMT-0800 -- [socket.on('execute', fn)] line: , clear: undefined
Nov 10 2018 23:41:56 GMT-0800 -- [Repl.bufferWrite(string = , ms = 10)]
Nov 10 2018 23:41:56 GMT-0800 -- [bufferWrite: concatResult(data =
)]
Nov 10 2018 23:41:56 GMT-0800 -- [bufferWrite: concatResult(data = >> )]
Nov 10 2018 23:41:56 GMT-0800 -- [emitOutput(output =
>> )]
Nov 10 2018 23:41:56 GMT-0800 -- [Repl.bufferWrite(string, ms): setTimeout()]
Nov 10 2018 23:41:56 GMT-0800 -- [socket.on('updateLine', fn)] line:
Nov 10 2018 23:41:56 GMT-0800 -- [socket.on('execute', fn)] line: , clear: undefined
Nov 10 2018 23:41:56 GMT-0800 -- [Repl.bufferWrite(string = , ms = 10)]
Nov 10 2018 23:41:56 GMT-0800 -- [bufferWrite: concatResult(data =
>> )]
Nov 10 2018 23:41:56 GMT-0800 -- [emitOutput(output =
>> )]
Nov 10 2018 23:41:56 GMT-0800 -- [Repl.bufferWrite(string, ms): setTimeout()]
Nov 10 2018 23:41:56 GMT-0800 -- [socket.on('updateLine', fn)] line:
Nov 10 2018 23:41:56 GMT-0800 -- [socket.on('execute', fn)] line: , clear: undefined
Nov 10 2018 23:41:56 GMT-0800 -- [Repl.bufferWrite(string = , ms = 10)]
Nov 10 2018 23:41:56 GMT-0800 -- [bufferWrite: concatResult(data =
)]
Nov 10 2018 23:41:56 GMT-0800 -- [bufferWrite: concatResult(data = >> )]
Nov 10 2018 23:41:56 GMT-0800 -- [emitOutput(output =
>> )]
Nov 10 2018 23:41:56 GMT-0800 -- [Repl.bufferWrite(string, ms): setTimeout()]
Nov 10 2018 23:41:56 GMT-0800 -- [socket.on('updateLine', fn)] line:
Nov 10 2018 23:41:56 GMT-0800 -- [socket.on('execute', fn)] line: , clear: undefined
Nov 10 2018 23:41:56 GMT-0800 -- [Repl.bufferWrite(string = , ms = 10)]
Nov 10 2018 23:41:56 GMT-0800 -- [bufferWrite: concatResult(data =
>> )]
Nov 10 2018 23:41:56 GMT-0800 -- [emitOutput(output =
>> )]
Nov 10 2018 23:41:56 GMT-0800 -- [Repl.bufferWrite(string, ms): setTimeout()]
Nov 10 2018 23:41:56 GMT-0800 -- [socket.on('updateLine', fn)] line:
Nov 10 2018 23:41:56 GMT-0800 -- [socket.on('execute', fn)] line: , clear: undefined
Nov 10 2018 23:41:56 GMT-0800 -- [Repl.bufferWrite(string = , ms = 10)]
Nov 10 2018 23:41:56 GMT-0800 -- [bufferWrite: concatResult(data =
)]
Nov 10 2018 23:41:56 GMT-0800 -- [bufferWrite: concatResult(data = >> )]
Nov 10 2018 23:41:56 GMT-0800 -- [emitOutput(output =
>> )]
Nov 10 2018 23:41:56 GMT-0800 -- [Repl.bufferWrite(string, ms): setTimeout()]
Nov 10 2018 23:41:56 GMT-0800 -- [socket.on('updateLine', fn)] line:
Nov 10 2018 23:41:56 GMT-0800 -- [socket.on('execute', fn)] line: , clear: undefined
Nov 10 2018 23:41:56 GMT-0800 -- [Repl.bufferWrite(string = , ms = 10)]
Nov 10 2018 23:41:56 GMT-0800 -- [bufferWrite: concatResult(data =
>> )]
Nov 10 2018 23:41:56 GMT-0800 -- [emitOutput(output =
>> )]
Nov 10 2018 23:41:56 GMT-0800 -- [Repl.bufferWrite(string, ms): setTimeout()]
Nov 10 2018 23:41:56 GMT-0800 -- [socket.on('updateLine', fn)] line:
Nov 10 2018 23:41:56 GMT-0800 -- [socket.on('execute', fn)] line: , clear: undefined
Nov 10 2018 23:41:56 GMT-0800 -- [Repl.bufferWrite(string = , ms = 10)]
Nov 10 2018 23:41:56 GMT-0800 -- [bufferWrite: concatResult(data =
)]
Nov 10 2018 23:41:56 GMT-0800 -- [bufferWrite: concatResult(data = >> )]
Nov 10 2018 23:41:56 GMT-0800 -- [emitOutput(output =
>> )]
Nov 10 2018 23:41:56 GMT-0800 -- [Repl.bufferWrite(string, ms): setTimeout()]
Nov 10 2018 23:41:56 GMT-0800 -- [socket.on('updateLine', fn)] line:
Nov 10 2018 23:41:56 GMT-0800 -- [socket.on('execute', fn)] line: , clear: undefined
Nov 10 2018 23:41:56 GMT-0800 -- [Repl.bufferWrite(string = , ms = 10)]
Nov 10 2018 23:41:56 GMT-0800 -- [bufferWrite: concatResult(data =
>> )]
Nov 10 2018 23:41:56 GMT-0800 -- [emitOutput(output =
>> )]
Nov 10 2018 23:41:56 GMT-0800 -- [Repl.bufferWrite(string, ms): setTimeout()]
Nov 10 2018 23:41:56 GMT-0800 -- [socket.on('updateLine', fn)] line:
Nov 10 2018 23:41:56 GMT-0800 -- [socket.on('execute', fn)] line: , clear: undefined
Nov 10 2018 23:41:56 GMT-0800 -- [Repl.bufferWrite(string = , ms = 10)]
Nov 10 2018 23:41:56 GMT-0800 -- [bufferWrite: concatResult(data =
)]
Nov 10 2018 23:41:56 GMT-0800 -- [bufferWrite: concatResult(data = >> )]
Nov 10 2018 23:41:56 GMT-0800 -- [emitOutput(output =
>> )]
Nov 10 2018 23:41:56 GMT-0800 -- [Repl.bufferWrite(string, ms): setTimeout()]
Nov 10 2018 23:41:56 GMT-0800 -- [socket.on('updateLine', fn)] line:
Nov 10 2018 23:41:56 GMT-0800 -- [socket.on('execute', fn)] line: , clear: undefined
Nov 10 2018 23:41:56 GMT-0800 -- [Repl.bufferWrite(string = , ms = 10)]
Nov 10 2018 23:41:56 GMT-0800 -- [bufferWrite: concatResult(data =
)]
Nov 10 2018 23:41:56 GMT-0800 -- [bufferWrite: concatResult(data = >> )]
Nov 10 2018 23:41:56 GMT-0800 -- [emitOutput(output =
>> )]
Nov 10 2018 23:41:56 GMT-0800 -- [Repl.bufferWrite(string, ms): setTimeout()]
Nov 10 2018 23:41:56 GMT-0800 -- [socket.on('updateLine', fn)] line:
Nov 10 2018 23:41:56 GMT-0800 -- [socket.on('execute', fn)] line: , clear: undefined
Nov 10 2018 23:41:56 GMT-0800 -- [Repl.bufferWrite(string = , ms = 10)]
Nov 10 2018 23:41:56 GMT-0800 -- [bufferWrite: concatResult(data =
)]
Nov 10 2018 23:41:56 GMT-0800 -- [bufferWrite: concatResult(data = >> )]
Nov 10 2018 23:41:56 GMT-0800 -- [emitOutput(output =
>> )]
Nov 10 2018 23:41:56 GMT-0800 -- [Repl.bufferWrite(string, ms): setTimeout()]
Nov 10 2018 23:41:57 GMT-0800 -- [socket.on('updateLine', fn)] line:
Nov 10 2018 23:41:57 GMT-0800 -- [socket.on('execute', fn)] line: , clear: undefined
Nov 10 2018 23:41:57 GMT-0800 -- [Repl.bufferWrite(string = , ms = 10)]
Nov 10 2018 23:41:57 GMT-0800 -- [bufferWrite: concatResult(data =
)]
Nov 10 2018 23:41:57 GMT-0800 -- [bufferWrite: concatResult(data = >> )]
Nov 10 2018 23:41:57 GMT-0800 -- [emitOutput(output =
>> )]
Nov 10 2018 23:41:57 GMT-0800 -- [Repl.bufferWrite(string, ms): setTimeout()]
Nov 10 2018 23:41:57 GMT-0800 -- [socket.on('updateLine', fn)] line:
Nov 10 2018 23:41:57 GMT-0800 -- [socket.on('execute', fn)] line: , clear: undefined
Nov 10 2018 23:41:57 GMT-0800 -- [Repl.bufferWrite(string = , ms = 10)]
Nov 10 2018 23:41:57 GMT-0800 -- [bufferWrite: concatResult(data =
)]
Nov 10 2018 23:41:57 GMT-0800 -- [bufferWrite: concatResult(data = >> )]
Nov 10 2018 23:41:57 GMT-0800 -- [emitOutput(output =
>> )]
Nov 10 2018 23:41:57 GMT-0800 -- [Repl.bufferWrite(string, ms): setTimeout()]
Nov 10 2018 23:41:57 GMT-0800 -- [socket.on('updateLine', fn)] line:
Nov 10 2018 23:41:57 GMT-0800 -- [socket.on('execute', fn)] line: , clear: undefined
Nov 10 2018 23:41:57 GMT-0800 -- [Repl.bufferWrite(string = , ms = 10)]
Nov 10 2018 23:41:57 GMT-0800 -- [bufferWrite: concatResult(data =
)]
Nov 10 2018 23:41:57 GMT-0800 -- [bufferWrite: concatResult(data = >> )]
Nov 10 2018 23:41:57 GMT-0800 -- [emitOutput(output =
>> )]
Nov 10 2018 23:41:57 GMT-0800 -- [Repl.bufferWrite(string, ms): setTimeout()]
Nov 10 2018 23:41:57 GMT-0800 -- [socket.on('updateLine', fn)] line:
Nov 10 2018 23:41:57 GMT-0800 -- [socket.on('execute', fn)] line: , clear: undefined
Nov 10 2018 23:41:57 GMT-0800 -- [Repl.bufferWrite(string = , ms = 10)]
Nov 10 2018 23:41:57 GMT-0800 -- [bufferWrite: concatResult(data =
>> )]
Nov 10 2018 23:41:57 GMT-0800 -- [emitOutput(output =
>> )]
Nov 10 2018 23:41:57 GMT-0800 -- [Repl.bufferWrite(string, ms): setTimeout()]
Nov 10 2018 23:41:57 GMT-0800 -- [socket.on('updateLine', fn)] line:
Nov 10 2018 23:41:57 GMT-0800 -- [socket.on('execute', fn)] line: , clear: undefined
Nov 10 2018 23:41:57 GMT-0800 -- [Repl.bufferWrite(string = , ms = 10)]
Nov 10 2018 23:41:57 GMT-0800 -- [bufferWrite: concatResult(data =
)]
Nov 10 2018 23:41:57 GMT-0800 -- [bufferWrite: concatResult(data = >> )]
Nov 10 2018 23:41:57 GMT-0800 -- [emitOutput(output =
>> )]
Nov 10 2018 23:41:57 GMT-0800 -- [Repl.bufferWrite(string, ms): setTimeout()]
Nov 10 2018 23:41:57 GMT-0800 -- [socket.on('updateLine', fn)] line:
Nov 10 2018 23:41:57 GMT-0800 -- [socket.on('execute', fn)] line: , clear: undefined
Nov 10 2018 23:41:57 GMT-0800 -- [Repl.bufferWrite(string = , ms = 10)]
Nov 10 2018 23:41:57 GMT-0800 -- [bufferWrite: concatResult(data =
)]
Nov 10 2018 23:41:57 GMT-0800 -- [bufferWrite: concatResult(data = >> )]
Nov 10 2018 23:41:57 GMT-0800 -- [emitOutput(output =
>> )]
Nov 10 2018 23:41:57 GMT-0800 -- [Repl.bufferWrite(string, ms): setTimeout()]
Nov 10 2018 23:41:57 GMT-0800 -- [socket.on('updateLine', fn)] line:
Nov 10 2018 23:41:57 GMT-0800 -- [socket.on('execute', fn)] line: , clear: undefined
Nov 10 2018 23:41:57 GMT-0800 -- [Repl.bufferWrite(string = , ms = 10)]
Nov 10 2018 23:41:57 GMT-0800 -- [bufferWrite: concatResult(data =
)]
Nov 10 2018 23:41:57 GMT-0800 -- [bufferWrite: concatResult(data = >> )]
Nov 10 2018 23:41:57 GMT-0800 -- [emitOutput(output =
>> )]
Nov 10 2018 23:41:57 GMT-0800 -- [Repl.bufferWrite(string, ms): setTimeout()]
Nov 10 2018 23:41:57 GMT-0800 -- [socket.on('updateLine', fn)] line:
Nov 10 2018 23:41:57 GMT-0800 -- [socket.on('execute', fn)] line: , clear: undefined
Nov 10 2018 23:41:57 GMT-0800 -- [Repl.bufferWrite(string = , ms = 10)]
Nov 10 2018 23:41:57 GMT-0800 -- [bufferWrite: concatResult(data =
)]
Nov 10 2018 23:41:57 GMT-0800 -- [bufferWrite: concatResult(data = >> )]
Nov 10 2018 23:41:57 GMT-0800 -- [emitOutput(output =
>> )]
Nov 10 2018 23:41:57 GMT-0800 -- [Repl.bufferWrite(string, ms): setTimeout()]
Nov 10 2018 23:41:57 GMT-0800 -- [socket.on('updateLine', fn)] line:
Nov 10 2018 23:41:57 GMT-0800 -- [socket.on('execute', fn)] line: , clear: undefined
Nov 10 2018 23:41:57 GMT-0800 -- [Repl.bufferWrite(string = , ms = 10)]
Nov 10 2018 23:41:57 GMT-0800 -- [bufferWrite: concatResult(data =
)]
Nov 10 2018 23:41:57 GMT-0800 -- [bufferWrite: concatResult(data = >> )]
Nov 10 2018 23:41:57 GMT-0800 -- [emitOutput(output =
>> )]
Nov 10 2018 23:41:57 GMT-0800 -- [Repl.bufferWrite(string, ms): setTimeout()]
Nov 10 2018 23:41:57 GMT-0800 -- [socket.on('updateLine', fn)] line:
Nov 10 2018 23:41:57 GMT-0800 -- [socket.on('execute', fn)] line: , clear: undefined
Nov 10 2018 23:41:57 GMT-0800 -- [Repl.bufferWrite(string = , ms = 10)]
Nov 10 2018 23:41:57 GMT-0800 -- [bufferWrite: concatResult(data =
)]
Nov 10 2018 23:41:57 GMT-0800 -- [bufferWrite: concatResult(data = >> )]
Nov 10 2018 23:41:57 GMT-0800 -- [emitOutput(output =
>> )]
Nov 10 2018 23:41:57 GMT-0800 -- [Repl.bufferWrite(string, ms): setTimeout()]
Nov 10 2018 23:41:57 GMT-0800 -- [socket.on('updateLine', fn)] line:
Nov 10 2018 23:41:57 GMT-0800 -- [socket.on('execute', fn)] line: , clear: undefined
Nov 10 2018 23:41:57 GMT-0800 -- [Repl.bufferWrite(string = , ms = 10)]
Nov 10 2018 23:41:57 GMT-0800 -- [bufferWrite: concatResult(data =
)]
Nov 10 2018 23:41:57 GMT-0800 -- [bufferWrite: concatResult(data = >> )]
Nov 10 2018 23:41:57 GMT-0800 -- [emitOutput(output =
>> )]
Nov 10 2018 23:41:57 GMT-0800 -- [Repl.bufferWrite(string, ms): setTimeout()]
Nov 10 2018 23:41:57 GMT-0800 -- [socket.on('updateLine', fn)] line:
Nov 10 2018 23:41:57 GMT-0800 -- [socket.on('execute', fn)] line: , clear: undefined
Nov 10 2018 23:41:57 GMT-0800 -- [Repl.bufferWrite(string = , ms = 10)]
Nov 10 2018 23:41:57 GMT-0800 -- [bufferWrite: concatResult(data =
)]
Nov 10 2018 23:41:57 GMT-0800 -- [bufferWrite: concatResult(data = >> )]
Nov 10 2018 23:41:57 GMT-0800 -- [emitOutput(output =
>> )]
Nov 10 2018 23:41:57 GMT-0800 -- [Repl.bufferWrite(string, ms): setTimeout()]
Nov 10 2018 23:41:57 GMT-0800 -- [socket.on('updateLine', fn)] line:
Nov 10 2018 23:41:57 GMT-0800 -- [socket.on('execute', fn)] line: , clear: undefined
Nov 10 2018 23:41:57 GMT-0800 -- [Repl.bufferWrite(string = , ms = 10)]
Nov 10 2018 23:41:57 GMT-0800 -- [bufferWrite: concatResult(data =
)]
Nov 10 2018 23:41:57 GMT-0800 -- [bufferWrite: concatResult(data = >> )]
Nov 10 2018 23:41:57 GMT-0800 -- [emitOutput(output =
>> )]
Nov 10 2018 23:41:57 GMT-0800 -- [Repl.bufferWrite(string, ms): setTimeout()]
Nov 10 2018 23:41:57 GMT-0800 -- [socket.on('updateLine', fn)] line:
Nov 10 2018 23:41:57 GMT-0800 -- [socket.on('execute', fn)] line: , clear: undefined
Nov 10 2018 23:41:57 GMT-0800 -- [Repl.bufferWrite(string = , ms = 10)]
Nov 10 2018 23:41:57 GMT-0800 -- [bufferWrite: concatResult(data =
)]
Nov 10 2018 23:41:57 GMT-0800 -- [bufferWrite: concatResult(data = >> )]
Nov 10 2018 23:41:57 GMT-0800 -- [emitOutput(output =
>> )]
Nov 10 2018 23:41:57 GMT-0800 -- [Repl.bufferWrite(string, ms): setTimeout()]
Nov 10 2018 23:41:57 GMT-0800 -- [socket.on('updateLine', fn)] line:
Nov 10 2018 23:41:57 GMT-0800 -- [socket.on('execute', fn)] line: , clear: undefined
Nov 10 2018 23:41:57 GMT-0800 -- [Repl.bufferWrite(string = , ms = 10)]
Nov 10 2018 23:41:57 GMT-0800 -- [bufferWrite: concatResult(data =
)]
Nov 10 2018 23:41:57 GMT-0800 -- [bufferWrite: concatResult(data = >> )]
Nov 10 2018 23:41:57 GMT-0800 -- [emitOutput(output =
>> )]
Nov 10 2018 23:41:57 GMT-0800 -- [Repl.bufferWrite(string, ms): setTimeout()]
Nov 10 2018 23:41:57 GMT-0800 -- [socket.on('updateLine', fn)] line:
Nov 10 2018 23:41:57 GMT-0800 -- [socket.on('execute', fn)] line: , clear: undefined
Nov 10 2018 23:41:57 GMT-0800 -- [Repl.bufferWrite(string = , ms = 10)]
Nov 10 2018 23:41:57 GMT-0800 -- [bufferWrite: concatResult(data =
)]
Nov 10 2018 23:41:57 GMT-0800 -- [bufferWrite: concatResult(data = >> )]
Nov 10 2018 23:41:57 GMT-0800 -- [emitOutput(output =
>> )]
Nov 10 2018 23:41:57 GMT-0800 -- [Repl.bufferWrite(string, ms): setTimeout()]
Nov 10 2018 23:41:57 GMT-0800 -- [socket.on('updateLine', fn)] line:
Nov 10 2018 23:41:57 GMT-0800 -- [socket.on('execute', fn)] line: , clear: undefined
Nov 10 2018 23:41:57 GMT-0800 -- [Repl.bufferWrite(string = , ms = 10)]
Nov 10 2018 23:41:57 GMT-0800 -- [bufferWrite: concatResult(data =
)]
Nov 10 2018 23:41:57 GMT-0800 -- [bufferWrite: concatResult(data = >> )]
Nov 10 2018 23:41:57 GMT-0800 -- [emitOutput(output =
>> )]
Nov 10 2018 23:41:57 GMT-0800 -- [Repl.bufferWrite(string, ms): setTimeout()]
Nov 10 2018 23:41:57 GMT-0800 -- [socket.on('updateLine', fn)] line:
Nov 10 2018 23:41:57 GMT-0800 -- [socket.on('execute', fn)] line: , clear: undefined
Nov 10 2018 23:41:57 GMT-0800 -- [Repl.bufferWrite(string = , ms = 10)]
Nov 10 2018 23:41:57 GMT-0800 -- [bufferWrite: concatResult(data =
)]
Nov 10 2018 23:41:57 GMT-0800 -- [bufferWrite: concatResult(data = >> )]
Nov 10 2018 23:41:57 GMT-0800 -- [emitOutput(output =
>> )]
Nov 10 2018 23:41:57 GMT-0800 -- [Repl.bufferWrite(string, ms): setTimeout()]
Nov 10 2018 23:41:57 GMT-0800 -- [socket.on('updateLine', fn)] line:
Nov 10 2018 23:41:57 GMT-0800 -- [socket.on('execute', fn)] line: , clear: undefined
Nov 10 2018 23:41:57 GMT-0800 -- [Repl.bufferWrite(string = , ms = 10)]
Nov 10 2018 23:41:57 GMT-0800 -- [bufferWrite: concatResult(data =
)]
Nov 10 2018 23:41:57 GMT-0800 -- [bufferWrite: concatResult(data = >> )]
Nov 10 2018 23:41:57 GMT-0800 -- [emitOutput(output =
>> )]
Nov 10 2018 23:41:57 GMT-0800 -- [Repl.bufferWrite(string, ms): setTimeout()]
Nov 10 2018 23:41:57 GMT-0800 -- [socket.on('updateLine', fn)] line:
Nov 10 2018 23:41:57 GMT-0800 -- [socket.on('execute', fn)] line: , clear: undefined
Nov 10 2018 23:41:57 GMT-0800 -- [Repl.bufferWrite(string = , ms = 10)]
Nov 10 2018 23:41:57 GMT-0800 -- [bufferWrite: concatResult(data =
)]
Nov 10 2018 23:41:57 GMT-0800 -- [bufferWrite: concatResult(data = >> )]
Nov 10 2018 23:41:57 GMT-0800 -- [emitOutput(output =
>> )]
Nov 10 2018 23:41:57 GMT-0800 -- [Repl.bufferWrite(string, ms): setTimeout()]
Nov 10 2018 23:41:57 GMT-0800 -- [socket.on('updateLine', fn)] line:
Nov 10 2018 23:41:57 GMT-0800 -- [socket.on('execute', fn)] line: , clear: undefined
Nov 10 2018 23:41:57 GMT-0800 -- [Repl.bufferWrite(string = , ms = 10)]
Nov 10 2018 23:41:57 GMT-0800 -- [bufferWrite: concatResult(data =
)]
Nov 10 2018 23:41:57 GMT-0800 -- [bufferWrite: concatResult(data = >> )]
Nov 10 2018 23:41:57 GMT-0800 -- [emitOutput(output =
>> )]
Nov 10 2018 23:41:57 GMT-0800 -- [Repl.bufferWrite(string, ms): setTimeout()]
Nov 10 2018 23:41:57 GMT-0800 -- [socket.on('updateLine', fn)] line:
Nov 10 2018 23:41:57 GMT-0800 -- [socket.on('execute', fn)] line: , clear: undefined
Nov 10 2018 23:41:57 GMT-0800 -- [Repl.bufferWrite(string = , ms = 10)]
Nov 10 2018 23:41:57 GMT-0800 -- [bufferWrite: concatResult(data =
)]
Nov 10 2018 23:41:57 GMT-0800 -- [bufferWrite: concatResult(data = >> )]
Nov 10 2018 23:41:57 GMT-0800 -- [emitOutput(output =
>> )]
Nov 10 2018 23:41:57 GMT-0800 -- [Repl.bufferWrite(string, ms): setTimeout()]
Nov 10 2018 23:41:57 GMT-0800 -- [socket.on('updateLine', fn)] line:
Nov 10 2018 23:41:57 GMT-0800 -- [socket.on('execute', fn)] line: , clear: undefined
Nov 10 2018 23:41:57 GMT-0800 -- [Repl.bufferWrite(string = , ms = 10)]
Nov 10 2018 23:41:57 GMT-0800 -- [bufferWrite: concatResult(data =
)]
Nov 10 2018 23:41:57 GMT-0800 -- [bufferWrite: concatResult(data = >> )]
Nov 10 2018 23:41:57 GMT-0800 -- [emitOutput(output =
>> )]
Nov 10 2018 23:41:57 GMT-0800 -- [Repl.bufferWrite(string, ms): setTimeout()]
Nov 10 2018 23:41:57 GMT-0800 -- [socket.on('updateLine', fn)] line:
Nov 10 2018 23:41:57 GMT-0800 -- [socket.on('execute', fn)] line: , clear: undefined
Nov 10 2018 23:41:57 GMT-0800 -- [Repl.bufferWrite(string = , ms = 10)]
Nov 10 2018 23:41:57 GMT-0800 -- [bufferWrite: concatResult(data =
)]
Nov 10 2018 23:41:57 GMT-0800 -- [bufferWrite: concatResult(data = >> )]
Nov 10 2018 23:41:57 GMT-0800 -- [emitOutput(output =
>> )]
Nov 10 2018 23:41:57 GMT-0800 -- [Repl.bufferWrite(string, ms): setTimeout()]
Nov 10 2018 23:41:57 GMT-0800 -- [socket.on('updateLine', fn)] line:
Nov 10 2018 23:41:57 GMT-0800 -- [socket.on('execute', fn)] line: , clear: undefined
Nov 10 2018 23:41:57 GMT-0800 -- [Repl.bufferWrite(string = , ms = 10)]
Nov 10 2018 23:41:57 GMT-0800 -- [bufferWrite: concatResult(data =
)]
Nov 10 2018 23:41:57 GMT-0800 -- [bufferWrite: concatResult(data = >> )]
Nov 10 2018 23:41:57 GMT-0800 -- [emitOutput(output =
>> )]
Nov 10 2018 23:41:57 GMT-0800 -- [Repl.bufferWrite(string, ms): setTimeout()]
Nov 10 2018 23:41:58 GMT-0800 -- [socket.on('updateLine', fn)] line:
Nov 10 2018 23:41:58 GMT-0800 -- [socket.on('execute', fn)] line: , clear: undefined
Nov 10 2018 23:41:58 GMT-0800 -- [Repl.bufferWrite(string = , ms = 10)]
Nov 10 2018 23:41:58 GMT-0800 -- [bufferWrite: concatResult(data =
)]
Nov 10 2018 23:41:58 GMT-0800 -- [bufferWrite: concatResult(data = >> )]
Nov 10 2018 23:41:58 GMT-0800 -- [emitOutput(output =
>> )]
Nov 10 2018 23:41:58 GMT-0800 -- [Repl.bufferWrite(string, ms): setTimeout()]
Nov 10 2018 23:41:58 GMT-0800 -- [socket.on('updateLine', fn)] line:
Nov 10 2018 23:41:58 GMT-0800 -- [socket.on('execute', fn)] line: , clear: undefined
Nov 10 2018 23:41:58 GMT-0800 -- [Repl.bufferWrite(string = , ms = 10)]
Nov 10 2018 23:41:58 GMT-0800 -- [bufferWrite: concatResult(data =
)]
Nov 10 2018 23:41:58 GMT-0800 -- [bufferWrite: concatResult(data = >> )]
Nov 10 2018 23:41:58 GMT-0800 -- [emitOutput(output =
>> )]
Nov 10 2018 23:41:58 GMT-0800 -- [Repl.bufferWrite(string, ms): setTimeout()]
Nov 10 2018 23:41:58 GMT-0800 -- [socket.on('updateLine', fn)] line:
Nov 10 2018 23:41:58 GMT-0800 -- [socket.on('execute', fn)] line: , clear: undefined
Nov 10 2018 23:41:58 GMT-0800 -- [Repl.bufferWrite(string = , ms = 10)]
Nov 10 2018 23:41:58 GMT-0800 -- [bufferWrite: concatResult(data =
)]
Nov 10 2018 23:41:58 GMT-0800 -- [bufferWrite: concatResult(data = >> )]
Nov 10 2018 23:41:58 GMT-0800 -- [emitOutput(output =
>> )]
Nov 10 2018 23:41:58 GMT-0800 -- [Repl.bufferWrite(string, ms): setTimeout()]
Nov 10 2018 23:41:58 GMT-0800 -- [socket.on('updateLine', fn)] line:
Nov 10 2018 23:41:58 GMT-0800 -- [socket.on('execute', fn)] line: , clear: undefined
Nov 10 2018 23:41:58 GMT-0800 -- [Repl.bufferWrite(string = , ms = 10)]
Nov 10 2018 23:41:58 GMT-0800 -- [bufferWrite: concatResult(data =
)]
Nov 10 2018 23:41:58 GMT-0800 -- [bufferWrite: concatResult(data = >> )]
Nov 10 2018 23:41:58 GMT-0800 -- [emitOutput(output =
>> )]
Nov 10 2018 23:41:58 GMT-0800 -- [Repl.bufferWrite(string, ms): setTimeout()]
Nov 10 2018 23:41:58 GMT-0800 -- [socket.on('updateLine', fn)] line:
Nov 10 2018 23:41:58 GMT-0800 -- [socket.on('execute', fn)] line: , clear: undefined
Nov 10 2018 23:41:58 GMT-0800 -- [Repl.bufferWrite(string = , ms = 10)]
Nov 10 2018 23:41:58 GMT-0800 -- [bufferWrite: concatResult(data =
)]
Nov 10 2018 23:41:58 GMT-0800 -- [bufferWrite: concatResult(data = >> )]
Nov 10 2018 23:41:58 GMT-0800 -- [emitOutput(output =
>> )]
Nov 10 2018 23:41:58 GMT-0800 -- [Repl.bufferWrite(string, ms): setTimeout()]
Nov 10 2018 23:41:58 GMT-0800 -- [socket.on('updateLine', fn)] line:
Nov 10 2018 23:41:58 GMT-0800 -- [socket.on('execute', fn)] line: , clear: undefined
Nov 10 2018 23:41:58 GMT-0800 -- [Repl.bufferWrite(string = , ms = 10)]
Nov 10 2018 23:41:58 GMT-0800 -- [bufferWrite: concatResult(data =
)]
Nov 10 2018 23:41:58 GMT-0800 -- [bufferWrite: concatResult(data = >> )]
Nov 10 2018 23:41:58 GMT-0800 -- [emitOutput(output =
>> )]
Nov 10 2018 23:41:58 GMT-0800 -- [Repl.bufferWrite(string, ms): setTimeout()]
Nov 10 2018 23:41:58 GMT-0800 -- [socket.on('updateLine', fn)] line:
Nov 10 2018 23:41:58 GMT-0800 -- [socket.on('execute', fn)] line: , clear: undefined
Nov 10 2018 23:41:58 GMT-0800 -- [Repl.bufferWrite(string = , ms = 10)]
Nov 10 2018 23:41:58 GMT-0800 -- [bufferWrite: concatResult(data =
)]
Nov 10 2018 23:41:58 GMT-0800 -- [bufferWrite: concatResult(data = >> )]
Nov 10 2018 23:41:58 GMT-0800 -- [emitOutput(output =
>> )]
Nov 10 2018 23:41:58 GMT-0800 -- [Repl.bufferWrite(string, ms): setTimeout()]
Nov 10 2018 23:41:58 GMT-0800 -- [socket.on('updateLine', fn)] line:
Nov 10 2018 23:41:58 GMT-0800 -- [socket.on('execute', fn)] line: , clear: undefined
Nov 10 2018 23:41:58 GMT-0800 -- [Repl.bufferWrite(string = , ms = 10)]
Nov 10 2018 23:41:58 GMT-0800 -- [bufferWrite: concatResult(data =
)]
Nov 10 2018 23:41:58 GMT-0800 -- [bufferWrite: concatResult(data = >> )]
Nov 10 2018 23:41:58 GMT-0800 -- [emitOutput(output =
>> )]
Nov 10 2018 23:41:58 GMT-0800 -- [Repl.bufferWrite(string, ms): setTimeout()]
Nov 10 2018 23:41:58 GMT-0800 -- [socket.on('updateLine', fn)] line:
Nov 10 2018 23:41:58 GMT-0800 -- [socket.on('execute', fn)] line: , clear: undefined
Nov 10 2018 23:41:58 GMT-0800 -- [Repl.bufferWrite(string = , ms = 10)]
Nov 10 2018 23:41:58 GMT-0800 -- [bufferWrite: concatResult(data =
)]
Nov 10 2018 23:41:58 GMT-0800 -- [bufferWrite: concatResult(data = >> )]
Nov 10 2018 23:41:58 GMT-0800 -- [emitOutput(output =
>> )]
Nov 10 2018 23:41:58 GMT-0800 -- [Repl.bufferWrite(string, ms): setTimeout()]
Nov 10 2018 23:41:58 GMT-0800 -- [socket.on('updateLine', fn)] line:
Nov 10 2018 23:41:58 GMT-0800 -- [socket.on('execute', fn)] line: , clear: undefined
Nov 10 2018 23:41:58 GMT-0800 -- [Repl.bufferWrite(string = , ms = 10)]
Nov 10 2018 23:41:58 GMT-0800 -- [bufferWrite: concatResult(data =
)]
Nov 10 2018 23:41:58 GMT-0800 -- [bufferWrite: concatResult(data = >> )]
Nov 10 2018 23:41:58 GMT-0800 -- [emitOutput(output =
>> )]
Nov 10 2018 23:41:58 GMT-0800 -- [Repl.bufferWrite(string, ms): setTimeout()]
Nov 10 2018 23:41:58 GMT-0800 -- [socket.on('updateLine', fn)] line:
Nov 10 2018 23:41:58 GMT-0800 -- [socket.on('execute', fn)] line: , clear: undefined
Nov 10 2018 23:41:58 GMT-0800 -- [Repl.bufferWrite(string = , ms = 10)]
Nov 10 2018 23:41:58 GMT-0800 -- [bufferWrite: concatResult(data =
)]
Nov 10 2018 23:41:58 GMT-0800 -- [bufferWrite: concatResult(data = >> )]
Nov 10 2018 23:41:58 GMT-0800 -- [emitOutput(output =
>> )]
Nov 10 2018 23:41:58 GMT-0800 -- [Repl.bufferWrite(string, ms): setTimeout()]
Nov 10 2018 23:41:58 GMT-0800 -- [socket.on('updateLine', fn)] line:
Nov 10 2018 23:41:58 GMT-0800 -- [socket.on('execute', fn)] line: , clear: undefined
Nov 10 2018 23:41:58 GMT-0800 -- [Repl.bufferWrite(string = , ms = 10)]
Nov 10 2018 23:41:58 GMT-0800 -- [bufferWrite: concatResult(data =
)]
Nov 10 2018 23:41:58 GMT-0800 -- [bufferWrite: concatResult(data = >> )]
Nov 10 2018 23:41:58 GMT-0800 -- [emitOutput(output =
>> )]
Nov 10 2018 23:41:58 GMT-0800 -- [Repl.bufferWrite(string, ms): setTimeout()]
Nov 10 2018 23:41:58 GMT-0800 -- [socket.on('updateLine', fn)] line:
Nov 10 2018 23:41:58 GMT-0800 -- [socket.on('execute', fn)] line: , clear: undefined
Nov 10 2018 23:41:58 GMT-0800 -- [Repl.bufferWrite(string = , ms = 10)]
Nov 10 2018 23:41:58 GMT-0800 -- [bufferWrite: concatResult(data =
)]
Nov 10 2018 23:41:58 GMT-0800 -- [bufferWrite: concatResult(data = >> )]
Nov 10 2018 23:41:58 GMT-0800 -- [emitOutput(output =
>> )]
Nov 10 2018 23:41:58 GMT-0800 -- [Repl.bufferWrite(string, ms): setTimeout()]
Nov 10 2018 23:41:58 GMT-0800 -- [socket.on('updateLine', fn)] line:
Nov 10 2018 23:41:58 GMT-0800 -- [socket.on('execute', fn)] line: , clear: undefined
Nov 10 2018 23:41:58 GMT-0800 -- [Repl.bufferWrite(string = , ms = 10)]
Nov 10 2018 23:41:58 GMT-0800 -- [bufferWrite: concatResult(data =
)]
Nov 10 2018 23:41:58 GMT-0800 -- [bufferWrite: concatResult(data = >> )]
Nov 10 2018 23:41:58 GMT-0800 -- [emitOutput(output =
>> )]
Nov 10 2018 23:41:58 GMT-0800 -- [Repl.bufferWrite(string, ms): setTimeout()]
Nov 10 2018 23:41:58 GMT-0800 -- [socket.on('updateLine', fn)] line:
Nov 10 2018 23:41:58 GMT-0800 -- [socket.on('execute', fn)] line: , clear: undefined
Nov 10 2018 23:41:58 GMT-0800 -- [Repl.bufferWrite(string = , ms = 10)]
Nov 10 2018 23:41:58 GMT-0800 -- [bufferWrite: concatResult(data =
)]
Nov 10 2018 23:41:58 GMT-0800 -- [bufferWrite: concatResult(data = >> )]
Nov 10 2018 23:41:58 GMT-0800 -- [emitOutput(output =
>> )]
Nov 10 2018 23:41:58 GMT-0800 -- [Repl.bufferWrite(string, ms): setTimeout()]
Nov 10 2018 23:41:58 GMT-0800 -- [socket.on('updateLine', fn)] line:
Nov 10 2018 23:41:58 GMT-0800 -- [socket.on('execute', fn)] line: , clear: undefined
Nov 10 2018 23:41:58 GMT-0800 -- [Repl.bufferWrite(string = , ms = 10)]
Nov 10 2018 23:41:58 GMT-0800 -- [bufferWrite: concatResult(data =
>> )]
Nov 10 2018 23:41:58 GMT-0800 -- [emitOutput(output =
>> )]
Nov 10 2018 23:41:58 GMT-0800 -- [Repl.bufferWrite(string, ms): setTimeout()]
Nov 10 2018 23:41:58 GMT-0800 -- [socket.on('updateLine', fn)] line:
Nov 10 2018 23:41:58 GMT-0800 -- [socket.on('execute', fn)] line: , clear: undefined
Nov 10 2018 23:41:58 GMT-0800 -- [Repl.bufferWrite(string = , ms = 10)]
Nov 10 2018 23:41:58 GMT-0800 -- [bufferWrite: concatResult(data =
)]
Nov 10 2018 23:41:58 GMT-0800 -- [bufferWrite: concatResult(data = >> )]
Nov 10 2018 23:41:58 GMT-0800 -- [emitOutput(output =
>> )]
Nov 10 2018 23:41:58 GMT-0800 -- [Repl.bufferWrite(string, ms): setTimeout()]
Nov 10 2018 23:41:58 GMT-0800 -- [socket.on('updateLine', fn)] line:
Nov 10 2018 23:41:58 GMT-0800 -- [socket.on('execute', fn)] line: , clear: undefined
Nov 10 2018 23:41:58 GMT-0800 -- [Repl.bufferWrite(string = , ms = 10)]
Nov 10 2018 23:41:58 GMT-0800 -- [bufferWrite: concatResult(data =
)]
Nov 10 2018 23:41:58 GMT-0800 -- [bufferWrite: concatResult(data = >> )]
Nov 10 2018 23:41:58 GMT-0800 -- [emitOutput(output =
>> )]
Nov 10 2018 23:41:58 GMT-0800 -- [Repl.bufferWrite(string, ms): setTimeout()]

