Nov 11 2018 01:11:26 GMT-0800 -- Listening on 3000...
Nov 11 2018 01:11:30 GMT-0800 -- [io.on('connection')] socket: [object Object]
Nov 11 2018 01:11:30 GMT-0800 -- [socket.on('initRepl', fn)] language: ruby
Nov 11 2018 01:11:30 GMT-0800 -- [Repl.kill()]
Nov 11 2018 01:11:30 GMT-0800 -- [Repl.init(language = ruby)]
Nov 11 2018 01:11:30 GMT-0800 -- INITIALIZED irb
Nov 11 2018 01:11:30 GMT-0800 -- [Repl.bufferRead(ms = 400)]
Nov 11 2018 01:11:30 GMT-0800 -- [socket.on('joinRoom', fn)] room: spacecraft-repl
User "PJqBXYwXr6VjGUYZAAAA" joins room "spacecraft-repl"
Nov 11 2018 01:11:30 GMT-0800 -- [getInstanceOfY(room)] room: spacecraft-repl
Nov 11 2018 01:11:30 GMT-0800 -- [socket.on('yjsEvent', fn)] msg: [object Object]
Nov 11 2018 01:11:30 GMT-0800 -- [getInstanceOfY(room)] room: spacecraft-repl
Nov 11 2018 01:11:30 GMT-0800 -- [socket.on('yjsEvent', fn)] msg: [object Object]
Nov 11 2018 01:11:30 GMT-0800 -- [getInstanceOfY(room)] room: spacecraft-repl
Nov 11 2018 01:11:30 GMT-0800 -- [socket.on('yjsEvent', fn)] msg: [object Object]
Nov 11 2018 01:11:30 GMT-0800 -- [getInstanceOfY(room)] room: spacecraft-repl
Nov 11 2018 01:11:30 GMT-0800 -- [bufferRead: concatResult(data = irb(main):001:0> )]
Nov 11 2018 01:11:30 GMT-0800 -- [Repl.bufferWrite(string, ms): setTimeout()]
Nov 11 2018 01:13:19 GMT-0800 -- [socket.on('updateLine', fn)] line: 
Nov 11 2018 01:13:19 GMT-0800 -- [socket.on('execute', fn)] line: , clear: undefined
Nov 11 2018 01:13:19 GMT-0800 -- [Repl.bufferWrite(string = , ms = 10)]
Nov 11 2018 01:13:19 GMT-0800 -- [bufferWrite: concatResult(data = 
irb(main):002:0> )]
Nov 11 2018 01:13:19 GMT-0800 -- [emitOutput(output = 
irb(main):002:0> )]
Nov 11 2018 01:13:19 GMT-0800 -- [socket.on('updateLine', fn)] line: 2
Nov 11 2018 01:13:19 GMT-0800 -- [Repl.bufferWrite(string, ms): setTimeout()]
Nov 11 2018 01:13:19 GMT-0800 -- [socket.on('updateLine', fn)] line: 
Nov 11 2018 01:13:19 GMT-0800 -- [socket.on('execute', fn)] line: 2, clear: undefined
Nov 11 2018 01:13:19 GMT-0800 -- [Repl.bufferWrite(string = 2, ms = 10)]
Nov 11 2018 01:13:19 GMT-0800 -- [bufferWrite: concatResult(data = 2
)]
Nov 11 2018 01:13:19 GMT-0800 -- [bufferWrite: concatResult(data = => 2
)]
Nov 11 2018 01:13:19 GMT-0800 -- [bufferWrite: concatResult(data = irb(main):003:0> )]
Nov 11 2018 01:13:19 GMT-0800 -- [socket.on('updateLine', fn)] line: 3
Nov 11 2018 01:13:19 GMT-0800 -- [emitOutput(output = 2
=> 2
irb(main):003:0> )]
Nov 11 2018 01:13:19 GMT-0800 -- [socket.on('updateLine', fn)] line: 33
Nov 11 2018 01:13:19 GMT-0800 -- [Repl.bufferWrite(string, ms): setTimeout()]
Nov 11 2018 01:13:19 GMT-0800 -- [socket.on('updateLine', fn)] line: 333
Nov 11 2018 01:13:19 GMT-0800 -- [socket.on('updateLine', fn)] line: 
Nov 11 2018 01:13:19 GMT-0800 -- [socket.on('execute', fn)] line: 333, clear: undefined
Nov 11 2018 01:13:19 GMT-0800 -- [Repl.bufferWrite(string = 333, ms = 10)]
Nov 11 2018 01:13:19 GMT-0800 -- [bufferWrite: concatResult(data = 333
)]
Nov 11 2018 01:13:19 GMT-0800 -- [bufferWrite: concatResult(data = => 333
)]
Nov 11 2018 01:13:19 GMT-0800 -- [bufferWrite: concatResult(data = irb(main):004:0> )]
Nov 11 2018 01:13:19 GMT-0800 -- [socket.on('updateLine', fn)] line: 1
Nov 11 2018 01:13:19 GMT-0800 -- [emitOutput(output = 333
=> 333
irb(main):004:0> )]
Nov 11 2018 01:13:19 GMT-0800 -- [Repl.bufferWrite(string, ms): setTimeout()]
Nov 11 2018 01:13:19 GMT-0800 -- [socket.on('updateLine', fn)] line: 12
Nov 11 2018 01:13:19 GMT-0800 -- [socket.on('updateLine', fn)] line: 123
Nov 11 2018 01:13:19 GMT-0800 -- [socket.on('updateLine', fn)] line: 
Nov 11 2018 01:13:19 GMT-0800 -- [socket.on('execute', fn)] line: 123, clear: undefined
Nov 11 2018 01:13:19 GMT-0800 -- [Repl.bufferWrite(string = 123, ms = 10)]
Nov 11 2018 01:13:19 GMT-0800 -- [bufferWrite: concatResult(data = 12)]
Nov 11 2018 01:13:19 GMT-0800 -- [bufferWrite: concatResult(data = 3
)]
Nov 11 2018 01:13:19 GMT-0800 -- [bufferWrite: concatResult(data = => 123
)]
Nov 11 2018 01:13:19 GMT-0800 -- [bufferWrite: concatResult(data = irb(main):005:0> )]
Nov 11 2018 01:13:20 GMT-0800 -- [socket.on('updateLine', fn)] line: 
Nov 11 2018 01:13:20 GMT-0800 -- [socket.on('execute', fn)] line: , clear: undefined
Nov 11 2018 01:13:20 GMT-0800 -- [Repl.bufferWrite(string = , ms = 10)]
Nov 11 2018 01:13:20 GMT-0800 -- [bufferWrite: concatResult(data = 
irb(main):006:0> )]
Nov 11 2018 01:13:20 GMT-0800 -- [bufferWrite: concatResult(data = 
irb(main):006:0> )]
Nov 11 2018 01:13:20 GMT-0800 -- [Repl.bufferWrite(string, ms): setTimeout()]
Nov 11 2018 01:13:20 GMT-0800 -- [emitOutput(output = 123
=> 123
irb(main):005:0> 
irb(main):006:0> )]
Nov 11 2018 01:13:20 GMT-0800 -- [emitOutput(output = 
irb(main):006:0> )]
Nov 11 2018 01:13:20 GMT-0800 -- [Repl.bufferWrite(string, ms): setTimeout()]
Nov 11 2018 01:13:21 GMT-0800 -- [socket.on('updateLine', fn)] line: 
Nov 11 2018 01:13:21 GMT-0800 -- [socket.on('execute', fn)] line: , clear: undefined
Nov 11 2018 01:13:21 GMT-0800 -- [Repl.bufferWrite(string = , ms = 10)]
Nov 11 2018 01:13:21 GMT-0800 -- [bufferWrite: concatResult(data = 
)]
Nov 11 2018 01:13:21 GMT-0800 -- [bufferWrite: concatResult(data = irb(main):007:0> )]
Nov 11 2018 01:13:21 GMT-0800 -- [emitOutput(output = 
irb(main):007:0> )]
Nov 11 2018 01:13:21 GMT-0800 -- [Repl.bufferWrite(string, ms): setTimeout()]
Nov 11 2018 01:13:21 GMT-0800 -- [socket.on('updateLine', fn)] line: 3
Nov 11 2018 01:13:21 GMT-0800 -- [socket.on('updateLine', fn)] line: 33
Nov 11 2018 01:13:21 GMT-0800 -- [socket.on('updateLine', fn)] line: 333
Nov 11 2018 01:13:21 GMT-0800 -- [socket.on('updateLine', fn)] line: 
Nov 11 2018 01:13:21 GMT-0800 -- [socket.on('execute', fn)] line: 333, clear: undefined
Nov 11 2018 01:13:21 GMT-0800 -- [Repl.bufferWrite(string = 333, ms = 10)]
Nov 11 2018 01:13:21 GMT-0800 -- [bufferWrite: concatResult(data = 333)]
Nov 11 2018 01:13:21 GMT-0800 -- [bufferWrite: concatResult(data = 
)]
Nov 11 2018 01:13:21 GMT-0800 -- [bufferWrite: concatResult(data = => 333
)]
Nov 11 2018 01:13:21 GMT-0800 -- [bufferWrite: concatResult(data = irb(main):008:0> )]
Nov 11 2018 01:13:21 GMT-0800 -- [emitOutput(output = 333
=> 333
irb(main):008:0> )]
Nov 11 2018 01:13:21 GMT-0800 -- [socket.on('updateLine', fn)] line: 1
Nov 11 2018 01:13:21 GMT-0800 -- [Repl.bufferWrite(string, ms): setTimeout()]
Nov 11 2018 01:13:21 GMT-0800 -- [socket.on('updateLine', fn)] line: 12
Nov 11 2018 01:13:21 GMT-0800 -- [socket.on('updateLine', fn)] line: 123
Nov 11 2018 01:13:21 GMT-0800 -- [socket.on('updateLine', fn)] line: 
Nov 11 2018 01:13:21 GMT-0800 -- [socket.on('execute', fn)] line: 123, clear: undefined
Nov 11 2018 01:13:21 GMT-0800 -- [Repl.bufferWrite(string = 123, ms = 10)]
Nov 11 2018 01:13:21 GMT-0800 -- [bufferWrite: concatResult(data = 12)]
Nov 11 2018 01:13:21 GMT-0800 -- [bufferWrite: concatResult(data = 3
)]
Nov 11 2018 01:13:21 GMT-0800 -- [bufferWrite: concatResult(data = => 123
)]
Nov 11 2018 01:13:21 GMT-0800 -- [bufferWrite: concatResult(data = irb(main):009:0> )]
Nov 11 2018 01:13:21 GMT-0800 -- [socket.on('updateLine', fn)] line: 
Nov 11 2018 01:13:21 GMT-0800 -- [socket.on('execute', fn)] line: , clear: undefined
Nov 11 2018 01:13:21 GMT-0800 -- [Repl.bufferWrite(string = , ms = 10)]
Nov 11 2018 01:13:21 GMT-0800 -- [bufferWrite: concatResult(data = 
)]
Nov 11 2018 01:13:21 GMT-0800 -- [bufferWrite: concatResult(data = 
)]
Nov 11 2018 01:13:21 GMT-0800 -- [bufferWrite: concatResult(data = irb(main):010:0> )]
Nov 11 2018 01:13:21 GMT-0800 -- [bufferWrite: concatResult(data = irb(main):010:0> )]
Nov 11 2018 01:13:21 GMT-0800 -- [Repl.bufferWrite(string, ms): setTimeout()]
Nov 11 2018 01:13:21 GMT-0800 -- [emitOutput(output = 123
=> 123
irb(main):009:0> 
irb(main):010:0> )]
Nov 11 2018 01:13:21 GMT-0800 -- [emitOutput(output = 
irb(main):010:0> )]
Nov 11 2018 01:13:21 GMT-0800 -- [Repl.bufferWrite(string, ms): setTimeout()]
Nov 11 2018 01:13:21 GMT-0800 -- [socket.on('disconnect', fn)] Client disconnected
Nov 11 2018 01:13:21 GMT-0800 -- [socket.on('disconnect', fn)]
Nov 11 2018 01:13:21 GMT-0800 -- [getInstanceOfY(room)] room: spacecraft-repl
Nov 11 2018 01:13:21 GMT-0800 -- 0 clients --> Repl.kill()
Nov 11 2018 01:13:21 GMT-0800 -- [Repl.kill()]
Nov 11 2018 01:13:23 GMT-0800 -- [io.on('connection')] socket: [object Object]
Nov 11 2018 01:13:23 GMT-0800 -- [socket.on('initRepl', fn)] language: ruby
Nov 11 2018 01:13:23 GMT-0800 -- [Repl.kill()]
Nov 11 2018 01:13:23 GMT-0800 -- [Repl.init(language = ruby)]
Nov 11 2018 01:13:23 GMT-0800 -- INITIALIZED irb
Nov 11 2018 01:13:23 GMT-0800 -- [Repl.bufferRead(ms = 400)]
Nov 11 2018 01:13:23 GMT-0800 -- [socket.on('joinRoom', fn)] room: spacecraft-repl
User "zOfd-yHwC3LyuwklAAAB" joins room "spacecraft-repl"
Nov 11 2018 01:13:23 GMT-0800 -- [getInstanceOfY(room)] room: spacecraft-repl
Nov 11 2018 01:13:23 GMT-0800 -- [socket.on('yjsEvent', fn)] msg: [object Object]
Nov 11 2018 01:13:23 GMT-0800 -- [getInstanceOfY(room)] room: spacecraft-repl
Nov 11 2018 01:13:23 GMT-0800 -- [socket.on('yjsEvent', fn)] msg: [object Object]
Nov 11 2018 01:13:23 GMT-0800 -- [getInstanceOfY(room)] room: spacecraft-repl
Nov 11 2018 01:13:23 GMT-0800 -- [socket.on('yjsEvent', fn)] msg: [object Object]
Nov 11 2018 01:13:23 GMT-0800 -- [getInstanceOfY(room)] room: spacecraft-repl
Nov 11 2018 01:13:23 GMT-0800 -- [bufferRead: concatResult(data = irb(main):001:0> )]
Nov 11 2018 01:13:24 GMT-0800 -- [Repl.bufferWrite(string, ms): setTimeout()]
Nov 11 2018 01:13:24 GMT-0800 -- [socket.on('updateLine', fn)] line: 2
Nov 11 2018 01:13:24 GMT-0800 -- [socket.on('updateLine', fn)] line: 
Nov 11 2018 01:13:24 GMT-0800 -- [socket.on('execute', fn)] line: 2, clear: undefined
Nov 11 2018 01:13:24 GMT-0800 -- [Repl.bufferWrite(string = 2, ms = 10)]
Nov 11 2018 01:13:24 GMT-0800 -- [bufferWrite: concatResult(data = 2
)]
Nov 11 2018 01:13:24 GMT-0800 -- [bufferWrite: concatResult(data = => 2
)]
Nov 11 2018 01:13:24 GMT-0800 -- [bufferWrite: concatResult(data = irb(main):002:0> )]
Nov 11 2018 01:13:24 GMT-0800 -- [socket.on('updateLine', fn)] line: 3
Nov 11 2018 01:13:24 GMT-0800 -- [emitOutput(output = 2
=> 2
irb(main):002:0> )]
Nov 11 2018 01:13:24 GMT-0800 -- [Repl.bufferWrite(string, ms): setTimeout()]
Nov 11 2018 01:13:24 GMT-0800 -- [socket.on('updateLine', fn)] line: 33
Nov 11 2018 01:13:24 GMT-0800 -- [socket.on('updateLine', fn)] line: 333
Nov 11 2018 01:13:24 GMT-0800 -- [socket.on('updateLine', fn)] line: 
Nov 11 2018 01:13:24 GMT-0800 -- [socket.on('execute', fn)] line: 333, clear: undefined
Nov 11 2018 01:13:24 GMT-0800 -- [Repl.bufferWrite(string = 333, ms = 10)]
Nov 11 2018 01:13:24 GMT-0800 -- [bufferWrite: concatResult(data = 333
)]
Nov 11 2018 01:13:24 GMT-0800 -- [bufferWrite: concatResult(data = => 333
)]
Nov 11 2018 01:13:24 GMT-0800 -- [bufferWrite: concatResult(data = irb(main):003:0> )]
Nov 11 2018 01:13:24 GMT-0800 -- [emitOutput(output = 333
=> 333
irb(main):003:0> )]
Nov 11 2018 01:13:24 GMT-0800 -- [socket.on('updateLine', fn)] line: 1
Nov 11 2018 01:13:24 GMT-0800 -- [Repl.bufferWrite(string, ms): setTimeout()]
Nov 11 2018 01:13:24 GMT-0800 -- [socket.on('updateLine', fn)] line: 12
Nov 11 2018 01:13:24 GMT-0800 -- [socket.on('updateLine', fn)] line: 123
Nov 11 2018 01:13:24 GMT-0800 -- [socket.on('updateLine', fn)] line: 
Nov 11 2018 01:13:24 GMT-0800 -- [socket.on('execute', fn)] line: 123, clear: undefined
Nov 11 2018 01:13:24 GMT-0800 -- [Repl.bufferWrite(string = 123, ms = 10)]
Nov 11 2018 01:13:24 GMT-0800 -- [bufferWrite: concatResult(data = 123)]
Nov 11 2018 01:13:24 GMT-0800 -- [bufferWrite: concatResult(data = 
)]
Nov 11 2018 01:13:24 GMT-0800 -- [bufferWrite: concatResult(data = => 123
)]
Nov 11 2018 01:13:24 GMT-0800 -- [bufferWrite: concatResult(data = irb(main):004:0> )]
Nov 11 2018 01:13:24 GMT-0800 -- [socket.on('updateLine', fn)] line: 
Nov 11 2018 01:13:24 GMT-0800 -- [socket.on('execute', fn)] line: , clear: undefined
Nov 11 2018 01:13:24 GMT-0800 -- [Repl.bufferWrite(string = , ms = 10)]
Nov 11 2018 01:13:24 GMT-0800 -- [bufferWrite: concatResult(data = 
)]
Nov 11 2018 01:13:24 GMT-0800 -- [bufferWrite: concatResult(data = 
)]
Nov 11 2018 01:13:24 GMT-0800 -- [bufferWrite: concatResult(data = irb(main):005:0> )]
Nov 11 2018 01:13:24 GMT-0800 -- [bufferWrite: concatResult(data = irb(main):005:0> )]
Nov 11 2018 01:13:24 GMT-0800 -- [emitOutput(output = 
irb(main):005:0> )]
Nov 11 2018 01:13:24 GMT-0800 -- [Repl.bufferWrite(string, ms): setTimeout()]
Nov 11 2018 01:13:24 GMT-0800 -- [emitOutput(output = 123
=> 123
irb(main):004:0> 
irb(main):005:0> )]
Nov 11 2018 01:13:24 GMT-0800 -- [Repl.bufferWrite(string, ms): setTimeout()]
Nov 11 2018 01:13:25 GMT-0800 -- [socket.on('updateLine', fn)] line: 
Nov 11 2018 01:13:25 GMT-0800 -- [socket.on('execute', fn)] line: , clear: undefined
Nov 11 2018 01:13:25 GMT-0800 -- [Repl.bufferWrite(string = , ms = 10)]
Nov 11 2018 01:13:25 GMT-0800 -- [bufferWrite: concatResult(data = 
)]
Nov 11 2018 01:13:25 GMT-0800 -- [bufferWrite: concatResult(data = irb(main):006:0> )]
Nov 11 2018 01:13:25 GMT-0800 -- [emitOutput(output = 
irb(main):006:0> )]
Nov 11 2018 01:13:25 GMT-0800 -- [Repl.bufferWrite(string, ms): setTimeout()]
Nov 11 2018 01:13:25 GMT-0800 -- [socket.on('updateLine', fn)] line: 2
Nov 11 2018 01:13:25 GMT-0800 -- [socket.on('updateLine', fn)] line: 
Nov 11 2018 01:13:25 GMT-0800 -- [socket.on('execute', fn)] line: 2, clear: undefined
Nov 11 2018 01:13:25 GMT-0800 -- [Repl.bufferWrite(string = 2, ms = 10)]
Nov 11 2018 01:13:25 GMT-0800 -- [bufferWrite: concatResult(data = 2
)]
Nov 11 2018 01:13:25 GMT-0800 -- [bufferWrite: concatResult(data = => 2
)]
Nov 11 2018 01:13:25 GMT-0800 -- [bufferWrite: concatResult(data = irb(main):007:0> )]
Nov 11 2018 01:13:25 GMT-0800 -- [socket.on('updateLine', fn)] line: 3
Nov 11 2018 01:13:25 GMT-0800 -- [emitOutput(output = 2
=> 2
irb(main):007:0> )]
Nov 11 2018 01:13:25 GMT-0800 -- [Repl.bufferWrite(string, ms): setTimeout()]
Nov 11 2018 01:13:25 GMT-0800 -- [socket.on('updateLine', fn)] line: 33
Nov 11 2018 01:13:25 GMT-0800 -- [socket.on('updateLine', fn)] line: 333
Nov 11 2018 01:13:25 GMT-0800 -- [socket.on('updateLine', fn)] line: 
Nov 11 2018 01:13:25 GMT-0800 -- [socket.on('execute', fn)] line: 333, clear: undefined
Nov 11 2018 01:13:25 GMT-0800 -- [Repl.bufferWrite(string = 333, ms = 10)]
Nov 11 2018 01:13:25 GMT-0800 -- [bufferWrite: concatResult(data = 333
)]
Nov 11 2018 01:13:25 GMT-0800 -- [bufferWrite: concatResult(data = => 333
)]
Nov 11 2018 01:13:25 GMT-0800 -- [bufferWrite: concatResult(data = irb(main):008:0> )]
Nov 11 2018 01:13:25 GMT-0800 -- [socket.on('updateLine', fn)] line: 1
Nov 11 2018 01:13:25 GMT-0800 -- [emitOutput(output = 333
=> 333
irb(main):008:0> )]
Nov 11 2018 01:13:25 GMT-0800 -- [Repl.bufferWrite(string, ms): setTimeout()]
Nov 11 2018 01:13:25 GMT-0800 -- [socket.on('updateLine', fn)] line: 12
Nov 11 2018 01:13:25 GMT-0800 -- [socket.on('updateLine', fn)] line: 123
Nov 11 2018 01:13:25 GMT-0800 -- [socket.on('updateLine', fn)] line: 
Nov 11 2018 01:13:25 GMT-0800 -- [socket.on('execute', fn)] line: 123, clear: undefined
Nov 11 2018 01:13:25 GMT-0800 -- [Repl.bufferWrite(string = 123, ms = 10)]
Nov 11 2018 01:13:25 GMT-0800 -- [bufferWrite: concatResult(data = 123
)]
Nov 11 2018 01:13:25 GMT-0800 -- [bufferWrite: concatResult(data = => 123
)]
Nov 11 2018 01:13:25 GMT-0800 -- [bufferWrite: concatResult(data = irb(main):009:0> )]
Nov 11 2018 01:13:25 GMT-0800 -- [socket.on('updateLine', fn)] line: 
Nov 11 2018 01:13:25 GMT-0800 -- [socket.on('execute', fn)] line: , clear: undefined
Nov 11 2018 01:13:25 GMT-0800 -- [Repl.bufferWrite(string = , ms = 10)]
Nov 11 2018 01:13:25 GMT-0800 -- [bufferWrite: concatResult(data = 
)]
Nov 11 2018 01:13:25 GMT-0800 -- [bufferWrite: concatResult(data = 
)]
Nov 11 2018 01:13:25 GMT-0800 -- [bufferWrite: concatResult(data = irb(main):010:0> )]
Nov 11 2018 01:13:25 GMT-0800 -- [bufferWrite: concatResult(data = irb(main):010:0> )]
Nov 11 2018 01:13:25 GMT-0800 -- [emitOutput(output = 
irb(main):010:0> )]
Nov 11 2018 01:13:25 GMT-0800 -- [Repl.bufferWrite(string, ms): setTimeout()]
Nov 11 2018 01:13:25 GMT-0800 -- [emitOutput(output = 123
=> 123
irb(main):009:0> 
irb(main):010:0> )]
Nov 11 2018 01:13:25 GMT-0800 -- [Repl.bufferWrite(string, ms): setTimeout()]
Nov 11 2018 01:13:26 GMT-0800 -- [socket.on('updateLine', fn)] line: 
Nov 11 2018 01:13:26 GMT-0800 -- [socket.on('execute', fn)] line: , clear: undefined
Nov 11 2018 01:13:26 GMT-0800 -- [Repl.bufferWrite(string = , ms = 10)]
Nov 11 2018 01:13:26 GMT-0800 -- [bufferWrite: concatResult(data = 
)]
Nov 11 2018 01:13:26 GMT-0800 -- [bufferWrite: concatResult(data = irb(main):011:0> )]
Nov 11 2018 01:13:26 GMT-0800 -- [emitOutput(output = 
irb(main):011:0> )]
Nov 11 2018 01:13:26 GMT-0800 -- [Repl.bufferWrite(string, ms): setTimeout()]
Nov 11 2018 01:13:26 GMT-0800 -- [socket.on('updateLine', fn)] line: 2
Nov 11 2018 01:13:26 GMT-0800 -- [socket.on('updateLine', fn)] line: 
Nov 11 2018 01:13:26 GMT-0800 -- [socket.on('execute', fn)] line: 2, clear: undefined
Nov 11 2018 01:13:26 GMT-0800 -- [Repl.bufferWrite(string = 2, ms = 10)]
Nov 11 2018 01:13:26 GMT-0800 -- [bufferWrite: concatResult(data = 2)]
Nov 11 2018 01:13:26 GMT-0800 -- [bufferWrite: concatResult(data = 
)]
Nov 11 2018 01:13:26 GMT-0800 -- [bufferWrite: concatResult(data = => 2
)]
Nov 11 2018 01:13:26 GMT-0800 -- [bufferWrite: concatResult(data = irb(main):012:0> )]
Nov 11 2018 01:13:26 GMT-0800 -- [socket.on('updateLine', fn)] line: 3
Nov 11 2018 01:13:26 GMT-0800 -- [emitOutput(output = 2
=> 2
irb(main):012:0> )]
Nov 11 2018 01:13:26 GMT-0800 -- [Repl.bufferWrite(string, ms): setTimeout()]
Nov 11 2018 01:13:26 GMT-0800 -- [socket.on('updateLine', fn)] line: 33
Nov 11 2018 01:13:26 GMT-0800 -- [socket.on('updateLine', fn)] line: 333
Nov 11 2018 01:13:26 GMT-0800 -- [socket.on('updateLine', fn)] line: 
Nov 11 2018 01:13:26 GMT-0800 -- [socket.on('execute', fn)] line: 333, clear: undefined
Nov 11 2018 01:13:26 GMT-0800 -- [Repl.bufferWrite(string = 333, ms = 10)]
Nov 11 2018 01:13:26 GMT-0800 -- [bufferWrite: concatResult(data = 333
)]
Nov 11 2018 01:13:26 GMT-0800 -- [bufferWrite: concatResult(data = => 333
)]
Nov 11 2018 01:13:26 GMT-0800 -- [bufferWrite: concatResult(data = irb(main):013:0> )]
Nov 11 2018 01:13:26 GMT-0800 -- [socket.on('updateLine', fn)] line: 1
Nov 11 2018 01:13:26 GMT-0800 -- [emitOutput(output = 333
=> 333
irb(main):013:0> )]
Nov 11 2018 01:13:26 GMT-0800 -- [Repl.bufferWrite(string, ms): setTimeout()]
Nov 11 2018 01:13:26 GMT-0800 -- [socket.on('updateLine', fn)] line: 12
Nov 11 2018 01:13:26 GMT-0800 -- [socket.on('updateLine', fn)] line: 123
Nov 11 2018 01:13:26 GMT-0800 -- [socket.on('updateLine', fn)] line: 
Nov 11 2018 01:13:26 GMT-0800 -- [socket.on('execute', fn)] line: 123, clear: undefined
Nov 11 2018 01:13:26 GMT-0800 -- [Repl.bufferWrite(string = 123, ms = 10)]
Nov 11 2018 01:13:26 GMT-0800 -- [bufferWrite: concatResult(data = 12)]
Nov 11 2018 01:13:26 GMT-0800 -- [bufferWrite: concatResult(data = 3
)]
Nov 11 2018 01:13:26 GMT-0800 -- [bufferWrite: concatResult(data = => 123
)]
Nov 11 2018 01:13:26 GMT-0800 -- [bufferWrite: concatResult(data = irb(main):014:0> )]
Nov 11 2018 01:13:26 GMT-0800 -- [socket.on('updateLine', fn)] line: 
Nov 11 2018 01:13:26 GMT-0800 -- [emitOutput(output = 123
=> 123
irb(main):014:0> )]
Nov 11 2018 01:13:26 GMT-0800 -- [socket.on('execute', fn)] line: , clear: undefined
Nov 11 2018 01:13:26 GMT-0800 -- [Repl.bufferWrite(string = , ms = 10)]
Nov 11 2018 01:13:26 GMT-0800 -- [Repl.bufferWrite(string, ms): setTimeout()]
Nov 11 2018 01:13:26 GMT-0800 -- [bufferWrite: concatResult(data = 
)]
Nov 11 2018 01:13:26 GMT-0800 -- [bufferWrite: concatResult(data = irb(main):015:0> )]
Nov 11 2018 01:13:26 GMT-0800 -- [emitOutput(output = 
irb(main):015:0> )]
Nov 11 2018 01:13:26 GMT-0800 -- [Repl.bufferWrite(string, ms): setTimeout()]
Nov 11 2018 01:13:27 GMT-0800 -- [socket.on('updateLine', fn)] line: 
Nov 11 2018 01:13:27 GMT-0800 -- [socket.on('execute', fn)] line: , clear: undefined
Nov 11 2018 01:13:27 GMT-0800 -- [Repl.bufferWrite(string = , ms = 10)]
Nov 11 2018 01:13:27 GMT-0800 -- [bufferWrite: concatResult(data = 
)]
Nov 11 2018 01:13:27 GMT-0800 -- [bufferWrite: concatResult(data = irb(main):016:0> )]
Nov 11 2018 01:13:27 GMT-0800 -- [emitOutput(output = 
irb(main):016:0> )]
Nov 11 2018 01:13:27 GMT-0800 -- [Repl.bufferWrite(string, ms): setTimeout()]
Nov 11 2018 01:13:27 GMT-0800 -- [socket.on('updateLine', fn)] line: 2
Nov 11 2018 01:13:27 GMT-0800 -- [socket.on('updateLine', fn)] line: 
Nov 11 2018 01:13:27 GMT-0800 -- [socket.on('execute', fn)] line: 2, clear: undefined
Nov 11 2018 01:13:27 GMT-0800 -- [Repl.bufferWrite(string = 2, ms = 10)]
Nov 11 2018 01:13:27 GMT-0800 -- [bufferWrite: concatResult(data = 2)]
Nov 11 2018 01:13:27 GMT-0800 -- [bufferWrite: concatResult(data = 
)]
Nov 11 2018 01:13:27 GMT-0800 -- [bufferWrite: concatResult(data = => 2
)]
Nov 11 2018 01:13:27 GMT-0800 -- [bufferWrite: concatResult(data = irb(main):017:0> )]
Nov 11 2018 01:13:27 GMT-0800 -- [socket.on('disconnect', fn)] Client disconnected
Nov 11 2018 01:13:27 GMT-0800 -- [socket.on('disconnect', fn)]
Nov 11 2018 01:13:27 GMT-0800 -- [getInstanceOfY(room)] room: spacecraft-repl
Nov 11 2018 01:13:27 GMT-0800 -- 0 clients --> Repl.kill()
Nov 11 2018 01:13:27 GMT-0800 -- [Repl.kill()]
$HOME/ls/cap/repl/SpaceCraft/repl/Repl.js:64
            this.process.removeListener('data', concatResult);      
                         ^

TypeError: Cannot read property 'removeListener' of null
    at Timeout.setInterval ($HOME/ls/cap/repl/SpaceCraft/repl/Repl.js:64:26)
    at listOnTimeout (timers.js:324:15)
    at processTimers (timers.js:268:5)
