Nov 11 2018 08:22:40 GMT+0000 -- [emitOutput(output = 
>>> )]
Nov 11 2018 08:22:40 GMT+0000 -- [Repl.bufferWrite(string, ms): setTimeout()]
Nov 11 2018 08:22:41 GMT+0000 -- [socket.on('updateLine', fn)] line: 
Nov 11 2018 08:22:41 GMT+0000 -- [socket.on('execute', fn)] line: , clear: undefined
Nov 11 2018 08:22:41 GMT+0000 -- [Repl.bufferWrite(string = , ms = 10)]
Nov 11 2018 08:22:41 GMT+0000 -- [bufferWrite: concatResult(data = 
>>> )]
Nov 11 2018 08:22:41 GMT+0000 -- [emitOutput(output = 
>>> )]
Nov 11 2018 08:22:41 GMT+0000 -- [Repl.bufferWrite(string, ms): setTimeout()]
Nov 11 2018 08:22:41 GMT+0000 -- [socket.on('updateLine', fn)] line: 
Nov 11 2018 08:22:41 GMT+0000 -- [socket.on('execute', fn)] line: , clear: undefined
Nov 11 2018 08:22:41 GMT+0000 -- [Repl.bufferWrite(string = , ms = 10)]
Nov 11 2018 08:22:41 GMT+0000 -- [bufferWrite: concatResult(data = 
>>> )]
Nov 11 2018 08:22:41 GMT+0000 -- [emitOutput(output = 
>>> )]
Nov 11 2018 08:22:41 GMT+0000 -- [Repl.bufferWrite(string, ms): setTimeout()]
Nov 11 2018 08:22:41 GMT+0000 -- [socket.on('updateLine', fn)] line: 
Nov 11 2018 08:22:41 GMT+0000 -- [socket.on('execute', fn)] line: , clear: undefined
Nov 11 2018 08:22:41 GMT+0000 -- [Repl.bufferWrite(string = , ms = 10)]
Nov 11 2018 08:22:41 GMT+0000 -- [bufferWrite: concatResult(data = 
>>> )]
Nov 11 2018 08:22:41 GMT+0000 -- [emitOutput(output = 
>>> )]
Nov 11 2018 08:22:41 GMT+0000 -- [Repl.bufferWrite(string, ms): setTimeout()]
Nov 11 2018 08:22:41 GMT+0000 -- [socket.on('updateLine', fn)] line: 
Nov 11 2018 08:22:41 GMT+0000 -- [socket.on('execute', fn)] line: , clear: undefined
Nov 11 2018 08:22:41 GMT+0000 -- [Repl.bufferWrite(string = , ms = 10)]
Nov 11 2018 08:22:41 GMT+0000 -- [bufferWrite: concatResult(data = 
>>> )]
Nov 11 2018 08:22:41 GMT+0000 -- [emitOutput(output = 
>>> )]
Nov 11 2018 08:22:41 GMT+0000 -- [Repl.bufferWrite(string, ms): setTimeout()]
Nov 11 2018 08:22:41 GMT+0000 -- [socket.on('updateLine', fn)] line: 
Nov 11 2018 08:22:41 GMT+0000 -- [socket.on('execute', fn)] line: , clear: undefined
Nov 11 2018 08:22:41 GMT+0000 -- [Repl.bufferWrite(string = , ms = 10)]
Nov 11 2018 08:22:41 GMT+0000 -- [bufferWrite: concatResult(data = 
>>> )]
Nov 11 2018 08:22:41 GMT+0000 -- [emitOutput(output = 
>>> )]
Nov 11 2018 08:22:41 GMT+0000 -- [Repl.bufferWrite(string, ms): setTimeout()]
Nov 11 2018 08:22:41 GMT+0000 -- [socket.on('updateLine', fn)] line: 
Nov 11 2018 08:22:41 GMT+0000 -- [socket.on('execute', fn)] line: , clear: undefined
Nov 11 2018 08:22:41 GMT+0000 -- [Repl.bufferWrite(string = , ms = 10)]
Nov 11 2018 08:22:41 GMT+0000 -- [bufferWrite: concatResult(data = 
>>> )]
Nov 11 2018 08:22:41 GMT+0000 -- [emitOutput(output = 
>>> )]
Nov 11 2018 08:22:41 GMT+0000 -- [Repl.bufferWrite(string, ms): setTimeout()]
Nov 11 2018 08:22:41 GMT+0000 -- [socket.on('updateLine', fn)] line: 
Nov 11 2018 08:22:41 GMT+0000 -- [socket.on('execute', fn)] line: , clear: undefined
Nov 11 2018 08:22:41 GMT+0000 -- [Repl.bufferWrite(string = , ms = 10)]
Nov 11 2018 08:22:41 GMT+0000 -- [bufferWrite: concatResult(data = 
>>> )]
Nov 11 2018 08:22:41 GMT+0000 -- [emitOutput(output = 
>>> )]
Nov 11 2018 08:22:41 GMT+0000 -- [Repl.bufferWrite(string, ms): setTimeout()]
Nov 11 2018 08:22:41 GMT+0000 -- [socket.on('updateLine', fn)] line: 
Nov 11 2018 08:22:41 GMT+0000 -- [socket.on('execute', fn)] line: , clear: undefined
Nov 11 2018 08:22:41 GMT+0000 -- [Repl.bufferWrite(string = , ms = 10)]
Nov 11 2018 08:22:41 GMT+0000 -- [bufferWrite: concatResult(data = 
>>> )]
Nov 11 2018 08:22:41 GMT+0000 -- [emitOutput(output = 
>>> )]
Nov 11 2018 08:22:41 GMT+0000 -- [Repl.bufferWrite(string, ms): setTimeout()]
Nov 11 2018 08:22:41 GMT+0000 -- [socket.on('updateLine', fn)] line: 
Nov 11 2018 08:22:41 GMT+0000 -- [socket.on('execute', fn)] line: , clear: undefined
Nov 11 2018 08:22:41 GMT+0000 -- [Repl.bufferWrite(string = , ms = 10)]
Nov 11 2018 08:22:41 GMT+0000 -- [bufferWrite: concatResult(data = 
)]
Nov 11 2018 08:22:41 GMT+0000 -- [bufferWrite: concatResult(data = >>> )]
Nov 11 2018 08:22:41 GMT+0000 -- [emitOutput(output = 
>>> )]
Nov 11 2018 08:22:41 GMT+0000 -- [Repl.bufferWrite(string, ms): setTimeout()]
Nov 11 2018 08:22:41 GMT+0000 -- [socket.on('updateLine', fn)] line: 
Nov 11 2018 08:22:41 GMT+0000 -- [socket.on('execute', fn)] line: , clear: undefined
Nov 11 2018 08:22:41 GMT+0000 -- [Repl.bufferWrite(string = , ms = 10)]
Nov 11 2018 08:22:41 GMT+0000 -- [bufferWrite: concatResult(data = 
>>> )]
Nov 11 2018 08:22:41 GMT+0000 -- [emitOutput(output = 
>>> )]
Nov 11 2018 08:22:41 GMT+0000 -- [Repl.bufferWrite(string, ms): setTimeout()]
Nov 11 2018 08:22:41 GMT+0000 -- [socket.on('updateLine', fn)] line: 
Nov 11 2018 08:22:41 GMT+0000 -- [socket.on('execute', fn)] line: , clear: undefined
Nov 11 2018 08:22:41 GMT+0000 -- [Repl.bufferWrite(string = , ms = 10)]
Nov 11 2018 08:22:41 GMT+0000 -- [bufferWrite: concatResult(data = 
>>> )]
Nov 11 2018 08:22:41 GMT+0000 -- [emitOutput(output = 
>>> )]
Nov 11 2018 08:22:41 GMT+0000 -- [Repl.bufferWrite(string, ms): setTimeout()]
Nov 11 2018 08:22:41 GMT+0000 -- [socket.on('updateLine', fn)] line: 
Nov 11 2018 08:22:41 GMT+0000 -- [socket.on('execute', fn)] line: , clear: undefined
Nov 11 2018 08:22:41 GMT+0000 -- [Repl.bufferWrite(string = , ms = 10)]
Nov 11 2018 08:22:41 GMT+0000 -- [bufferWrite: concatResult(data = 
>>> )]
Nov 11 2018 08:22:41 GMT+0000 -- [emitOutput(output = 
>>> )]
Nov 11 2018 08:22:41 GMT+0000 -- [Repl.bufferWrite(string, ms): setTimeout()]
Nov 11 2018 08:22:41 GMT+0000 -- [socket.on('updateLine', fn)] line: 
Nov 11 2018 08:22:41 GMT+0000 -- [socket.on('execute', fn)] line: , clear: undefined
Nov 11 2018 08:22:41 GMT+0000 -- [Repl.bufferWrite(string = , ms = 10)]
Nov 11 2018 08:22:41 GMT+0000 -- [bufferWrite: concatResult(data = 
>>> )]
Nov 11 2018 08:22:41 GMT+0000 -- [emitOutput(output = 
>>> )]
Nov 11 2018 08:22:41 GMT+0000 -- [Repl.bufferWrite(string, ms): setTimeout()]
Nov 11 2018 08:22:41 GMT+0000 -- [socket.on('updateLine', fn)] line: 
Nov 11 2018 08:22:41 GMT+0000 -- [socket.on('execute', fn)] line: , clear: undefined
Nov 11 2018 08:22:41 GMT+0000 -- [Repl.bufferWrite(string = , ms = 10)]
Nov 11 2018 08:22:41 GMT+0000 -- [bufferWrite: concatResult(data = 
>>> )]
Nov 11 2018 08:22:41 GMT+0000 -- [emitOutput(output = 
>>> )]
Nov 11 2018 08:22:41 GMT+0000 -- [Repl.bufferWrite(string, ms): setTimeout()]
Nov 11 2018 08:22:41 GMT+0000 -- [socket.on('updateLine', fn)] line: 
Nov 11 2018 08:22:41 GMT+0000 -- [socket.on('execute', fn)] line: , clear: undefined
Nov 11 2018 08:22:41 GMT+0000 -- [Repl.bufferWrite(string = , ms = 10)]
Nov 11 2018 08:22:41 GMT+0000 -- [bufferWrite: concatResult(data = 
>>> )]
Nov 11 2018 08:22:41 GMT+0000 -- [emitOutput(output = 
>>> )]
Nov 11 2018 08:22:41 GMT+0000 -- [Repl.bufferWrite(string, ms): setTimeout()]
Nov 11 2018 08:22:41 GMT+0000 -- [socket.on('updateLine', fn)] line: 
Nov 11 2018 08:22:41 GMT+0000 -- [socket.on('execute', fn)] line: , clear: undefined
Nov 11 2018 08:22:41 GMT+0000 -- [Repl.bufferWrite(string = , ms = 10)]
Nov 11 2018 08:22:41 GMT+0000 -- [bufferWrite: concatResult(data = 
>>> )]
Nov 11 2018 08:22:41 GMT+0000 -- [emitOutput(output = 
>>> )]
Nov 11 2018 08:22:41 GMT+0000 -- [Repl.bufferWrite(string, ms): setTimeout()]
Nov 11 2018 08:22:41 GMT+0000 -- [socket.on('updateLine', fn)] line: 
Nov 11 2018 08:22:41 GMT+0000 -- [socket.on('execute', fn)] line: , clear: undefined
Nov 11 2018 08:22:41 GMT+0000 -- [Repl.bufferWrite(string = , ms = 10)]
Nov 11 2018 08:22:41 GMT+0000 -- [bufferWrite: concatResult(data = 
>>> )]
Nov 11 2018 08:22:41 GMT+0000 -- [emitOutput(output = 
>>> )]
Nov 11 2018 08:22:41 GMT+0000 -- [Repl.bufferWrite(string, ms): setTimeout()]
Nov 11 2018 08:22:41 GMT+0000 -- [socket.on('updateLine', fn)] line: 
Nov 11 2018 08:22:41 GMT+0000 -- [socket.on('execute', fn)] line: , clear: undefined
Nov 11 2018 08:22:41 GMT+0000 -- [Repl.bufferWrite(string = , ms = 10)]
Nov 11 2018 08:22:41 GMT+0000 -- [bufferWrite: concatResult(data = 
>>> )]
Nov 11 2018 08:22:41 GMT+0000 -- [emitOutput(output = 
>>> )]
Nov 11 2018 08:22:41 GMT+0000 -- [Repl.bufferWrite(string, ms): setTimeout()]
Nov 11 2018 08:22:41 GMT+0000 -- [socket.on('updateLine', fn)] line: 
Nov 11 2018 08:22:41 GMT+0000 -- [socket.on('execute', fn)] line: , clear: undefined
Nov 11 2018 08:22:41 GMT+0000 -- [Repl.bufferWrite(string = , ms = 10)]
Nov 11 2018 08:22:41 GMT+0000 -- [bufferWrite: concatResult(data = 
>>> )]
Nov 11 2018 08:22:41 GMT+0000 -- [emitOutput(output = 
>>> )]
Nov 11 2018 08:22:41 GMT+0000 -- [Repl.bufferWrite(string, ms): setTimeout()]
Nov 11 2018 08:22:41 GMT+0000 -- [socket.on('updateLine', fn)] line: 
Nov 11 2018 08:22:41 GMT+0000 -- [socket.on('execute', fn)] line: , clear: undefined
Nov 11 2018 08:22:41 GMT+0000 -- [Repl.bufferWrite(string = , ms = 10)]
Nov 11 2018 08:22:41 GMT+0000 -- [bufferWrite: concatResult(data = 
>>> )]
Nov 11 2018 08:22:41 GMT+0000 -- [emitOutput(output = 
>>> )]
Nov 11 2018 08:22:41 GMT+0000 -- [Repl.bufferWrite(string, ms): setTimeout()]
