Nov 11 2018 08:54:14 GMT+0000 -- Listening on 3000...
Nov 11 2018 08:54:54 GMT+0000 -- [io.on('connection')] socket: [object Object]
Nov 11 2018 08:54:54 GMT+0000 -- [socket.on('initRepl', fn)] language: ruby
Nov 11 2018 08:54:54 GMT+0000 -- [Repl.kill()]
Nov 11 2018 08:54:54 GMT+0000 -- [Repl.init(language = ruby)]
Nov 11 2018 08:54:54 GMT+0000 -- INITIALIZED irb
Nov 11 2018 08:54:54 GMT+0000 -- [Repl.bufferRead(ms = 400)]
Nov 11 2018 08:54:54 GMT+0000 -- [socket.on('joinRoom', fn)] room: spacecraft-repl
User "x9fcMuXZzVnRHfcTAAAA" joins room "spacecraft-repl"
Nov 11 2018 08:54:54 GMT+0000 -- [getInstanceOfY(room)] room: spacecraft-repl
Nov 11 2018 08:54:54 GMT+0000 -- [socket.on('yjsEvent', fn)] msg: [object Object]
Nov 11 2018 08:54:54 GMT+0000 -- [getInstanceOfY(room)] room: spacecraft-repl
Nov 11 2018 08:54:54 GMT+0000 -- [socket.on('yjsEvent', fn)] msg: [object Object]
Nov 11 2018 08:54:54 GMT+0000 -- [getInstanceOfY(room)] room: spacecraft-repl
Nov 11 2018 08:54:54 GMT+0000 -- [socket.on('yjsEvent', fn)] msg: [object Object]
Nov 11 2018 08:54:54 GMT+0000 -- [getInstanceOfY(room)] room: spacecraft-repl
Nov 11 2018 08:54:54 GMT+0000 -- [bufferRead: concatResult(data = irb(main):001:0> )]
Nov 11 2018 08:54:55 GMT+0000 -- [Repl.bufferWrite(string, ms): setTimeout()]
Nov 11 2018 08:55:08 GMT+0000 -- [socket.on('updateLine', fn)] line: 1
Nov 11 2018 08:55:09 GMT+0000 -- [socket.on('updateLine', fn)] line: 
Nov 11 2018 08:55:09 GMT+0000 -- [socket.on('execute', fn)] line: 1, clear: undefined
Nov 11 2018 08:55:09 GMT+0000 -- [Repl.bufferWrite(string = 1, ms = 10)]
Nov 11 2018 08:55:09 GMT+0000 -- [bufferWrite: concatResult(data = 1
)]
Nov 11 2018 08:55:09 GMT+0000 -- [bufferWrite: concatResult(data = => 1
)]
Nov 11 2018 08:55:09 GMT+0000 -- [bufferWrite: concatResult(data = irb(main):002:0> )]
Nov 11 2018 08:55:09 GMT+0000 -- [emitOutput(output = 1
=> 1
irb(main):002:0> )]
Nov 11 2018 08:55:09 GMT+0000 -- [Repl.bufferWrite(string, ms): setTimeout()]
Nov 11 2018 08:55:09 GMT+0000 -- [socket.on('updateLine', fn)] line: 2
Nov 11 2018 08:55:09 GMT+0000 -- [socket.on('updateLine', fn)] line: 
Nov 11 2018 08:55:09 GMT+0000 -- [socket.on('execute', fn)] line: 2, clear: undefined
Nov 11 2018 08:55:09 GMT+0000 -- [Repl.bufferWrite(string = 2, ms = 10)]
Nov 11 2018 08:55:09 GMT+0000 -- [bufferWrite: concatResult(data = 2
)]
Nov 11 2018 08:55:09 GMT+0000 -- [bufferWrite: concatResult(data = => 2
)]
Nov 11 2018 08:55:09 GMT+0000 -- [bufferWrite: concatResult(data = irb(main):003:0> )]
Nov 11 2018 08:55:09 GMT+0000 -- [emitOutput(output = 2
=> 2
irb(main):003:0> )]
Nov 11 2018 08:55:09 GMT+0000 -- [Repl.bufferWrite(string, ms): setTimeout()]
Nov 11 2018 08:55:09 GMT+0000 -- [socket.on('updateLine', fn)] line: 3
Nov 11 2018 08:55:09 GMT+0000 -- [socket.on('updateLine', fn)] line: 
Nov 11 2018 08:55:09 GMT+0000 -- [socket.on('execute', fn)] line: 3, clear: undefined
Nov 11 2018 08:55:09 GMT+0000 -- [Repl.bufferWrite(string = 3, ms = 10)]
Nov 11 2018 08:55:09 GMT+0000 -- [bufferWrite: concatResult(data = 3
=> 3
irb(main):004:0> )]
Nov 11 2018 08:55:09 GMT+0000 -- [emitOutput(output = 3
=> 3
irb(main):004:0> )]
Nov 11 2018 08:55:09 GMT+0000 -- [Repl.bufferWrite(string, ms): setTimeout()]
Nov 11 2018 08:55:10 GMT+0000 -- [socket.on('updateLine', fn)] line: 1
Nov 11 2018 08:55:10 GMT+0000 -- [socket.on('updateLine', fn)] line: 12
Nov 11 2018 08:55:10 GMT+0000 -- [socket.on('updateLine', fn)] line: 123
Nov 11 2018 08:55:10 GMT+0000 -- [socket.on('updateLine', fn)] line: 
Nov 11 2018 08:55:10 GMT+0000 -- [socket.on('execute', fn)] line: 123, clear: undefined
Nov 11 2018 08:55:10 GMT+0000 -- [Repl.bufferWrite(string = 123, ms = 10)]
Nov 11 2018 08:55:10 GMT+0000 -- [bufferWrite: concatResult(data = 123
=> 123
irb(main):005:0> )]
Nov 11 2018 08:55:10 GMT+0000 -- [emitOutput(output = 123
=> 123
irb(main):005:0> )]
Nov 11 2018 08:55:10 GMT+0000 -- [Repl.bufferWrite(string, ms): setTimeout()]
Nov 11 2018 08:55:10 GMT+0000 -- [socket.on('updateLine', fn)] line: 1
Nov 11 2018 08:55:10 GMT+0000 -- [socket.on('updateLine', fn)] line: 12
Nov 11 2018 08:55:10 GMT+0000 -- [socket.on('updateLine', fn)] line: 123
Nov 11 2018 08:55:10 GMT+0000 -- [socket.on('updateLine', fn)] line: 
Nov 11 2018 08:55:10 GMT+0000 -- [socket.on('execute', fn)] line: 123, clear: undefined
Nov 11 2018 08:55:10 GMT+0000 -- [Repl.bufferWrite(string = 123, ms = 10)]
Nov 11 2018 08:55:10 GMT+0000 -- [bufferWrite: concatResult(data = 123
=> 123
irb(main):006:0> )]
Nov 11 2018 08:55:10 GMT+0000 -- [emitOutput(output = 123
=> 123
irb(main):006:0> )]
Nov 11 2018 08:55:10 GMT+0000 -- [Repl.bufferWrite(string, ms): setTimeout()]
Nov 11 2018 08:55:10 GMT+0000 -- [socket.on('updateLine', fn)] line: 1
Nov 11 2018 08:55:10 GMT+0000 -- [socket.on('updateLine', fn)] line: 12
Nov 11 2018 08:55:10 GMT+0000 -- [socket.on('updateLine', fn)] line: 123
Nov 11 2018 08:55:10 GMT+0000 -- [socket.on('updateLine', fn)] line: 
Nov 11 2018 08:55:10 GMT+0000 -- [socket.on('execute', fn)] line: 123, clear: undefined
Nov 11 2018 08:55:10 GMT+0000 -- [Repl.bufferWrite(string = 123, ms = 10)]
Nov 11 2018 08:55:10 GMT+0000 -- [bufferWrite: concatResult(data = 123
=> 123
irb(main):007:0> )]
Nov 11 2018 08:55:10 GMT+0000 -- [emitOutput(output = 123
=> 123
irb(main):007:0> )]
Nov 11 2018 08:55:10 GMT+0000 -- [Repl.bufferWrite(string, ms): setTimeout()]
Nov 11 2018 08:55:11 GMT+0000 -- [socket.on('updateLine', fn)] line: 1
Nov 11 2018 08:55:11 GMT+0000 -- [socket.on('updateLine', fn)] line: 12
Nov 11 2018 08:55:11 GMT+0000 -- [socket.on('updateLine', fn)] line: 123
Nov 11 2018 08:55:11 GMT+0000 -- [socket.on('updateLine', fn)] line: 
Nov 11 2018 08:55:11 GMT+0000 -- [socket.on('execute', fn)] line: 123, clear: undefined
Nov 11 2018 08:55:11 GMT+0000 -- [Repl.bufferWrite(string = 123, ms = 10)]
Nov 11 2018 08:55:11 GMT+0000 -- [bufferWrite: concatResult(data = 123
=> 123
irb(main):008:0> )]
Nov 11 2018 08:55:11 GMT+0000 -- [emitOutput(output = 123
=> 123
irb(main):008:0> )]
Nov 11 2018 08:55:11 GMT+0000 -- [Repl.bufferWrite(string, ms): setTimeout()]
Nov 11 2018 08:55:11 GMT+0000 -- [socket.on('updateLine', fn)] line: 1
Nov 11 2018 08:55:11 GMT+0000 -- [socket.on('updateLine', fn)] line: 12
Nov 11 2018 08:55:11 GMT+0000 -- [socket.on('updateLine', fn)] line: 123
Nov 11 2018 08:55:11 GMT+0000 -- [socket.on('updateLine', fn)] line: 
Nov 11 2018 08:55:11 GMT+0000 -- [socket.on('execute', fn)] line: 123, clear: undefined
Nov 11 2018 08:55:11 GMT+0000 -- [Repl.bufferWrite(string = 123, ms = 10)]
Nov 11 2018 08:55:11 GMT+0000 -- [bufferWrite: concatResult(data = 123
)]
Nov 11 2018 08:55:11 GMT+0000 -- [bufferWrite: concatResult(data = => 123
)]
Nov 11 2018 08:55:11 GMT+0000 -- [bufferWrite: concatResult(data = irb(main):009:0> )]
Nov 11 2018 08:55:11 GMT+0000 -- [emitOutput(output = 123
=> 123
irb(main):009:0> )]
Nov 11 2018 08:55:11 GMT+0000 -- [Repl.bufferWrite(string, ms): setTimeout()]
Nov 11 2018 08:55:11 GMT+0000 -- [socket.on('updateLine', fn)] line: 1
Nov 11 2018 08:55:11 GMT+0000 -- [socket.on('updateLine', fn)] line: 12
Nov 11 2018 08:55:11 GMT+0000 -- [socket.on('updateLine', fn)] line: 123
Nov 11 2018 08:55:11 GMT+0000 -- [socket.on('updateLine', fn)] line: 
Nov 11 2018 08:55:11 GMT+0000 -- [socket.on('execute', fn)] line: 123, clear: undefined
Nov 11 2018 08:55:11 GMT+0000 -- [Repl.bufferWrite(string = 123, ms = 10)]
Nov 11 2018 08:55:11 GMT+0000 -- [bufferWrite: concatResult(data = 123
)]
Nov 11 2018 08:55:11 GMT+0000 -- [bufferWrite: concatResult(data = => 123
)]
Nov 11 2018 08:55:11 GMT+0000 -- [bufferWrite: concatResult(data = irb(main):010:0> )]
Nov 11 2018 08:55:11 GMT+0000 -- [emitOutput(output = 123
=> 123
irb(main):010:0> )]
Nov 11 2018 08:55:11 GMT+0000 -- [Repl.bufferWrite(string, ms): setTimeout()]
Nov 11 2018 08:55:11 GMT+0000 -- [socket.on('updateLine', fn)] line: 1
Nov 11 2018 08:55:11 GMT+0000 -- [socket.on('updateLine', fn)] line: 12
Nov 11 2018 08:55:11 GMT+0000 -- [socket.on('updateLine', fn)] line: 123
Nov 11 2018 08:55:11 GMT+0000 -- [socket.on('updateLine', fn)] line: 
Nov 11 2018 08:55:11 GMT+0000 -- [socket.on('execute', fn)] line: 123, clear: undefined
Nov 11 2018 08:55:11 GMT+0000 -- [Repl.bufferWrite(string = 123, ms = 10)]
Nov 11 2018 08:55:11 GMT+0000 -- [bufferWrite: concatResult(data = 123
=> 123
irb(main):011:0> )]
Nov 11 2018 08:55:11 GMT+0000 -- [emitOutput(output = 123
=> 123
irb(main):011:0> )]
Nov 11 2018 08:55:12 GMT+0000 -- [Repl.bufferWrite(string, ms): setTimeout()]
Nov 11 2018 08:55:12 GMT+0000 -- [socket.on('updateLine', fn)] line: 1
Nov 11 2018 08:55:12 GMT+0000 -- [socket.on('updateLine', fn)] line: 12
Nov 11 2018 08:55:12 GMT+0000 -- [socket.on('updateLine', fn)] line: 123
Nov 11 2018 08:55:12 GMT+0000 -- [socket.on('updateLine', fn)] line: 
Nov 11 2018 08:55:12 GMT+0000 -- [socket.on('execute', fn)] line: 123, clear: undefined
Nov 11 2018 08:55:12 GMT+0000 -- [Repl.bufferWrite(string = 123, ms = 10)]
Nov 11 2018 08:55:12 GMT+0000 -- [bufferWrite: concatResult(data = 123
=> 123
irb(main):012:0> )]
Nov 11 2018 08:55:12 GMT+0000 -- [emitOutput(output = 123
=> 123
irb(main):012:0> )]
Nov 11 2018 08:55:12 GMT+0000 -- [Repl.bufferWrite(string, ms): setTimeout()]
Nov 11 2018 08:55:12 GMT+0000 -- [socket.on('updateLine', fn)] line: 1
Nov 11 2018 08:55:12 GMT+0000 -- [socket.on('updateLine', fn)] line: 12
Nov 11 2018 08:55:12 GMT+0000 -- [socket.on('updateLine', fn)] line: 123
Nov 11 2018 08:55:12 GMT+0000 -- [socket.on('updateLine', fn)] line: 
Nov 11 2018 08:55:12 GMT+0000 -- [socket.on('execute', fn)] line: 123, clear: undefined
Nov 11 2018 08:55:12 GMT+0000 -- [Repl.bufferWrite(string = 123, ms = 10)]
Nov 11 2018 08:55:12 GMT+0000 -- [bufferWrite: concatResult(data = 123
=> 123
irb(main):013:0> )]
Nov 11 2018 08:55:12 GMT+0000 -- [emitOutput(output = 123
=> 123
irb(main):013:0> )]
Nov 11 2018 08:55:12 GMT+0000 -- [Repl.bufferWrite(string, ms): setTimeout()]
Nov 11 2018 08:55:12 GMT+0000 -- [socket.on('updateLine', fn)] line: 
Nov 11 2018 08:55:12 GMT+0000 -- [socket.on('execute', fn)] line: , clear: undefined
Nov 11 2018 08:55:12 GMT+0000 -- [Repl.bufferWrite(string = , ms = 10)]
Nov 11 2018 08:55:12 GMT+0000 -- [bufferWrite: concatResult(data = 
irb(main):014:0> )]
Nov 11 2018 08:55:12 GMT+0000 -- [emitOutput(output = 
irb(main):014:0> )]
Nov 11 2018 08:55:12 GMT+0000 -- [Repl.bufferWrite(string, ms): setTimeout()]
Nov 11 2018 08:55:12 GMT+0000 -- [socket.on('updateLine', fn)] line: 1
Nov 11 2018 08:55:12 GMT+0000 -- [socket.on('updateLine', fn)] line: 12
Nov 11 2018 08:55:12 GMT+0000 -- [socket.on('updateLine', fn)] line: 123
Nov 11 2018 08:55:13 GMT+0000 -- [socket.on('updateLine', fn)] line: 
Nov 11 2018 08:55:13 GMT+0000 -- [socket.on('execute', fn)] line: 123, clear: undefined
Nov 11 2018 08:55:13 GMT+0000 -- [Repl.bufferWrite(string = 123, ms = 10)]
Nov 11 2018 08:55:13 GMT+0000 -- [bufferWrite: concatResult(data = 123
=> 123
irb(main):015:0> )]
Nov 11 2018 08:55:13 GMT+0000 -- [emitOutput(output = 123
=> 123
irb(main):015:0> )]
Nov 11 2018 08:55:13 GMT+0000 -- [Repl.bufferWrite(string, ms): setTimeout()]
Nov 11 2018 08:55:13 GMT+0000 -- [socket.on('updateLine', fn)] line: 1
Nov 11 2018 08:55:13 GMT+0000 -- [socket.on('updateLine', fn)] line: 12
Nov 11 2018 08:55:13 GMT+0000 -- [socket.on('updateLine', fn)] line: 123
Nov 11 2018 08:55:13 GMT+0000 -- [socket.on('updateLine', fn)] line: 
Nov 11 2018 08:55:13 GMT+0000 -- [socket.on('execute', fn)] line: 123, clear: undefined
Nov 11 2018 08:55:13 GMT+0000 -- [Repl.bufferWrite(string = 123, ms = 10)]
Nov 11 2018 08:55:13 GMT+0000 -- [bufferWrite: concatResult(data = 123
=> 123
irb(main):016:0> )]
Nov 11 2018 08:55:13 GMT+0000 -- [emitOutput(output = 123
=> 123
irb(main):016:0> )]
Nov 11 2018 08:55:13 GMT+0000 -- [Repl.bufferWrite(string, ms): setTimeout()]
Nov 11 2018 08:55:13 GMT+0000 -- [socket.on('updateLine', fn)] line: 1
Nov 11 2018 08:55:13 GMT+0000 -- [socket.on('updateLine', fn)] line: 12
Nov 11 2018 08:55:13 GMT+0000 -- [socket.on('updateLine', fn)] line: 123
Nov 11 2018 08:55:13 GMT+0000 -- [socket.on('updateLine', fn)] line: 
Nov 11 2018 08:55:13 GMT+0000 -- [socket.on('execute', fn)] line: 123, clear: undefined
Nov 11 2018 08:55:13 GMT+0000 -- [Repl.bufferWrite(string = 123, ms = 10)]
Nov 11 2018 08:55:13 GMT+0000 -- [bufferWrite: concatResult(data = 123
=> 123
irb(main):017:0> )]
Nov 11 2018 08:55:13 GMT+0000 -- [emitOutput(output = 123
=> 123
irb(main):017:0> )]
Nov 11 2018 08:55:13 GMT+0000 -- [Repl.bufferWrite(string, ms): setTimeout()]
Nov 11 2018 08:55:13 GMT+0000 -- [socket.on('updateLine', fn)] line: 2
Nov 11 2018 08:55:13 GMT+0000 -- [socket.on('updateLine', fn)] line: 23
Nov 11 2018 08:55:13 GMT+0000 -- [socket.on('updateLine', fn)] line: 
Nov 11 2018 08:55:13 GMT+0000 -- [socket.on('execute', fn)] line: 23, clear: undefined
Nov 11 2018 08:55:13 GMT+0000 -- [Repl.bufferWrite(string = 23, ms = 10)]
Nov 11 2018 08:55:13 GMT+0000 -- [bufferWrite: concatResult(data = 23
=> 23
irb(main):018:0> )]
Nov 11 2018 08:55:13 GMT+0000 -- [emitOutput(output = 23
=> 23
irb(main):018:0> )]
Nov 11 2018 08:55:13 GMT+0000 -- [Repl.bufferWrite(string, ms): setTimeout()]
Nov 11 2018 08:55:13 GMT+0000 -- [socket.on('updateLine', fn)] line: 1
Nov 11 2018 08:55:13 GMT+0000 -- [socket.on('updateLine', fn)] line: 12
Nov 11 2018 08:55:13 GMT+0000 -- [socket.on('updateLine', fn)] line: 123
Nov 11 2018 08:55:13 GMT+0000 -- [socket.on('updateLine', fn)] line: 
Nov 11 2018 08:55:13 GMT+0000 -- [socket.on('execute', fn)] line: 123, clear: undefined
Nov 11 2018 08:55:13 GMT+0000 -- [Repl.bufferWrite(string = 123, ms = 10)]
Nov 11 2018 08:55:13 GMT+0000 -- [bufferWrite: concatResult(data = 123
)]
Nov 11 2018 08:55:13 GMT+0000 -- [bufferWrite: concatResult(data = => 123
)]
Nov 11 2018 08:55:13 GMT+0000 -- [bufferWrite: concatResult(data = irb(main):019:0> )]
Nov 11 2018 08:55:13 GMT+0000 -- [emitOutput(output = 123
=> 123
irb(main):019:0> )]
Nov 11 2018 08:55:14 GMT+0000 -- [Repl.bufferWrite(string, ms): setTimeout()]
Nov 11 2018 08:55:14 GMT+0000 -- [socket.on('updateLine', fn)] line: 1
Nov 11 2018 08:55:14 GMT+0000 -- [socket.on('updateLine', fn)] line: 12
Nov 11 2018 08:55:14 GMT+0000 -- [socket.on('updateLine', fn)] line: 123
Nov 11 2018 08:55:14 GMT+0000 -- [socket.on('updateLine', fn)] line: 
Nov 11 2018 08:55:14 GMT+0000 -- [socket.on('execute', fn)] line: 123, clear: undefined
Nov 11 2018 08:55:14 GMT+0000 -- [Repl.bufferWrite(string = 123, ms = 10)]
Nov 11 2018 08:55:14 GMT+0000 -- [bufferWrite: concatResult(data = 123
)]
Nov 11 2018 08:55:14 GMT+0000 -- [bufferWrite: concatResult(data = => 123
)]
Nov 11 2018 08:55:14 GMT+0000 -- [bufferWrite: concatResult(data = irb(main):020:0> )]
Nov 11 2018 08:55:14 GMT+0000 -- [emitOutput(output = 123
=> 123
irb(main):020:0> )]
Nov 11 2018 08:55:14 GMT+0000 -- [Repl.bufferWrite(string, ms): setTimeout()]
Nov 11 2018 08:55:14 GMT+0000 -- [socket.on('updateLine', fn)] line: 1
Nov 11 2018 08:55:14 GMT+0000 -- [socket.on('updateLine', fn)] line: 12
Nov 11 2018 08:55:14 GMT+0000 -- [socket.on('updateLine', fn)] line: 123
Nov 11 2018 08:55:14 GMT+0000 -- [socket.on('updateLine', fn)] line: 
Nov 11 2018 08:55:14 GMT+0000 -- [socket.on('execute', fn)] line: 123, clear: undefined
Nov 11 2018 08:55:14 GMT+0000 -- [Repl.bufferWrite(string = 123, ms = 10)]
Nov 11 2018 08:55:14 GMT+0000 -- [bufferWrite: concatResult(data = 123
)]
Nov 11 2018 08:55:14 GMT+0000 -- [bufferWrite: concatResult(data = => 123
)]
Nov 11 2018 08:55:14 GMT+0000 -- [bufferWrite: concatResult(data = irb(main):021:0> )]
Nov 11 2018 08:55:14 GMT+0000 -- [emitOutput(output = 123
=> 123
irb(main):021:0> )]
Nov 11 2018 08:55:14 GMT+0000 -- [Repl.bufferWrite(string, ms): setTimeout()]
Nov 11 2018 08:55:14 GMT+0000 -- [socket.on('updateLine', fn)] line: 1
Nov 11 2018 08:55:14 GMT+0000 -- [socket.on('updateLine', fn)] line: 12
Nov 11 2018 08:55:14 GMT+0000 -- [socket.on('updateLine', fn)] line: 123
Nov 11 2018 08:55:14 GMT+0000 -- [socket.on('updateLine', fn)] line: 
Nov 11 2018 08:55:14 GMT+0000 -- [socket.on('execute', fn)] line: 123, clear: undefined
Nov 11 2018 08:55:14 GMT+0000 -- [Repl.bufferWrite(string = 123, ms = 10)]
Nov 11 2018 08:55:14 GMT+0000 -- [bufferWrite: concatResult(data = 123
)]
Nov 11 2018 08:55:14 GMT+0000 -- [bufferWrite: concatResult(data = => 123
)]
Nov 11 2018 08:55:14 GMT+0000 -- [bufferWrite: concatResult(data = irb(main):022:0> )]
Nov 11 2018 08:55:14 GMT+0000 -- [emitOutput(output = 123
=> 123
irb(main):022:0> )]
Nov 11 2018 08:55:14 GMT+0000 -- [Repl.bufferWrite(string, ms): setTimeout()]
Nov 11 2018 09:00:27 GMT+0000 -- [socket.on('updateLine', fn)] line: 1
Nov 11 2018 09:00:28 GMT+0000 -- [socket.on('updateLine', fn)] line: 
Nov 11 2018 09:00:28 GMT+0000 -- [socket.on('execute', fn)] line: 1, clear: undefined
Nov 11 2018 09:00:28 GMT+0000 -- [Repl.bufferWrite(string = 1, ms = 10)]
Nov 11 2018 09:00:28 GMT+0000 -- [bufferWrite: concatResult(data = 1
=> 1
irb(main):023:0> )]
Nov 11 2018 09:00:28 GMT+0000 -- [emitOutput(output = 1
=> 1
irb(main):023:0> )]
Nov 11 2018 09:00:28 GMT+0000 -- [Repl.bufferWrite(string, ms): setTimeout()]
Nov 11 2018 09:00:29 GMT+0000 -- [socket.on('updateLine', fn)] line: 3
Nov 11 2018 09:00:29 GMT+0000 -- [socket.on('updateLine', fn)] line: 
Nov 11 2018 09:00:29 GMT+0000 -- [socket.on('execute', fn)] line: 3, clear: undefined
Nov 11 2018 09:00:29 GMT+0000 -- [Repl.bufferWrite(string = 3, ms = 10)]
Nov 11 2018 09:00:29 GMT+0000 -- [bufferWrite: concatResult(data = 3
=> 3
irb(main):024:0> )]
Nov 11 2018 09:00:29 GMT+0000 -- [emitOutput(output = 3
=> 3
irb(main):024:0> )]
Nov 11 2018 09:00:29 GMT+0000 -- [Repl.bufferWrite(string, ms): setTimeout()]
Nov 11 2018 09:00:32 GMT+0000 -- [socket.on('disconnect', fn)] Client disconnected
Nov 11 2018 09:00:32 GMT+0000 -- [socket.on('disconnect', fn)]
Nov 11 2018 09:00:32 GMT+0000 -- [getInstanceOfY(room)] room: spacecraft-repl
Nov 11 2018 09:00:32 GMT+0000 -- 0 clients --> Repl.kill()
Nov 11 2018 09:00:32 GMT+0000 -- [Repl.kill()]
Nov 11 2018 09:01:43 GMT+0000 -- [io.on('connection')] socket: [object Object]
Nov 11 2018 09:01:44 GMT+0000 -- [socket.on('initRepl', fn)] language: ruby
Nov 11 2018 09:01:44 GMT+0000 -- [Repl.kill()]
Nov 11 2018 09:01:44 GMT+0000 -- [Repl.init(language = ruby)]
Nov 11 2018 09:01:44 GMT+0000 -- INITIALIZED irb
Nov 11 2018 09:01:44 GMT+0000 -- [Repl.bufferRead(ms = 400)]
Nov 11 2018 09:01:44 GMT+0000 -- [socket.on('joinRoom', fn)] room: spacecraft-repl
User "3AFZ4xTo_huhDvXMAAAB" joins room "spacecraft-repl"
Nov 11 2018 09:01:44 GMT+0000 -- [getInstanceOfY(room)] room: spacecraft-repl
Nov 11 2018 09:01:44 GMT+0000 -- [socket.on('yjsEvent', fn)] msg: [object Object]
Nov 11 2018 09:01:44 GMT+0000 -- [getInstanceOfY(room)] room: spacecraft-repl
Nov 11 2018 09:01:44 GMT+0000 -- [socket.on('yjsEvent', fn)] msg: [object Object]
Nov 11 2018 09:01:44 GMT+0000 -- [getInstanceOfY(room)] room: spacecraft-repl
Nov 11 2018 09:01:44 GMT+0000 -- [bufferRead: concatResult(data = irb(main):001:0> )]
Nov 11 2018 09:01:44 GMT+0000 -- [socket.on('yjsEvent', fn)] msg: [object Object]
Nov 11 2018 09:01:44 GMT+0000 -- [getInstanceOfY(room)] room: spacecraft-repl
Nov 11 2018 09:01:44 GMT+0000 -- [Repl.bufferWrite(string, ms): setTimeout()]
Nov 11 2018 09:01:45 GMT+0000 -- [socket.on('updateLine', fn)] line: 1
Nov 11 2018 09:01:45 GMT+0000 -- [socket.on('updateLine', fn)] line: 13
Nov 11 2018 09:01:45 GMT+0000 -- [socket.on('updateLine', fn)] line: 132
Nov 11 2018 09:01:45 GMT+0000 -- [socket.on('updateLine', fn)] line: 
Nov 11 2018 09:01:45 GMT+0000 -- [socket.on('execute', fn)] line: 132, clear: undefined
Nov 11 2018 09:01:45 GMT+0000 -- [Repl.bufferWrite(string = 132, ms = 10)]
Nov 11 2018 09:01:45 GMT+0000 -- [bufferWrite: concatResult(data = 132
=> 132
irb(main):002:0> )]
Nov 11 2018 09:01:45 GMT+0000 -- [emitOutput(output = 132
=> 132
irb(main):002:0> )]
Nov 11 2018 09:01:45 GMT+0000 -- [Repl.bufferWrite(string, ms): setTimeout()]
Nov 11 2018 09:01:45 GMT+0000 -- [socket.on('updateLine', fn)] line: 3
Nov 11 2018 09:01:45 GMT+0000 -- [socket.on('updateLine', fn)] line: 31
Nov 11 2018 09:01:46 GMT+0000 -- [socket.on('updateLine', fn)] line: 312
Nov 11 2018 09:01:46 GMT+0000 -- [socket.on('updateLine', fn)] line: 
Nov 11 2018 09:01:46 GMT+0000 -- [socket.on('execute', fn)] line: 312, clear: undefined
Nov 11 2018 09:01:46 GMT+0000 -- [Repl.bufferWrite(string = 312, ms = 10)]
Nov 11 2018 09:01:46 GMT+0000 -- [bufferWrite: concatResult(data = 312
=> 312
irb(main):003:0> )]
Nov 11 2018 09:01:46 GMT+0000 -- [emitOutput(output = 312
=> 312
irb(main):003:0> )]
Nov 11 2018 09:01:46 GMT+0000 -- [Repl.bufferWrite(string, ms): setTimeout()]
Nov 11 2018 09:01:46 GMT+0000 -- [socket.on('updateLine', fn)] line: 
Nov 11 2018 09:01:46 GMT+0000 -- [socket.on('execute', fn)] line: , clear: undefined
Nov 11 2018 09:01:46 GMT+0000 -- [Repl.bufferWrite(string = , ms = 10)]
Nov 11 2018 09:01:46 GMT+0000 -- [bufferWrite: concatResult(data = 
irb(main):004:0> )]
Nov 11 2018 09:01:46 GMT+0000 -- [emitOutput(output = 
irb(main):004:0> )]
Nov 11 2018 09:01:46 GMT+0000 -- [Repl.bufferWrite(string, ms): setTimeout()]
Nov 11 2018 09:01:46 GMT+0000 -- [socket.on('updateLine', fn)] line: 2
Nov 11 2018 09:01:46 GMT+0000 -- [socket.on('updateLine', fn)] line: 21
Nov 11 2018 09:01:46 GMT+0000 -- [socket.on('updateLine', fn)] line: 213
Nov 11 2018 09:01:46 GMT+0000 -- [socket.on('updateLine', fn)] line: 
Nov 11 2018 09:01:46 GMT+0000 -- [socket.on('execute', fn)] line: 213, clear: undefined
Nov 11 2018 09:01:46 GMT+0000 -- [Repl.bufferWrite(string = 213, ms = 10)]
Nov 11 2018 09:01:46 GMT+0000 -- [bufferWrite: concatResult(data = 213
=> 213
irb(main):005:0> )]
Nov 11 2018 09:01:46 GMT+0000 -- [emitOutput(output = 213
=> 213
irb(main):005:0> )]
Nov 11 2018 09:01:46 GMT+0000 -- [Repl.bufferWrite(string, ms): setTimeout()]
Nov 11 2018 09:01:46 GMT+0000 -- [socket.on('updateLine', fn)] line: 
Nov 11 2018 09:01:46 GMT+0000 -- [socket.on('execute', fn)] line: , clear: undefined
Nov 11 2018 09:01:46 GMT+0000 -- [Repl.bufferWrite(string = , ms = 10)]
Nov 11 2018 09:01:46 GMT+0000 -- [bufferWrite: concatResult(data = 
irb(main):006:0> )]
Nov 11 2018 09:01:46 GMT+0000 -- [emitOutput(output = 
irb(main):006:0> )]
Nov 11 2018 09:01:46 GMT+0000 -- [Repl.bufferWrite(string, ms): setTimeout()]
Nov 11 2018 09:01:46 GMT+0000 -- [socket.on('updateLine', fn)] line: 1
Nov 11 2018 09:01:46 GMT+0000 -- [socket.on('updateLine', fn)] line: 12
Nov 11 2018 09:01:46 GMT+0000 -- [socket.on('updateLine', fn)] line: 123
Nov 11 2018 09:01:46 GMT+0000 -- [socket.on('updateLine', fn)] line: 
Nov 11 2018 09:01:46 GMT+0000 -- [socket.on('execute', fn)] line: 123, clear: undefined
Nov 11 2018 09:01:46 GMT+0000 -- [Repl.bufferWrite(string = 123, ms = 10)]
Nov 11 2018 09:01:46 GMT+0000 -- [bufferWrite: concatResult(data = 123
=> 123
irb(main):007:0> )]
Nov 11 2018 09:01:46 GMT+0000 -- [emitOutput(output = 123
=> 123
irb(main):007:0> )]
Nov 11 2018 09:01:46 GMT+0000 -- [Repl.bufferWrite(string, ms): setTimeout()]
Nov 11 2018 09:01:46 GMT+0000 -- [socket.on('updateLine', fn)] line: 1
Nov 11 2018 09:01:46 GMT+0000 -- [socket.on('updateLine', fn)] line: 12
Nov 11 2018 09:01:46 GMT+0000 -- [socket.on('updateLine', fn)] line: 123
Nov 11 2018 09:01:46 GMT+0000 -- [socket.on('updateLine', fn)] line: 
Nov 11 2018 09:01:46 GMT+0000 -- [socket.on('execute', fn)] line: 123, clear: undefined
Nov 11 2018 09:01:46 GMT+0000 -- [Repl.bufferWrite(string = 123, ms = 10)]
Nov 11 2018 09:01:46 GMT+0000 -- [bufferWrite: concatResult(data = 123
=> 123
irb(main):008:0> )]
Nov 11 2018 09:01:46 GMT+0000 -- [emitOutput(output = 123
=> 123
irb(main):008:0> )]
Nov 11 2018 09:01:46 GMT+0000 -- [Repl.bufferWrite(string, ms): setTimeout()]
Nov 11 2018 09:01:50 GMT+0000 -- [socket.on('updateLine', fn)] line: 
Nov 11 2018 09:01:50 GMT+0000 -- [socket.on('execute', fn)] line: , clear: undefined
Nov 11 2018 09:01:50 GMT+0000 -- [Repl.bufferWrite(string = , ms = 10)]
Nov 11 2018 09:01:50 GMT+0000 -- [bufferWrite: concatResult(data = 
irb(main):009:0> )]
Nov 11 2018 09:01:50 GMT+0000 -- [emitOutput(output = 
irb(main):009:0> )]
Nov 11 2018 09:01:50 GMT+0000 -- [socket.on('updateLine', fn)] line: 2
Nov 11 2018 09:01:50 GMT+0000 -- [Repl.bufferWrite(string, ms): setTimeout()]
Nov 11 2018 09:01:50 GMT+0000 -- [socket.on('updateLine', fn)] line: 
Nov 11 2018 09:01:50 GMT+0000 -- [socket.on('execute', fn)] line: 2, clear: undefined
Nov 11 2018 09:01:50 GMT+0000 -- [Repl.bufferWrite(string = 2, ms = 10)]
Nov 11 2018 09:01:50 GMT+0000 -- [bufferWrite: concatResult(data = 2
=> 2
irb(main):010:0> )]
Nov 11 2018 09:01:50 GMT+0000 -- [emitOutput(output = 2
=> 2
irb(main):010:0> )]
Nov 11 2018 09:01:50 GMT+0000 -- [socket.on('updateLine', fn)] line: 3
Nov 11 2018 09:01:50 GMT+0000 -- [Repl.bufferWrite(string, ms): setTimeout()]
Nov 11 2018 09:01:50 GMT+0000 -- [socket.on('updateLine', fn)] line: 33
Nov 11 2018 09:01:50 GMT+0000 -- [socket.on('updateLine', fn)] line: 333
Nov 11 2018 09:01:50 GMT+0000 -- [socket.on('updateLine', fn)] line: 
Nov 11 2018 09:01:50 GMT+0000 -- [socket.on('execute', fn)] line: 333, clear: undefined
Nov 11 2018 09:01:50 GMT+0000 -- [Repl.bufferWrite(string = 333, ms = 10)]
Nov 11 2018 09:01:50 GMT+0000 -- [bufferWrite: concatResult(data = 333
=> 333
irb(main):011:0> )]
Nov 11 2018 09:01:50 GMT+0000 -- [emitOutput(output = 333
=> 333
irb(main):011:0> )]
Nov 11 2018 09:01:50 GMT+0000 -- [socket.on('updateLine', fn)] line: 1
Nov 11 2018 09:01:50 GMT+0000 -- [Repl.bufferWrite(string, ms): setTimeout()]
Nov 11 2018 09:01:50 GMT+0000 -- [socket.on('updateLine', fn)] line: 12
Nov 11 2018 09:01:50 GMT+0000 -- [socket.on('updateLine', fn)] line: 123
Nov 11 2018 09:01:50 GMT+0000 -- [socket.on('updateLine', fn)] line: 
Nov 11 2018 09:01:50 GMT+0000 -- [socket.on('execute', fn)] line: 123, clear: undefined
Nov 11 2018 09:01:50 GMT+0000 -- [Repl.bufferWrite(string = 123, ms = 10)]
Nov 11 2018 09:01:50 GMT+0000 -- [bufferWrite: concatResult(data = 123
=> 123
irb(main):012:0> )]
Nov 11 2018 09:01:50 GMT+0000 -- [emitOutput(output = 123
=> 123
irb(main):012:0> )]
Nov 11 2018 09:01:50 GMT+0000 -- [socket.on('updateLine', fn)] line: 
Nov 11 2018 09:01:50 GMT+0000 -- [socket.on('execute', fn)] line: , clear: undefined
Nov 11 2018 09:01:50 GMT+0000 -- [Repl.bufferWrite(string = , ms = 10)]
Nov 11 2018 09:01:50 GMT+0000 -- [bufferWrite: concatResult(data = 
irb(main):013:0> )]
Nov 11 2018 09:01:50 GMT+0000 -- [Repl.bufferWrite(string, ms): setTimeout()]
Nov 11 2018 09:01:50 GMT+0000 -- [emitOutput(output = 
irb(main):013:0> )]
Nov 11 2018 09:01:50 GMT+0000 -- [Repl.bufferWrite(string, ms): setTimeout()]
Nov 11 2018 09:01:51 GMT+0000 -- [socket.on('updateLine', fn)] line: 
Nov 11 2018 09:01:51 GMT+0000 -- [socket.on('execute', fn)] line: , clear: undefined
Nov 11 2018 09:01:51 GMT+0000 -- [Repl.bufferWrite(string = , ms = 10)]
Nov 11 2018 09:01:51 GMT+0000 -- [bufferWrite: concatResult(data = 
irb(main):014:0> )]
Nov 11 2018 09:01:51 GMT+0000 -- [emitOutput(output = 
irb(main):014:0> )]
Nov 11 2018 09:01:51 GMT+0000 -- [socket.on('updateLine', fn)] line: 2
Nov 11 2018 09:01:51 GMT+0000 -- [Repl.bufferWrite(string, ms): setTimeout()]
Nov 11 2018 09:01:51 GMT+0000 -- [socket.on('updateLine', fn)] line: 
Nov 11 2018 09:01:51 GMT+0000 -- [socket.on('execute', fn)] line: 2, clear: undefined
Nov 11 2018 09:01:51 GMT+0000 -- [Repl.bufferWrite(string = 2, ms = 10)]
Nov 11 2018 09:01:51 GMT+0000 -- [bufferWrite: concatResult(data = 2
=> 2
irb(main):015:0> )]
Nov 11 2018 09:01:51 GMT+0000 -- [socket.on('updateLine', fn)] line: 3
Nov 11 2018 09:01:51 GMT+0000 -- [emitOutput(output = 2
=> 2
irb(main):015:0> )]
Nov 11 2018 09:01:51 GMT+0000 -- [Repl.bufferWrite(string, ms): setTimeout()]
Nov 11 2018 09:01:51 GMT+0000 -- [socket.on('updateLine', fn)] line: 33
Nov 11 2018 09:01:51 GMT+0000 -- [socket.on('updateLine', fn)] line: 333
Nov 11 2018 09:01:51 GMT+0000 -- [socket.on('updateLine', fn)] line: 
Nov 11 2018 09:01:51 GMT+0000 -- [socket.on('execute', fn)] line: 333, clear: undefined
Nov 11 2018 09:01:51 GMT+0000 -- [Repl.bufferWrite(string = 333, ms = 10)]
Nov 11 2018 09:01:51 GMT+0000 -- [socket.on('updateLine', fn)] line: 1
Nov 11 2018 09:01:51 GMT+0000 -- [bufferWrite: concatResult(data = 333
=> 333
irb(main):016:0> )]
Nov 11 2018 09:01:51 GMT+0000 -- [socket.on('updateLine', fn)] line: 12
Nov 11 2018 09:01:51 GMT+0000 -- [emitOutput(output = 333
=> 333
irb(main):016:0> )]
Nov 11 2018 09:01:51 GMT+0000 -- [Repl.bufferWrite(string, ms): setTimeout()]
Nov 11 2018 09:01:51 GMT+0000 -- [socket.on('updateLine', fn)] line: 123
Nov 11 2018 09:01:51 GMT+0000 -- [socket.on('updateLine', fn)] line: 
Nov 11 2018 09:01:51 GMT+0000 -- [socket.on('execute', fn)] line: 123, clear: undefined
Nov 11 2018 09:01:51 GMT+0000 -- [Repl.bufferWrite(string = 123, ms = 10)]
Nov 11 2018 09:01:51 GMT+0000 -- [bufferWrite: concatResult(data = 123
=> 123
irb(main):017:0> )]
Nov 11 2018 09:01:51 GMT+0000 -- [emitOutput(output = 123
=> 123
irb(main):017:0> )]
Nov 11 2018 09:01:51 GMT+0000 -- [socket.on('updateLine', fn)] line: 
Nov 11 2018 09:01:51 GMT+0000 -- [socket.on('execute', fn)] line: , clear: undefined
Nov 11 2018 09:01:51 GMT+0000 -- [Repl.bufferWrite(string = , ms = 10)]
Nov 11 2018 09:01:51 GMT+0000 -- [bufferWrite: concatResult(data = 
irb(main):018:0> )]
Nov 11 2018 09:01:51 GMT+0000 -- [Repl.bufferWrite(string, ms): setTimeout()]
Nov 11 2018 09:01:51 GMT+0000 -- [emitOutput(output = 
irb(main):018:0> )]
Nov 11 2018 09:01:51 GMT+0000 -- [Repl.bufferWrite(string, ms): setTimeout()]
Nov 11 2018 09:01:53 GMT+0000 -- [socket.on('updateLine', fn)] line: 
Nov 11 2018 09:01:53 GMT+0000 -- [socket.on('execute', fn)] line: , clear: undefined
Nov 11 2018 09:01:53 GMT+0000 -- [Repl.bufferWrite(string = , ms = 10)]
Nov 11 2018 09:01:53 GMT+0000 -- [bufferWrite: concatResult(data = 
irb(main):019:0> )]
Nov 11 2018 09:01:53 GMT+0000 -- [socket.on('updateLine', fn)] line: y
Nov 11 2018 09:01:53 GMT+0000 -- [emitOutput(output = 
irb(main):019:0> )]
Nov 11 2018 09:01:53 GMT+0000 -- [socket.on('updateLine', fn)] line: y2
Nov 11 2018 09:01:53 GMT+0000 -- [Repl.bufferWrite(string, ms): setTimeout()]
Nov 11 2018 09:01:53 GMT+0000 -- [socket.on('updateLine', fn)] line: 
Nov 11 2018 09:01:53 GMT+0000 -- [socket.on('execute', fn)] line: y2, clear: undefined
Nov 11 2018 09:01:53 GMT+0000 -- [Repl.bufferWrite(string = y2, ms = 10)]
Nov 11 2018 09:01:53 GMT+0000 -- [socket.on('updateLine', fn)] line: 3
Nov 11 2018 09:01:53 GMT+0000 -- [bufferWrite: concatResult(data = y2
Traceback (most recent call last):
        2: from /usr/bin/irb:11:in `<main>'
        1: from (irb):19
NameError (undefined local variable or method `y2' for main:Object)
irb(main):020:0> )]
Nov 11 2018 09:01:53 GMT+0000 -- [emitOutput(output = y2
Traceback (most recent call last):
        2: from /usr/bin/irb:11:in `<main>'
        1: from (irb):19
NameError (undefined local variable or method `y2' for main:Object)
irb(main):020:0> )]
Nov 11 2018 09:01:53 GMT+0000 -- [Repl.bufferWrite(string, ms): setTimeout()]
Nov 11 2018 09:01:53 GMT+0000 -- [socket.on('updateLine', fn)] line: 33
Nov 11 2018 09:01:53 GMT+0000 -- [socket.on('updateLine', fn)] line: 333
Nov 11 2018 09:01:53 GMT+0000 -- [socket.on('updateLine', fn)] line: 
Nov 11 2018 09:01:53 GMT+0000 -- [socket.on('execute', fn)] line: 333, clear: undefined
Nov 11 2018 09:01:53 GMT+0000 -- [Repl.bufferWrite(string = 333, ms = 10)]
Nov 11 2018 09:01:53 GMT+0000 -- [bufferWrite: concatResult(data = 333
=> 333
irb(main):021:0> )]
Nov 11 2018 09:01:53 GMT+0000 -- [socket.on('updateLine', fn)] line: 1
Nov 11 2018 09:01:53 GMT+0000 -- [socket.on('updateLine', fn)] line: 12
Nov 11 2018 09:01:53 GMT+0000 -- [emitOutput(output = 333
=> 333
irb(main):021:0> )]
Nov 11 2018 09:01:53 GMT+0000 -- [Repl.bufferWrite(string, ms): setTimeout()]
Nov 11 2018 09:01:53 GMT+0000 -- [socket.on('updateLine', fn)] line: 123
Nov 11 2018 09:01:53 GMT+0000 -- [socket.on('updateLine', fn)] line: 
Nov 11 2018 09:01:53 GMT+0000 -- [socket.on('execute', fn)] line: 123, clear: undefined
Nov 11 2018 09:01:53 GMT+0000 -- [Repl.bufferWrite(string = 123, ms = 10)]
Nov 11 2018 09:01:53 GMT+0000 -- [bufferWrite: concatResult(data = 123
=> 123
irb(main):022:0> )]
Nov 11 2018 09:01:53 GMT+0000 -- [socket.on('updateLine', fn)] line: 
Nov 11 2018 09:01:53 GMT+0000 -- [emitOutput(output = 123
=> 123
irb(main):022:0> )]
Nov 11 2018 09:01:53 GMT+0000 -- [socket.on('execute', fn)] line: , clear: undefined
Nov 11 2018 09:01:53 GMT+0000 -- [Repl.bufferWrite(string = , ms = 10)]
Nov 11 2018 09:01:53 GMT+0000 -- [bufferWrite: concatResult(data = 
irb(main):023:0> )]
Nov 11 2018 09:01:53 GMT+0000 -- [Repl.bufferWrite(string, ms): setTimeout()]
Nov 11 2018 09:01:53 GMT+0000 -- [emitOutput(output = 
irb(main):023:0> )]
Nov 11 2018 09:01:53 GMT+0000 -- [Repl.bufferWrite(string, ms): setTimeout()]
Nov 11 2018 09:01:54 GMT+0000 -- [socket.on('updateLine', fn)] line: 
Nov 11 2018 09:01:54 GMT+0000 -- [socket.on('execute', fn)] line: , clear: undefined
Nov 11 2018 09:01:54 GMT+0000 -- [Repl.bufferWrite(string = , ms = 10)]
Nov 11 2018 09:01:54 GMT+0000 -- [bufferWrite: concatResult(data = 
irb(main):024:0> )]
Nov 11 2018 09:01:54 GMT+0000 -- [socket.on('updateLine', fn)] line: \
Nov 11 2018 09:01:54 GMT+0000 -- [emitOutput(output = 
irb(main):024:0> )]
Nov 11 2018 09:01:54 GMT+0000 -- [socket.on('updateLine', fn)] line: \2
Nov 11 2018 09:01:54 GMT+0000 -- [Repl.bufferWrite(string, ms): setTimeout()]
Nov 11 2018 09:01:54 GMT+0000 -- [socket.on('updateLine', fn)] line: 
Nov 11 2018 09:01:54 GMT+0000 -- [socket.on('execute', fn)] line: \2, clear: undefined
Nov 11 2018 09:01:54 GMT+0000 -- [Repl.bufferWrite(string = \2, ms = 10)]
Nov 11 2018 09:01:54 GMT+0000 -- [bufferWrite: concatResult(data = \2
irb(main):025:0> )]
Nov 11 2018 09:01:54 GMT+0000 -- [socket.on('updateLine', fn)] line: 3
Nov 11 2018 09:01:54 GMT+0000 -- [emitOutput(output = \2
irb(main):025:0> )]
Nov 11 2018 09:01:54 GMT+0000 -- [Repl.bufferWrite(string, ms): setTimeout()]
Nov 11 2018 09:01:54 GMT+0000 -- [socket.on('updateLine', fn)] line: 33
Nov 11 2018 09:01:54 GMT+0000 -- [socket.on('updateLine', fn)] line: 333
Nov 11 2018 09:01:54 GMT+0000 -- [socket.on('updateLine', fn)] line: 
Nov 11 2018 09:01:54 GMT+0000 -- [socket.on('execute', fn)] line: 333, clear: undefined
Nov 11 2018 09:01:54 GMT+0000 -- [Repl.bufferWrite(string = 333, ms = 10)]
Nov 11 2018 09:01:54 GMT+0000 -- [bufferWrite: concatResult(data = 333
Traceback (most recent call last):
        1: from /usr/bin/irb:11:in `<main>'
SyntaxError ((irb):24: syntax error, unexpected $undefined)
irb(main):026:0> )]
Nov 11 2018 09:01:54 GMT+0000 -- [emitOutput(output = 333
Traceback (most recent call last):
        1: from /usr/bin/irb:11:in `<main>'
SyntaxError ((irb):24: syntax error, unexpected $undefined)
irb(main):026:0> )]
Nov 11 2018 09:01:54 GMT+0000 -- [Repl.bufferWrite(string, ms): setTimeout()]
Nov 11 2018 09:01:54 GMT+0000 -- [socket.on('updateLine', fn)] line: 1
Nov 11 2018 09:01:54 GMT+0000 -- [socket.on('updateLine', fn)] line: 12
Nov 11 2018 09:01:54 GMT+0000 -- [socket.on('updateLine', fn)] line: 123
Nov 11 2018 09:01:54 GMT+0000 -- [socket.on('updateLine', fn)] line: 
Nov 11 2018 09:01:54 GMT+0000 -- [socket.on('execute', fn)] line: 123, clear: undefined
Nov 11 2018 09:01:54 GMT+0000 -- [Repl.bufferWrite(string = 123, ms = 10)]
Nov 11 2018 09:01:54 GMT+0000 -- [socket.on('updateLine', fn)] line: 
Nov 11 2018 09:01:54 GMT+0000 -- [socket.on('execute', fn)] line: , clear: undefined
Nov 11 2018 09:01:54 GMT+0000 -- [Repl.bufferWrite(string = , ms = 10)]
Nov 11 2018 09:01:54 GMT+0000 -- [bufferWrite: concatResult(data = 123
=> 123
irb(main):027:0> )]
Nov 11 2018 09:01:54 GMT+0000 -- [bufferWrite: concatResult(data = 123
=> 123
irb(main):027:0> )]
Nov 11 2018 09:01:54 GMT+0000 -- [bufferWrite: concatResult(data = 
)]
Nov 11 2018 09:01:54 GMT+0000 -- [bufferWrite: concatResult(data = 
)]
Nov 11 2018 09:01:54 GMT+0000 -- [bufferWrite: concatResult(data = irb(main):028:0> )]
Nov 11 2018 09:01:54 GMT+0000 -- [bufferWrite: concatResult(data = irb(main):028:0> )]
Nov 11 2018 09:01:54 GMT+0000 -- [emitOutput(output = 123
=> 123
irb(main):027:0> 
irb(main):028:0> )]
Nov 11 2018 09:01:54 GMT+0000 -- [emitOutput(output = 123
=> 123
irb(main):027:0> 
irb(main):028:0> )]
Nov 11 2018 09:01:54 GMT+0000 -- [Repl.bufferWrite(string, ms): setTimeout()]
Nov 11 2018 09:01:54 GMT+0000 -- [Repl.bufferWrite(string, ms): setTimeout()]
Nov 11 2018 09:01:56 GMT+0000 -- [socket.on('updateLine', fn)] line: 
Nov 11 2018 09:01:56 GMT+0000 -- [socket.on('execute', fn)] line: , clear: undefined
Nov 11 2018 09:01:56 GMT+0000 -- [Repl.bufferWrite(string = , ms = 10)]
Nov 11 2018 09:01:56 GMT+0000 -- [bufferWrite: concatResult(data = 
)]
Nov 11 2018 09:01:56 GMT+0000 -- [bufferWrite: concatResult(data = irb(main):029:0> )]
Nov 11 2018 09:01:56 GMT+0000 -- [emitOutput(output = 
irb(main):029:0> )]
Nov 11 2018 09:01:56 GMT+0000 -- [Repl.bufferWrite(string, ms): setTimeout()]
Nov 11 2018 09:01:57 GMT+0000 -- [socket.on('updateLine', fn)] line: 1
Nov 11 2018 09:01:57 GMT+0000 -- [socket.on('updateLine', fn)] line: 
Nov 11 2018 09:01:57 GMT+0000 -- [socket.on('execute', fn)] line: 1, clear: undefined
Nov 11 2018 09:01:57 GMT+0000 -- [Repl.bufferWrite(string = 1, ms = 10)]
Nov 11 2018 09:01:57 GMT+0000 -- [bufferWrite: concatResult(data = 1
)]
Nov 11 2018 09:01:57 GMT+0000 -- [bufferWrite: concatResult(data = => 1
)]
Nov 11 2018 09:01:57 GMT+0000 -- [bufferWrite: concatResult(data = irb(main):030:0> )]
Nov 11 2018 09:01:57 GMT+0000 -- [emitOutput(output = 1
=> 1
irb(main):030:0> )]
Nov 11 2018 09:01:57 GMT+0000 -- [Repl.bufferWrite(string, ms): setTimeout()]
Nov 11 2018 09:01:58 GMT+0000 -- [socket.on('updateLine', fn)] line: 1
Nov 11 2018 09:01:58 GMT+0000 -- [socket.on('updateLine', fn)] line: 
Nov 11 2018 09:01:58 GMT+0000 -- [socket.on('execute', fn)] line: 1, clear: undefined
Nov 11 2018 09:01:58 GMT+0000 -- [Repl.bufferWrite(string = 1, ms = 10)]
Nov 11 2018 09:01:58 GMT+0000 -- [bufferWrite: concatResult(data = 1
=> 1
irb(main):031:0> )]
Nov 11 2018 09:01:58 GMT+0000 -- [emitOutput(output = 1
=> 1
irb(main):031:0> )]
Nov 11 2018 09:01:58 GMT+0000 -- [Repl.bufferWrite(string, ms): setTimeout()]
Nov 11 2018 09:01:58 GMT+0000 -- [socket.on('updateLine', fn)] line: 1
Nov 11 2018 09:01:58 GMT+0000 -- [socket.on('updateLine', fn)] line: 
Nov 11 2018 09:01:58 GMT+0000 -- [socket.on('execute', fn)] line: 1, clear: undefined
Nov 11 2018 09:01:58 GMT+0000 -- [Repl.bufferWrite(string = 1, ms = 10)]
Nov 11 2018 09:01:58 GMT+0000 -- [bufferWrite: concatResult(data = 1
=> 1
irb(main):032:0> )]
Nov 11 2018 09:01:58 GMT+0000 -- [emitOutput(output = 1
=> 1
irb(main):032:0> )]
Nov 11 2018 09:01:58 GMT+0000 -- [Repl.bufferWrite(string, ms): setTimeout()]
Nov 11 2018 09:01:58 GMT+0000 -- [socket.on('updateLine', fn)] line: 1
Nov 11 2018 09:01:58 GMT+0000 -- [socket.on('updateLine', fn)] line: 
Nov 11 2018 09:01:58 GMT+0000 -- [socket.on('execute', fn)] line: 1, clear: undefined
Nov 11 2018 09:01:58 GMT+0000 -- [Repl.bufferWrite(string = 1, ms = 10)]
Nov 11 2018 09:01:58 GMT+0000 -- [bufferWrite: concatResult(data = 1
=> 1
irb(main):033:0> )]
Nov 11 2018 09:01:58 GMT+0000 -- [emitOutput(output = 1
=> 1
irb(main):033:0> )]
Nov 11 2018 09:01:58 GMT+0000 -- [Repl.bufferWrite(string, ms): setTimeout()]
