> webpack --config webpack.config.js && node server.js

Hash: ec37502f1d3938884f50
Version: webpack 4.25.1
Time: 1420ms
Built at: 11/10/2018 10:16:55 PM
  Asset      Size  Chunks             Chunk Names
main.js  1.55 MiB    main  [emitted]  main
Entrypoint main = main.js
[0] ws (ignored) 15 bytes {main} [optional] [built]
[./node_modules/css-loader/index.js!./src/main.css] ./node_modules/css-loader!./src/main.css 996 bytes {main} [built]
[./node_modules/webpack/buildin/amd-options.js] (webpack)/buildin/amd-options.js 80 bytes {main} [built]
[./node_modules/webpack/buildin/global.js] (webpack)/buildin/global.js 489 bytes {main} [built]
[./node_modules/webpack/buildin/module.js] (webpack)/buildin/module.js 497 bytes {main} [built]
[./node_modules/yjs/src sync recursive] ./node_modules/yjs/src sync 160 bytes {main} [built]
[./src/client.js] 4.68 KiB {main} [built]
[./src/editor.js] 1.55 KiB {main} [built]
[./src/main.css] 1.04 KiB {main} [built]
[./src/term.js] 1.08 KiB {main} [built]
[./src/utils.js] 65 bytes {main} [built]
    + 175 hidden modules
Nov 10 2018 22:16:55 GMT-0800 -- Listening on 3000...
Nov 10 2018 22:16:59 GMT-0800 -- [io.on('connection')] socket: [object Object]
Nov 10 2018 22:16:59 GMT-0800 -- [socket.on('initRepl', fn)] language: ruby
Nov 10 2018 22:16:59 GMT-0800 -- [Repl.kill()]
Nov 10 2018 22:16:59 GMT-0800 -- [Repl.init(language = ruby)]
Nov 10 2018 22:16:59 GMT-0800 -- INITIALIZED irb
Nov 10 2018 22:16:59 GMT-0800 -- [Repl.bufferRead(ms = 400)]
Nov 10 2018 22:16:59 GMT-0800 -- [socket.on('joinRoom', fn)] room: spacecraft-repl
User "L0G5aCy8t0vTfXlHAAAA" joins room "spacecraft-repl"
Nov 10 2018 22:16:59 GMT-0800 -- [getInstanceOfY(room)] room: spacecraft-repl
Nov 10 2018 22:16:59 GMT-0800 -- [socket.on('yjsEvent', fn)] msg: [object Object]
Nov 10 2018 22:16:59 GMT-0800 -- [getInstanceOfY(room)] room: spacecraft-repl
Nov 10 2018 22:16:59 GMT-0800 -- [socket.on('yjsEvent', fn)] msg: [object Object]
Nov 10 2018 22:16:59 GMT-0800 -- [getInstanceOfY(room)] room: spacecraft-repl
Nov 10 2018 22:16:59 GMT-0800 -- [socket.on('yjsEvent', fn)] msg: [object Object]
Nov 10 2018 22:16:59 GMT-0800 -- [getInstanceOfY(room)] room: spacecraft-repl
Nov 10 2018 22:17:00 GMT-0800 -- [bufferRead: concatResult(data = >> )]
Nov 10 2018 22:17:00 GMT-0800 -- [Repl.bufferWrite(string, ms): setTimeout()]
Nov 10 2018 22:17:28 GMT-0800 -- [socket.on('disconnect', fn)] Client disconnected
Nov 10 2018 22:17:28 GMT-0800 -- [socket.on('disconnect', fn)]
Nov 10 2018 22:17:28 GMT-0800 -- [getInstanceOfY(room)] room: spacecraft-repl
Nov 10 2018 22:17:28 GMT-0800 -- 0 clients --> Repl.kill()
Nov 10 2018 22:17:28 GMT-0800 -- [Repl.kill()]
Nov 10 2018 22:17:28 GMT-0800 -- [io.on('connection')] socket: [object Object]
Nov 10 2018 22:17:28 GMT-0800 -- [socket.on('initRepl', fn)] language: ruby
Nov 10 2018 22:17:28 GMT-0800 -- [Repl.kill()]
Nov 10 2018 22:17:28 GMT-0800 -- [Repl.init(language = ruby)]
Nov 10 2018 22:17:28 GMT-0800 -- INITIALIZED irb
Nov 10 2018 22:17:28 GMT-0800 -- [Repl.bufferRead(ms = 400)]
Nov 10 2018 22:17:28 GMT-0800 -- [socket.on('joinRoom', fn)] room: spacecraft-repl
User "5VfCpuOrLVygY5tBAAAB" joins room "spacecraft-repl"
Nov 10 2018 22:17:28 GMT-0800 -- [getInstanceOfY(room)] room: spacecraft-repl
Nov 10 2018 22:17:28 GMT-0800 -- [socket.on('yjsEvent', fn)] msg: [object Object]
Nov 10 2018 22:17:28 GMT-0800 -- [getInstanceOfY(room)] room: spacecraft-repl
Nov 10 2018 22:17:28 GMT-0800 -- [socket.on('yjsEvent', fn)] msg: [object Object]
Nov 10 2018 22:17:28 GMT-0800 -- [getInstanceOfY(room)] room: spacecraft-repl
Nov 10 2018 22:17:28 GMT-0800 -- [socket.on('yjsEvent', fn)] msg: [object Object]
Nov 10 2018 22:17:28 GMT-0800 -- [getInstanceOfY(room)] room: spacecraft-repl
Nov 10 2018 22:17:28 GMT-0800 -- [bufferRead: concatResult(data = >> )]
Nov 10 2018 22:17:29 GMT-0800 -- [Repl.bufferWrite(string, ms): setTimeout()]
Nov 10 2018 22:17:31 GMT-0800 -- [socket.on('updateLine', fn)] line: 1
Nov 10 2018 22:17:31 GMT-0800 -- [socket.on('updateLine', fn)] line: 12
Nov 10 2018 22:17:31 GMT-0800 -- [socket.on('updateLine', fn)] line: 123
Nov 10 2018 22:17:31 GMT-0800 -- [socket.on('updateLine', fn)] line:
Nov 10 2018 22:17:31 GMT-0800 -- [socket.on('execute', fn)] line: 123, clear: undefined
Nov 10 2018 22:17:31 GMT-0800 -- [Repl.bufferWrite(string = 123, ms = 10)]
Nov 10 2018 22:17:31 GMT-0800 -- [bufferWrite: concatResult(data = 123
)]
Nov 10 2018 22:17:31 GMT-0800 -- [bufferWrite: concatResult(data = 123
)]
Nov 10 2018 22:17:31 GMT-0800 -- [bufferWrite: concatResult(data = >> )]
Nov 10 2018 22:17:31 GMT-0800 -- [Repl.bufferWrite(string, ms): setTimeout()]
Nov 10 2018 22:17:31 GMT-0800 -- [emitOutput(output = 123
123
>> )]
Nov 10 2018 22:17:32 GMT-0800 -- [socket.on('updateLine', fn)] line: 1
Nov 10 2018 22:17:33 GMT-0800 -- [socket.on('updateLine', fn)] line:
Nov 10 2018 22:17:33 GMT-0800 -- [socket.on('execute', fn)] line: 1, clear: undefined
Nov 10 2018 22:17:33 GMT-0800 -- [Repl.bufferWrite(string = 1, ms = 10)]
Nov 10 2018 22:17:33 GMT-0800 -- [bufferWrite: concatResult(data = 1
)]
Nov 10 2018 22:17:33 GMT-0800 -- [bufferWrite: concatResult(data = 1
)]
Nov 10 2018 22:17:33 GMT-0800 -- [bufferWrite: concatResult(data = >> )]
Nov 10 2018 22:17:33 GMT-0800 -- [emitOutput(output = 1
1
>> )]
Nov 10 2018 22:17:33 GMT-0800 -- [Repl.bufferWrite(string, ms): setTimeout()]
Nov 10 2018 22:17:34 GMT-0800 -- [socket.on('updateLine', fn)] line: 1
Nov 10 2018 22:17:35 GMT-0800 -- [socket.on('updateLine', fn)] line: 12
Nov 10 2018 22:17:36 GMT-0800 -- [socket.on('updateLine', fn)] line: 123
Nov 10 2018 22:17:37 GMT-0800 -- [socket.on('updateLine', fn)] line: 1233
Nov 10 2018 22:17:37 GMT-0800 -- [socket.on('updateLine', fn)] line:
Nov 10 2018 22:17:37 GMT-0800 -- [socket.on('execute', fn)] line: 1233, clear: undefined
Nov 10 2018 22:17:37 GMT-0800 -- [Repl.bufferWrite(string = 1233, ms = 10)]
Nov 10 2018 22:17:37 GMT-0800 -- [bufferWrite: concatResult(data = 12)]
Nov 10 2018 22:17:37 GMT-0800 -- [bufferWrite: concatResult(data = 33
)]
Nov 10 2018 22:17:37 GMT-0800 -- [bufferWrite: concatResult(data = 1233
)]
Nov 10 2018 22:17:37 GMT-0800 -- [bufferWrite: concatResult(data = >> )]
Nov 10 2018 22:17:37 GMT-0800 -- [emitOutput(output = 1233
1233
>> )]
Nov 10 2018 22:17:37 GMT-0800 -- [Repl.bufferWrite(string, ms): setTimeout()]
Nov 10 2018 22:17:38 GMT-0800 -- [socket.on('updateLine', fn)] line: 3
Nov 10 2018 22:17:38 GMT-0800 -- [socket.on('updateLine', fn)] line: 32
Nov 10 2018 22:17:38 GMT-0800 -- [socket.on('updateLine', fn)] line: 323

